15:27:43 **** Build of configuration CudaVisual for project Arrow_HelloWorld ****
makeCudaVisual.bat all 

[CUDA VISUAL] : all  


nvcc: NVIDIA (R) Cuda compiler driver
Copyright (c) 2005-2013 NVIDIA Corporation
Built on Wed_Jul_10_13:36:45_PDT_2013
Cuda compilation tools, release 5.5, V5.5.0

==================================================================================
[CBI] -> Target Name  : Arrow_HelloWorld_64
[CBI] ->
[CBI] -> Build        : Q:/cedric.bilat/Targets/Arrow_HelloWorld
[CBI] -> Deploy       : ../RELEASE/bin
[CBI] ->
[CBI] -> Type	      : EXE
[CBI] -> Arch	      : 64
[CBI] -> OS	 		  : Win
[CBI] -> User	 	  : cedric.bilat
[CBI] ->
[CBI] -> Task		  : Compiling-Linking !
==================================================================================

[CBI] -> SRC AUX (Recursif) :
[CBI] ->
[CBI] ->              : ../API_CppTest/INC
[CBI] ->              : ../API_CppTest/LIB_STATIC/visual

[CBI] -> CXXFLAGS (Partial) :
[CBI] ->
[CBI] ->              : /MD
[CBI] ->              : /Ox

[CBI] -> CXXLDFLAGS (Partial) :
[CBI] ->
[CBI] ->              : /NODEFAULTLIB:LIBCMT

[CBI] -> NVCCFLAGS (Partial) :
[CBI] ->
[CBI] ->              : --fmad=true
[CBI] ->              : -gencode
[CBI] ->              : -m64
[CBI] ->              : -use_fast_math
[CBI] ->              : arch=compute_20,code=sm_20
[CBI] ->              : arch=compute_30,code=sm_30
[CBI] ->              : arch=compute_35,code=sm_35

[CBI] -> NVCCLDFLAGS (Partial) :
[CBI] ->


debug : compil cpp : nvcc -gencode arch=compute_20,code=sm_20 -gencode arch=compute_30,code=sm_30 -gencode arch=compute_35,code=sm_35 -m64 -use_fast_math --fmad=true -Isrc -Isrc/01_specification -Isrc/01_specification/arm -Isrc/01_specification/fpga -Isrc/01_specification/gpu -Isrc/02_factory -Isrc/03_bouchon -Isrc/03_bouchon/arm -Isrc/03_bouchon/fpga -Isrc/04_implementation -Isrc/04_implementation/arm -Isrc/04_implementation/fpga -Isrc/04_implementation/gpu -Isrc/05_example_pipeline -Isrc/05_example_pipeline/01_exemple1 -I../API_CppTest/INC -I../API_CppTest/LIB_STATIC/visual -odir Q:/cedric.bilat/Targets/Arrow_HelloWorld/obj -Xcompiler  /MD /Ox			    -c src/main.cpp -o Q:/cedric.bilat/Targets/Arrow_HelloWorld/obj/main.obj
[Arrow_HelloWorld_64] -> cl compiling .cpp : src/main.cpp
[Arrow_HelloWorld_64] -> nvcc compiling .cu : src/03_bouchon/arm/ARM_Bouchon.cu
[Arrow_HelloWorld_64] -> nvcc compiling .cu : src/03_bouchon/fpga/FPGA_Bouchon.cu
[Arrow_HelloWorld_64] -> nvcc compiling .cu : src/04_implementation/gpu/GPU.cu
[Arrow_HelloWorld_64] -> nvcc compiling .cu : src/05_example_pipeline/01_exemple1/Pipeline1.cu

[CBI] -> Linking to   : Q:/cedric.bilat/Targets/Arrow_HelloWorld/bin/Arrow_HelloWorld_64.exe

[CBI] -> Library Link :
[CBI] ->
[CBI] ->              : -lCpp_Test64

   Creating library Q:/cedric.bilat/Targets/Arrow_HelloWorld/bin/Arrow_HelloWorld_64.lib and object Q:/cedric.bilat/Targets/Arrow_HelloWorld/bin/Arrow_HelloWorld_64.exp

==================================================================================
[CBI] -> Target Name  : Arrow_HelloWorld_64
[CBI] -> Location     : Q:/cedric.bilat/Targets/Arrow_HelloWorld/bin/Arrow_HelloWorld_64.exe
[CBI] -> Deploy 	  : ../RELEASE/bin
[CBI] ->
[CBI] -> Type	 	  : EXE
[CBI] -> Arch	 	  : 64
[CBI] -> OS	 	      : Win
[CBI] -> User	 	  : cedric.bilat
[CBI] ->
[CBI] -> Compilateur  : VISUAL (cl) && NVIDIA (nvcc)
[CBI] -> Task		  : End Compiling-Linking !
[CBI] -> Time	      : 15:28:18
==================================================================================


[CBI] -> Deploying    : ../RELEASE/bin/Arrow_HelloWorld_64.exe

[CBI] -> Arrow_HelloWorld_64   : End ALL!

15:28:19 Build Finished (took 36s.80ms)

