20:45:37 **** Build of configuration MinGW for project BilatUtilCPP ****
"..\\BUILDER\\makefile\\private\\makeLauncher\\win\\makeMinGW.bat" all 

[MINGW]

Set MinGW environement x64
 
g++ (rubenvb-4.7.2-release) 4.7.2
Copyright (C) 2012 Free Software Foundation, Inc.
This is free software; see the source for copying conditions.  There is NO
warranty; not even for MERCHANTABILITY or FITNESS FOR A PARTICULAR PURPOSE.


==================================================================================
[CBI]->Target Name	: BilatUtilCPP64
[CBI]->Type	 		: EXE
[CBI]->Arch	 		: 64
[CBI]->OS	 		: Win
[CBI]->User	 		: bilat
[CBI]->Location 	: Q:/bilat/Targets/BilatUtilCPP/bin/BilatUtilCPP64.exe
[CBI]->Deploy 		: ../Deploy/bin
[CBI]->Compilateur 	: MINGW [CXX=g++]
[CBI]->Task			: Start Compiling-Linking !
[CBI]->Time			: 20:45:37
==================================================================================

[CBI]->compiling .cpp : src/main.cpp
[CBI]->compiling .cpp : src/core/utils/cpp/vectorTools.cpp
[CBI]->compiling .cpp : src/core/utils/cpp/tab1DTools.cpp
[CBI]->compiling .cpp : src/core/utils/cpp/histo.cpp
[CBI]->compiling .cpp : src/core/utils/cpp/rawMajorTools.cpp
[CBI]->compiling .cpp : src/core/utils/cpp/tab2DTools.cpp
[CBI]->compiling .cpp : src/test/mainTest.cpp
[CBI]->compiling .cpp : src/test/cpp/TestTab2DJunit.cpp
[CBI]->compiling .cpp : ../BilatToolsCPP/src/core/tools/cpp/StringTools.cpp
[CBI]->compiling .cpp : ../BilatToolsCPP/src/core/tools/cpp/Chronos.cpp
[CBI]->compiling .cpp : ../BilatToolsCPP/src/core/tools/cpp/AleaTools.cpp
[CBI]->compiling .cpp : ../BilatToolsCPP/src/core/tools/cpp/LimitsTools.cpp
[CBI]->compiling .cpp : ../BilatToolsCPP/src/core/tools/cpp/VariateurF.cpp
[CBI]->compiling .cpp : ../BilatToolsCPP/src/core/tools/cpp/VariateurI.cpp
[CBI]->compiling .cpp : ../BilatToolsCPP/src/core/tools/cpp/MathTools.cpp

[CBI]->linking to Q:/bilat/Targets/BilatUtilCPP/bin/BilatUtilCPP64.exe

==================================================================================
[CBI]->Target Name	: BilatUtilCPP64
[CBI]->Type	 		: EXE
[CBI]->Arch	 		: 64
[CBI]->OS	 		: Win
[CBI]->User	 		: bilat
[CBI]->Location 	: Q:/bilat/Targets/BilatUtilCPP/bin/BilatUtilCPP64.exe
[CBI]->Deploy 		: ../Deploy/bin
[CBI]->Compilateur 	: MINGW [CXX=g++]
[CBI]->Task			: End Compiling-Linking !
[CBI]->Time			: 20:45:41
==================================================================================


[CBI]->Deploying  : ../Deploy/bin/BilatUtilCPP64.exe

[CBI]->Q:/bilat/Targets/BilatUtilCPP/bin/BilatUtilCPP64.exe : End ALL!

20:45:42 Build Finished (took 5s.59ms)

