20:46:10 **** Build of configuration MinGW for project BilatToolsOpenMP ****
"..\\BUILDER\\makefile\\private\\makeLauncher\\win\\makeMinGW.bat" all 

[MINGW]

Set MinGW environement x64
 
g++ (rubenvb-4.7.2-release) 4.7.2
Copyright (C) 2012 Free Software Foundation, Inc.
This is free software; see the source for copying conditions.  There is NO
warranty; not even for MERCHANTABILITY or FITNESS FOR A PARTICULAR PURPOSE.


==================================================================================
[CBI]->Target Name	: BilatToolsOpenMP64
[CBI]->Type	 		: STATIC_LIB
[CBI]->Arch	 		: 64
[CBI]->OS	 		: Win
[CBI]->User	 		: bilat
[CBI]->Location 	: Q:/bilat/Targets/BilatToolsOpenMP/bin/libBilatToolsOpenMP64.a
[CBI]->Deploy 		: ../Deploy/bin
[CBI]->Compilateur 	: MINGW [CXX=g++]
[CBI]->Task			: Start Compiling-Linking !
[CBI]->Time			: 20:46:10
==================================================================================

[CBI]->compiling .cpp : src/core/openMPTools/cpp/OmpTools.cpp

[CBI]->linking to Q:/bilat/Targets/BilatToolsOpenMP/bin/libBilatToolsOpenMP64.a
ar: creating Q:/bilat/Targets/BilatToolsOpenMP/bin/libBilatToolsOpenMP64.a
../BUILDER/makefile/private/cpp/cpp.mk:148: recipe for target `Q:/bilat/Targets/BilatToolsOpenMP/bin/libBilatToolsOpenMP64.a' failed
ar: rv: No such file or directory
make: *** [Q:/bilat/Targets/BilatToolsOpenMP/bin/libBilatToolsOpenMP64.a] Error 1

20:46:10 Build Finished (took 688ms)

