14:51:41 **** Build of configuration GCC_ARM_parallel for project BilatTools_V4L_Linux ****
cbicc gcc arm jall 

--------------------------------------------------------
Cross Compilation 		       
--------------------------------------------------------

PLATFORME = jetson
API       = /opt/arm/jetson

--------------------------------------------------------
[Runtime] : gcc arm
--------------------------------------------------------



[cuda]        : /opt/api/ext/cuda

[jni]         : /opt/api/ext/jni/java-8-openjdk-arm64

[X11]         : /usr/include/X11
[X11]         : 

[MKL]         : /opt/intel/mkl

[boost]       : /opt/api/ext/boost

[opencv]      : /opt/api/ext/opencv
[opencv]      : RPATH_LINK : /opt/api/ext/cuda/cuda-8.0/lib/gcc_arm:/opt/arm/L4T_1604_2801/usr_lib

[cpptest]     : /opt/api/ext/cpptest

[gphoto2]     : /opt/api/ext/gphoto2

[urg]         : /opt/api/ext/urg

[wic]         : /opt/api/ext/wic 


[pleora]      : /opt/api/ext/pleora

[glm]      : /opt/api/ext/GLM

[Runtime] : BILAT_INFOGRAPHIE           /opt/api/cbi/infographie

     BILAT_TOOLS_JST_HOME             = /opt/api/cbi/infographie/tools
     BILAT_OPENGL_HOME                = /opt/api/cbi/infographie/opengl
     BILAT_FENETRAGE_HOME             = /opt/api/cbi/infographie/fenetrage
     BILAT_IMAGE_HOME                 = /opt/api/cbi/infographie/image
     BILAT_SCENE_3D_HOME              = /opt/api/cbi/infographie/scene3d

[Runtime] : BILAT_TOOLS                 /opt/api/cbi/tools

     BILAT_TOOLS_CPP_HOME             = /opt/api/cbi/tools/bilat_tools_cpp
     BILAT_TOOLS_OMP_HOME             = /opt/api/cbi/tools/bilat_tools_omp
     BILAT_TOOLS_CUDA_HOME            = /opt/api/cbi/tools/bilat_tools_cuda
     BILAT_TOOLS_MKL_HOME             = /opt/api/cbi/tools/bilat_tools_mkl
     BILAT_TOOLS_OPENCV_HOME          = /opt/api/cbi/tools/bilat_tools_opencv
     BILAT_TOOLS_V4L_HOME             = /opt/api/cbi/tools/bilat_tools_v4l
     BILAT_TOOLS_CUDA_IMAGE_HOME      = /opt/api/cbi/tools/bilat_tools_cuda_image
     BILAT_TOOLS_CUDA_IMAGE_CV_HOME   = /opt/api/cbi/tools/bilat_tools_cuda_image_cv
     BILAT_TOOLS_IMAGE_HOME           = /opt/api/cbi/tools/bilat_tools_image
     BILAT_TOOLS_IMAGE_CV_HOME        = /opt/api/cbi/tools/bilat_tools_image_cv
     BILAT_TOOLS_CUDA_3D_HOME         = /opt/api/cbi/tools/bilat_tools_cuda_3D
     BILAT_TOOLS_JNI_HOME             = /opt/api/cbi/tools/bilat_tools_jni

[Runtime] : BILAT_CAPTEUR               /opt/api/cbi/capteur

     BILAT_GPHOTO2_HOME                 = /opt/api/cbi/capteur/bilat_gphoto2
     BILAT_LASER_HOME                   = /opt/api/cbi/capteur/bilat_laser
     BILAT_LIDAR_HOME                   = /opt/api/cbi/capteur/bilat_lidar
     BILAT_TAU2_HOME                    = /opt/api/cbi/capteur/bilat_tau2
     BILAT_SPEECH_HOME                  = /opt/api/cbi/capteur/bilat_speech
     BILAT_GPS_HOME                     = /opt/api/cbi/capteur/bilat_gps
     BILAT_PIPES_P2P_HOME               = /opt/api/cbi/capteur/bilat_pipes_p2p
     BILAT_PIPES_CLIENT_HOME            = /opt/api/cbi/capteur/bilat_pipes_client
     BILAT_PIPES_CLIENT_SERVER_JAVA_HOME= /opt/api/cbi/capteur/bilat_pipes_client_server_java

--------------------------------------------------------
[Runtime] : gcc arm : Ready!
--------------------------------------------------------


find: ‘/opt/api/cbi/tools/bilat_tools_cpp/303_006/INC’: No such file or directory
aarch64-linux-gnu-g++-5 (Ubuntu/Linaro 5.4.0-6ubuntu1~16.04.4) 5.4.0 20160609
Copyright (C) 2015 Free Software Foundation, Inc.
This is free software; see the source for copying conditions.  There is NO
warranty; not even for MERCHANTABILITY or FITNESS FOR A PARTICULAR PURPOSE.


[Make] : GCC : jall

find: ‘/opt/api/cbi/tools/bilat_tools_opencv/303_006/INC’: No such file or directory
find: ‘/opt/api/cbi/tools/bilat_tools_cpp/303_006/BIN/gcc_arm’: No such file or directory
find: ‘/opt/api/cbi/tools/bilat_tools_opencv/303_006/BIN/gcc_arm’: No such file or directory
find: ‘/opt/api/cbi/tools/bilat_tools_cpp/303_006/BIN/gcc_arm’: No such file or directory
find: ‘/opt/api/cbi/tools/bilat_tools_opencv/303_006/BIN/gcc_arm’: No such file or directory
==================================================================================
[CBI] -> Target Name  : BilatTools_V4L_gcc_ARM_64
[CBI] ->
[CBI] -> Build     	  : /tmp/ramdrive/bilat/Targets/BilatTools_V4L/bin/libBilatTools_V4L_gcc_ARM_64.so
[CBI] -> Deploy       : ../RELEASE/bin
[CBI] ->
[CBI] -> Type	 	  : SHARED_LIB
[CBI] -> Arch	 	  : ARM_64
[CBI] -> OS	 		  : Linux
[CBI] -> User	 	  : bilat
[CBI] ->
[CBI] -> Task		  : Compiling-Linking
==================================================================================

[CBI] -> SRC AUX (Recursif) :
[CBI] ->

[CBI] -> CXXFLAGS (Partial) :
[CBI] ->
[CBI] ->              : -O3
[CBI] ->              : -fPIC
[CBI] ->              : -fopenmp
[CBI] ->              : -std=c++11

[CBI] -> LDFLAGS (Partial) :
[CBI] ->
[CBI] ->              : -Xlinker
[CBI] ->              : -shared

[CBI] -> INC_PATH (auto detect):
[CBI] ->              : src/core/01_basNiveau/header/
[CBI] ->              : src/core/02_tools/tools/
[CBI] ->              : src/core/03_api/api/
[CBI] ->              : src/core/03_api/api/RGBA/
[CBI] ->              : src/core/03_api/api/grayscale/

[CBI] -> LIB_PATH (auto detect):

[CBI] -> API_INC :
[CBI] ->              : /opt/api/ext/opencv_cuda/2413/include
[CBI] ->              : /opt/api/ext/opencv_cuda/2413/include/opencv
[CBI] ->              : /opt/api/ext/opencv_cuda/2413/include/opencv2
[CBI] ->              : /opt/api/ext/opencv_cuda/2413/include/opencv2/calib3d
[CBI] ->              : /opt/api/ext/opencv_cuda/2413/include/opencv2/contrib
[CBI] ->              : /opt/api/ext/opencv_cuda/2413/include/opencv2/core
[CBI] ->              : /opt/api/ext/opencv_cuda/2413/include/opencv2/detection_based_tracker
[CBI] ->              : /opt/api/ext/opencv_cuda/2413/include/opencv2/esm_panorama
[CBI] ->              : /opt/api/ext/opencv_cuda/2413/include/opencv2/facedetect
[CBI] ->              : /opt/api/ext/opencv_cuda/2413/include/opencv2/features2d
[CBI] ->              : /opt/api/ext/opencv_cuda/2413/include/opencv2/flann
[CBI] ->              : /opt/api/ext/opencv_cuda/2413/include/opencv2/gpu
[CBI] ->              : /opt/api/ext/opencv_cuda/2413/include/opencv2/gpu/device
[CBI] ->              : /opt/api/ext/opencv_cuda/2413/include/opencv2/gpu/device/detail
[CBI] ->              : /opt/api/ext/opencv_cuda/2413/include/opencv2/highgui
[CBI] ->              : /opt/api/ext/opencv_cuda/2413/include/opencv2/imgproc
[CBI] ->              : /opt/api/ext/opencv_cuda/2413/include/opencv2/imuvstab
[CBI] ->              : /opt/api/ext/opencv_cuda/2413/include/opencv2/imuvstab/detail
[CBI] ->              : /opt/api/ext/opencv_cuda/2413/include/opencv2/legacy
[CBI] ->              : /opt/api/ext/opencv_cuda/2413/include/opencv2/ml
[CBI] ->              : /opt/api/ext/opencv_cuda/2413/include/opencv2/objdetect
[CBI] ->              : /opt/api/ext/opencv_cuda/2413/include/opencv2/photo
[CBI] ->              : /opt/api/ext/opencv_cuda/2413/include/opencv2/stitching
[CBI] ->              : /opt/api/ext/opencv_cuda/2413/include/opencv2/stitching/detail
[CBI] ->              : /opt/api/ext/opencv_cuda/2413/include/opencv2/superres
[CBI] ->              : /opt/api/ext/opencv_cuda/2413/include/opencv2/tegra
[CBI] ->              : /opt/api/ext/opencv_cuda/2413/include/opencv2/ts
[CBI] ->              : /opt/api/ext/opencv_cuda/2413/include/opencv2/video
[CBI] ->              : /opt/api/ext/opencv_cuda/2413/include/opencv2/videostab
[CBI] ->              : /opt/api/ext/opencv_cuda/2413/include/opencv2/vstab

[CBI] -> API_BIN :
[CBI] ->              : /opt/api/ext/opencv_cuda/2413/lib

[CBI] -> API_LIBRARIES_STATIC :

[CBI] -> API_LIBRARIES :
[CBI] ->              : opencv_calib3d
[CBI] ->              : opencv_contrib
[CBI] ->              : opencv_core
[CBI] ->              : opencv_detection_based_tracker
[CBI] ->              : opencv_esm_panorama
[CBI] ->              : opencv_facedetect
[CBI] ->              : opencv_features2d
[CBI] ->              : opencv_flann
[CBI] ->              : opencv_gpu
[CBI] ->              : opencv_highgui
[CBI] ->              : opencv_imgproc
[CBI] ->              : opencv_imuvstab
[CBI] ->              : opencv_legacy
[CBI] ->              : opencv_ml
[CBI] ->              : opencv_objdetect
[CBI] ->              : opencv_photo
[CBI] ->              : opencv_stitching
[CBI] ->              : opencv_superres
[CBI] ->              : opencv_tegra
[CBI] ->              : opencv_video
[CBI] ->              : opencv_videostab
[CBI] ->              : opencv_vstab

[CBI] -> Create folder : /tmp/ramdrive/bilat/Targets/BilatTools_V4L/bin
[CBI] -> Create folder : /tmp/ramdrive/bilat/Targets/BilatTools_V4L/obj

[CBI] -> Compilation parallel (12 threads)

find: ‘/opt/api/cbi/tools/bilat_tools_cpp/303_006/INC’: No such file or directory
find: ‘/opt/api/cbi/tools/bilat_tools_opencv/303_006/INC’: No such file or directory
find: ‘/opt/api/cbi/tools/bilat_tools_cpp/303_006/BIN/gcc_arm’: No such file or directory
find: ‘/opt/api/cbi/tools/bilat_tools_opencv/303_006/BIN/gcc_arm’: No such file or directory
find: ‘/opt/api/cbi/tools/bilat_tools_cpp/303_006/BIN/gcc_arm’: No such file or directory
find: ‘/opt/api/cbi/tools/bilat_tools_opencv/303_006/BIN/gcc_arm’: No such file or directory
[BilatTools_V4L_gcc_ARM_64] -> g++ARM compiling .cpp : src/main.cpp
[BilatTools_V4L_gcc_ARM_64] -> g++ARM compiling .cpp : src/core/02_tools/use/useTools.cpp
[BilatTools_V4L_gcc_ARM_64] -> g++ARM compiling .cpp : src/core/02_tools/use/useToolsRGBA.cpp
[BilatTools_V4L_gcc_ARM_64] -> g++ARM compiling .cpp : src/core/02_tools/use/useToolsGrayscale.cpp
[BilatTools_V4L_gcc_ARM_64] -> g++ARM compiling .cpp : src/core/02_tools/tools/V4LTools.cpp
[BilatTools_V4L_gcc_ARM_64] -> g++ARM compiling .cpp : src/core/03_api/api/V4LCapture_A.cpp
[BilatTools_V4L_gcc_ARM_64] -> g++ARM compiling .cpp : src/core/03_api/api/grayscale/V4LCaptureGrayScale.cpp
[BilatTools_V4L_gcc_ARM_64] -> g++ARM compiling .cpp : src/core/03_api/api/RGBA/V4LCaptureRGBA.cpp
[BilatTools_V4L_gcc_ARM_64] -> g++ARM compiling .cpp : src/core/01_basNiveau/c/capture.cpp
[BilatTools_V4L_gcc_ARM_64] -> g++ARM compiling .cpp : src/core/01_basNiveau/c/gray.cpp
[BilatTools_V4L_gcc_ARM_64] -> g++ARM compiling .cpp : src/core/01_basNiveau/c/yuv.cpp
[BilatTools_V4L_gcc_ARM_64] -> g++ARM compiling .cpp : src/core/01_basNiveau/c/video_device.cpp
In file included from src/core/03_api/api/grayscale/V4LCaptureGrayScale.h:3:0,
                 from src/core/03_api/api/grayscale/V4LCaptureGrayScale.cpp:1:
src/core/03_api/api/V4LCapture_A.h:3:23: fatal error: Capture_I.h: No such file or directory
../BUILDER/makefile/private/cpp/rules.mk:129: recipe for target '/tmp/ramdrive/bilat/Targets/BilatTools_V4L/obj/V4LCaptureRGBA.o' failed
 #include "Capture_I.h"
                       ^
../BUILDER/makefile/private/cpp/rules.mk:129: recipe for target '/tmp/ramdrive/bilat/Targets/BilatTools_V4L/obj/V4LCaptureGrayScale.o' failed
In file included from src/core/03_api/api/RGBA/V4LCaptureRGBA.h:3:0,
                 from src/core/03_api/api/RGBA/V4LCaptureRGBA.cpp:1:
src/core/03_api/api/V4LCapture_A.h:3:23: fatal error: Capture_I.h: No such file or directory
 #include "Capture_I.h"
                       ^
compilation terminated.
make[1]: *** [/tmp/ramdrive/bilat/Targets/BilatTools_V4L/obj/V4LCaptureRGBA.o] Error 1
make[1]: *** Waiting for unfinished jobs....
compilation terminated.
make[1]: *** [/tmp/ramdrive/bilat/Targets/BilatTools_V4L/obj/V4LCaptureGrayScale.o] Error 1
In file included from src/core/03_api/api/V4LCapture_A.cpp:3:0:
src/core/03_api/api/V4LCapture_A.h:3:23: fatal error: Capture_I.h: No such file or directory
 #include "Capture_I.h"
                       ^
compilation terminated.
make[1]: *** [/tmp/ramdrive/bilat/Targets/BilatTools_V4L/obj/V4LCapture_A.o] Error 1
../BUILDER/makefile/private/cpp/rules.mk:129: recipe for target '/tmp/ramdrive/bilat/Targets/BilatTools_V4L/obj/V4LCapture_A.o' failed
src/core/02_tools/use/useToolsGrayscale.cpp:7:25: fatal error: OpencvTools.h: No such file or directory
 #include "OpencvTools.h"
                         ^
compilation terminated.
../BUILDER/makefile/private/cpp/rules.mk:129: recipe for target '/tmp/ramdrive/bilat/Targets/BilatTools_V4L/obj/useToolsGrayscale.o' failed
make[1]: *** [/tmp/ramdrive/bilat/Targets/BilatTools_V4L/obj/useToolsGrayscale.o] Error 1
src/core/02_tools/use/useToolsRGBA.cpp:7:25: fatal error: OpencvTools.h: No such file or directory
 #include "OpencvTools.h"
                         ^
compilation terminated.
make[1]: *** [/tmp/ramdrive/bilat/Targets/BilatTools_V4L/obj/useToolsRGBA.o] Error 1
../BUILDER/makefile/private/cpp/rules.mk:129: recipe for target '/tmp/ramdrive/bilat/Targets/BilatTools_V4L/obj/useToolsRGBA.o' failed
../BUILDER/makefile/private/cpp/parallel.mk:53: recipe for target 'jall' failed
make: *** [jall] Error 2

14:51:42 Build Finished (took 629ms)

