20:46:29 **** Build of configuration MinGW for project BilatToolsOpenCV ****
"..\\BUILDER\\makefile\\private\\makeLauncher\\win\\makeMinGW.bat" all 

[MINGW]

Set MinGW environement x64
 
g++ (rubenvb-4.7.2-release) 4.7.2
Copyright (C) 2012 Free Software Foundation, Inc.
This is free software; see the source for copying conditions.  There is NO
warranty; not even for MERCHANTABILITY or FITNESS FOR A PARTICULAR PURPOSE.


==================================================================================
[CBI]->Target Name	: BilatToolsOpenCV64
[CBI]->Type	 		: STATIC_LIB
[CBI]->Arch	 		: 64
[CBI]->OS	 		: Win
[CBI]->User	 		: bilat
[CBI]->Location 	: Q:/bilat/Targets/BilatToolsOpenCV/bin/libBilatToolsOpenCV64.a
[CBI]->Deploy 		: ../Deploy/bin
[CBI]->Compilateur 	: MINGW [CXX=g++]
[CBI]->Task			: Start Compiling-Linking !
[CBI]->Time			: 20:46:30
==================================================================================

[CBI]->compiling .cpp : src/core/capture/cpp/Capture_A.cpp
[CBI]->compiling .cpp : src/core/capture/cpp/CaptureVideo.cpp
[CBI]->compiling .cpp : src/core/capture/cpp/CaptureCamera.cpp
[CBI]->compiling .cpp : src/core/tuto/tuto.cpp
[CBI]->compiling .cpp : src/core/viewer/image/ImageViever.cpp
[CBI]->compiling .cpp : src/core/viewer/sequence/SequenceViever.cpp
[CBI]->compiling .cpp : ../BilatToolsCPP/src/core/tools/cpp/StringTools.cpp
[CBI]->compiling .cpp : ../BilatToolsCPP/src/core/tools/cpp/Chronos.cpp
[CBI]->compiling .cpp : ../BilatToolsCPP/src/core/tools/cpp/AleaTools.cpp
[CBI]->compiling .cpp : ../BilatToolsCPP/src/core/tools/cpp/LimitsTools.cpp
[CBI]->compiling .cpp : ../BilatToolsCPP/src/core/tools/cpp/VariateurF.cpp
[CBI]->compiling .cpp : ../BilatToolsCPP/src/core/tools/cpp/VariateurI.cpp
[CBI]->compiling .cpp : ../BilatToolsCPP/src/core/tools/cpp/MathTools.cpp

[CBI]->linking to Q:/bilat/Targets/BilatToolsOpenCV/bin/libBilatToolsOpenCV64.a
ar: creating Q:/bilat/Targets/BilatToolsOpenCV/bin/libBilatToolsOpenCV64.a
../BUILDER/makefile/private/cpp/cpp.mk:148: recipe for target `Q:/bilat/Targets/BilatToolsOpenCV/bin/libBilatToolsOpenCV64.a' failed
ar: rv: No such file or directory
make: *** [Q:/bilat/Targets/BilatToolsOpenCV/bin/libBilatToolsOpenCV64.a] Error 1

20:46:37 Build Finished (took 8s.507ms)

