15:39:17 **** Incremental Build of configuration CudaGCC_parallel for project BilatTools_Cuda_Image ****
cbicc cuda jall 

--------------------------------------------------------
[Runtime] : gcc x86
--------------------------------------------------------


[cuda]        : /usr/local

[jni]         : /usr/lib/jvm/java-8-oracle

[X11]         : /usr/include/X11

[MKL]         : /opt/intel/mkl

[boost]       : /opt/api/ext/boost

[opencv]      : /opt/api/ext/opencv

[cpptest]     : /opt/api/ext/cpptest

[gphoto2]     : /opt/api/ext/gphoto2

[urg]         : /opt/api/ext/urg

[wic]         : /opt/api/ext/wic 

[pleora]      : /opt/api/ext/pleora

[glm]      : /opt/api/ext/GLM

[Runtime] : BILAT_INFOGRAPHIE           /opt/api/cbi/infographie

     BILAT_TOOLS_JST_HOME             = /opt/api/cbi/infographie/tools
     BILAT_OPENGL_HOME                = /opt/api/cbi/infographie/opengl
     BILAT_FENETRAGE_HOME             = /opt/api/cbi/infographie/fenetrage
     BILAT_IMAGE_HOME                 = /opt/api/cbi/infographie/image
     BILAT_SCENE_3D_HOME              = /opt/api/cbi/infographie/scene3d

[Runtime] : BILAT_TOOLS                 /opt/api/cbi/tools

     BILAT_TOOLS_CPP_HOME             = /opt/api/cbi/tools/bilat_tools_cpp
     BILAT_TOOLS_OMP_HOME             = /opt/api/cbi/tools/bilat_tools_omp
     BILAT_TOOLS_CUDA_HOME            = /opt/api/cbi/tools/bilat_tools_cuda
     BILAT_TOOLS_MKL_HOME             = /opt/api/cbi/tools/bilat_tools_mkl
     BILAT_TOOLS_OPENCV_HOME          = /opt/api/cbi/tools/bilat_tools_opencv
     BILAT_TOOLS_V4L_HOME             = /opt/api/cbi/tools/bilat_tools_v4l
     BILAT_TOOLS_CUDA_IMAGE_HOME      = /opt/api/cbi/tools/bilat_tools_cuda_image
     BILAT_TOOLS_CUDA_IMAGE_CV_HOME   = /opt/api/cbi/tools/bilat_tools_cuda_image_cv
     BILAT_TOOLS_IMAGE_HOME           = /opt/api/cbi/tools/bilat_tools_image
     BILAT_TOOLS_IMAGE_CVHOME         = /opt/api/cbi/tools/bilat_tools_image_cv

[Runtime] : BILAT_CAPTEUR               /opt/api/cbi/capteur

     BILAT_GPHOTO2_HOME               = /opt/api/cbi/capteur/bilat_gphoto2
     BILAT_LASER_HOME                 = /opt/api/cbi/capteur/bilat_laser
     BILAT_LIDAR_HOME                 = /opt/api/cbi/capteur/bilat_lidar
     BILAT_TAU2_HOME                  = /opt/api/cbi/capteur/bilat_tau2
     BILAT_SPEECH_HOME                = /opt/api/cbi/capteur/bilat_speech
     BILAT_GPS_HOME                   = /opt/api/cbi/capteur/bilat_gps
     BILAT_PIPES_HOME                 = /opt/api/cbi/capteur/bilat_pipes

--------------------------------------------------------
[Runtime] : gcc x86 : Ready!
--------------------------------------------------------


g++ (Ubuntu 4.8.4-2ubuntu1~14.04.3) 4.8.4
Copyright (C) 2013 Free Software Foundation, Inc.
This is free software; see the source for copying conditions.  There is NO
warranty; not even for MERCHANTABILITY or FITNESS FOR A PARTICULAR PURPOSE.


nvcc: NVIDIA (R) Cuda compiler driver
Copyright (c) 2005-2016 NVIDIA Corporation
Built on Sun_Sep__4_22:14:01_CDT_2016
Cuda compilation tools, release 8.0, V8.0.44


[CUDA GCC] : jall


==================================================================================
[CBI] -> Target Name  : BilatTools_Cuda_Image_303_006_cuda_80_x86_64
[CBI] ->
[CBI] -> Build        : /tmp/ramdrive/bilat/Targets/BilatTools_Cuda_Image_303_006/bin/libBilatTools_Cuda_Image_303_006_cuda_80_x86_64.so
[CBI] -> Deploy       : ../RELEASE/bin
[CBI] ->
[CBI] -> Type	      : SHARED_LIB
[CBI] -> Arch	      : x86_64
[CBI] -> OS	 		  : Linux
[CBI] -> User	 	  : bilat
[CBI] ->
[CBI] -> Task		  : Compiling-Linking !
==================================================================================

[CBI] -> SRC AUX (Recursif) :
[CBI] ->
[CBI] ->              : /opt/api/ext/cpptest/112/LIB_STATIC/gcc

[CBI] -> CXXFLAGS (Partial) :
[CBI] ->
[CBI] ->              : -fPIC
[CBI] ->              : -fopenmp
[CBI] ->              : -std=c++11
[CBI] ->              : -O3
[CBI] ->              : -frerun-loop-opt
[CBI] ->              : -fomit-frame-pointer

[CBI] -> CXXLDFLAGS (Partial) :
[CBI] ->

[CBI] -> NVCCFLAGS (Partial) :
[CBI] ->
[CBI] ->              : --fmad=true
[CBI] ->              : -arch=sm_52
[CBI] ->              : -m64
[CBI] ->              : -std=c++11
[CBI] ->              : -use_fast_math

[CBI] -> NVCCLDFLAGS (Partial) :
[CBI] ->
[CBI] ->              : -arch=sm_52
[CBI] ->              : -shared

[CBI] -> INC_PATH (auto detect):
[CBI] ->              : src/core/tools/
[CBI] ->              : src/core/tools/imp/01_api_animateur/
[CBI] ->              : src/core/tools/imp/02_api_force_brute/
[CBI] ->              : src/core/tools/imp/02_api_force_brute/maillage/
[CBI] ->              : src/core/tools/imp/03_api_barivox/
[CBI] ->              : src/core/tools/imp/api_image_link/
[CBI] ->              : src/core/tools/imp/api_viewer/
[CBI] ->              : src/core/tools/spec/


[CBI] -> LIB_PATH (auto detect):

[CBI] -> LIB_PATH (auto detect):

[CBI] -> API_INC :
[CBI] ->              : /opt/api/cbi/infographie/fenetrage/303/Bilat_Fenetrage_Displayable/INC
[CBI] ->              : /opt/api/cbi/infographie/fenetrage/303/Bilat_Fenetrage_Displayable/INC/primitives
[CBI] ->              : /opt/api/cbi/infographie/fenetrage/303/Bilat_Fenetrage_Displayable_GL/INC
[CBI] ->              : /opt/api/cbi/infographie/fenetrage/303/Bilat_Fenetrage_Displayable_GL/INC/primitives
[CBI] ->              : /opt/api/cbi/infographie/fenetrage/303/Bilat_Fenetrage_FreeGlut_Tools/INC
[CBI] ->              : /opt/api/cbi/infographie/image/303/Bilat_Image_FreeGlut/INC
[CBI] ->              : /opt/api/cbi/infographie/image/303/Bilat_Image_FreeGlut/INC/common
[CBI] ->              : /opt/api/cbi/infographie/image/303/Bilat_Image_FreeGlut/INC/cpu
[CBI] ->              : /opt/api/cbi/infographie/image/303/Bilat_Image_FreeGlut_Cuda/INC
[CBI] ->              : /opt/api/cbi/infographie/image/303/Bilat_Image_GL/INC
[CBI] ->              : /opt/api/cbi/infographie/image/303/Bilat_Image_GL/INC/common
[CBI] ->              : /opt/api/cbi/infographie/image/303/Bilat_Image_GL/INC/cpu
[CBI] ->              : /opt/api/cbi/infographie/image/303/Bilat_Image_GL_Cuda/INC
[CBI] ->              : /opt/api/cbi/infographie/image/303/Bilat_Image_GL_Cuda/INC/gpu
[CBI] ->              : /opt/api/cbi/infographie/opengl/303/Bilat_OpenGL_Tools/INC
[CBI] ->              : /opt/api/cbi/infographie/tools/303/Bilat_tools_dll/INC
[CBI] ->              : /opt/api/cbi/tools/bilat_tools_cpp/303_006/INC
[CBI] ->              : /opt/api/cbi/tools/bilat_tools_cpp/303_006/INC/namespace_cpu
[CBI] ->              : /opt/api/cbi/tools/bilat_tools_cuda/303_006/INC
[CBI] ->              : /opt/api/cbi/tools/bilat_tools_cuda/303_006/INC/cudatools
[CBI] ->              : /opt/api/cbi/tools/bilat_tools_cuda/303_006/INC/cudatools/cpp
[CBI] ->              : /opt/api/cbi/tools/bilat_tools_cuda/303_006/INC/cudatools/cpp/host
[CBI] ->              : /opt/api/cbi/tools/bilat_tools_cuda/303_006/INC/cudatools/header
[CBI] ->              : /opt/api/cbi/tools/bilat_tools_cuda/303_006/INC/cudatools/header/both
[CBI] ->              : /opt/api/cbi/tools/bilat_tools_cuda/303_006/INC/cudatools/header/device
[CBI] ->              : /opt/api/cbi/tools/bilat_tools_cuda/303_006/INC/cudatools/header/device/curand
[CBI] ->              : /opt/api/cbi/tools/bilat_tools_cuda/303_006/INC/cudatools/header/device/reduction
[CBI] ->              : /opt/api/cbi/tools/bilat_tools_cuda/303_006/INC/cudatools/header/device/synchronisation
[CBI] ->              : /opt/api/cbi/tools/bilat_tools_cuda/303_006/INC/cudatools/header/host
[CBI] ->              : /opt/api/cbi/tools/bilat_tools_cuda/303_006/INC/cudatools/header/mixte
[CBI] ->              : /opt/api/cbi/tools/bilat_tools_cuda/303_006/INC/cudatools/nvidia
[CBI] ->              : /opt/api/cbi/tools/bilat_tools_opencv/303_006/INC
[CBI] ->              : /opt/api/cbi/tools/bilat_tools_opencv/303_006/INC/capture
[CBI] ->              : /opt/api/cbi/tools/bilat_tools_opencv/303_006/INC/capture/video
[CBI] ->              : /opt/api/cbi/tools/bilat_tools_opencv/303_006/INC/capture/webcam
[CBI] ->              : /opt/api/cbi/tools/bilat_tools_opencv/303_006/INC/show
[CBI] ->              : /opt/api/cbi/tools/bilat_tools_opencv/303_006/INC/show/shapeOverlay
[CBI] ->              : /opt/api/cbi/tools/bilat_tools_opencv/303_006/INC/show/shapeOverlay/appearance
[CBI] ->              : /opt/api/cbi/tools/bilat_tools_opencv/303_006/INC/show/shapeOverlay/drawer
[CBI] ->              : /opt/api/cbi/tools/bilat_tools_opencv/303_006/INC/show/shapeOverlay/shape
[CBI] ->              : /opt/api/cbi/tools/bilat_tools_opencv/303_006/INC/show/view
[CBI] ->              : /opt/api/cbi/tools/bilat_tools_opencv/303_006/INC/show/view/viewer
[CBI] ->              : /opt/api/cbi/tools/bilat_tools_opencv/303_006/INC/show/view/viewerMat
[CBI] ->              : /opt/api/cbi/tools/bilat_tools_opencv/303_006/INC/tools
[CBI] ->              : /opt/api/ext/cpptest/112/INC
[CBI] ->              : /opt/api/ext/cpptest/112/INC/extension
[CBI] ->              : /opt/api/ext/opencv/310/include
[CBI] ->              : /opt/api/ext/opencv/310/include/opencv
[CBI] ->              : /opt/api/ext/opencv/310/include/opencv2
[CBI] ->              : /opt/api/ext/opencv/310/include/opencv2/calib3d
[CBI] ->              : /opt/api/ext/opencv/310/include/opencv2/core
[CBI] ->              : /opt/api/ext/opencv/310/include/opencv2/core/cuda
[CBI] ->              : /opt/api/ext/opencv/310/include/opencv2/core/cuda/detail
[CBI] ->              : /opt/api/ext/opencv/310/include/opencv2/core/hal
[CBI] ->              : /opt/api/ext/opencv/310/include/opencv2/features2d
[CBI] ->              : /opt/api/ext/opencv/310/include/opencv2/flann
[CBI] ->              : /opt/api/ext/opencv/310/include/opencv2/highgui
[CBI] ->              : /opt/api/ext/opencv/310/include/opencv2/imgcodecs
[CBI] ->              : /opt/api/ext/opencv/310/include/opencv2/imgproc
[CBI] ->              : /opt/api/ext/opencv/310/include/opencv2/imgproc/detail
[CBI] ->              : /opt/api/ext/opencv/310/include/opencv2/ml
[CBI] ->              : /opt/api/ext/opencv/310/include/opencv2/objdetect
[CBI] ->              : /opt/api/ext/opencv/310/include/opencv2/photo
[CBI] ->              : /opt/api/ext/opencv/310/include/opencv2/shape
[CBI] ->              : /opt/api/ext/opencv/310/include/opencv2/stitching
[CBI] ->              : /opt/api/ext/opencv/310/include/opencv2/stitching/detail
[CBI] ->              : /opt/api/ext/opencv/310/include/opencv2/superres
[CBI] ->              : /opt/api/ext/opencv/310/include/opencv2/video
[CBI] ->              : /opt/api/ext/opencv/310/include/opencv2/videoio
[CBI] ->              : /opt/api/ext/opencv/310/include/opencv2/videostab
[CBI] ->              : /usr/local/cuda-8.0/include
[CBI] ->              : /usr/local/cuda-8.0/include/CL
[CBI] ->              : /usr/local/cuda-8.0/include/crt

[CBI] -> API_BIN :
[CBI] ->              : /opt/api/cbi/infographie/fenetrage/303/Bilat_Fenetrage_Displayable/BIN/gcc
[CBI] ->              : /opt/api/cbi/infographie/fenetrage/303/Bilat_Fenetrage_Displayable_GL/BIN/gcc
[CBI] ->              : /opt/api/cbi/infographie/fenetrage/303/Bilat_Fenetrage_FreeGlut_Tools/BIN/gcc
[CBI] ->              : /opt/api/cbi/infographie/image/303/Bilat_Image_FreeGlut/BIN/gcc
[CBI] ->              : /opt/api/cbi/infographie/image/303/Bilat_Image_FreeGlut_Cuda/BIN/gcc
[CBI] ->              : /opt/api/cbi/infographie/image/303/Bilat_Image_GL/BIN/gcc
[CBI] ->              : /opt/api/cbi/infographie/image/303/Bilat_Image_GL_Cuda/BIN/gcc
[CBI] ->              : /opt/api/cbi/infographie/opengl/303/Bilat_OpenGL_Tools/BIN/gcc
[CBI] ->              : /opt/api/cbi/tools/bilat_tools_cpp/303_006/BIN/gcc
[CBI] ->              : /opt/api/cbi/tools/bilat_tools_cuda/303_006/BIN/gcc
[CBI] ->              : /opt/api/cbi/tools/bilat_tools_opencv/303_006/BIN/gcc
[CBI] ->              : /opt/api/ext/opencv/310/lib
[CBI] ->              : /opt/api/ext/opencv/310/lib/pkgconfig
[CBI] ->              : /usr/local/cuda-8.0/lib64
[CBI] ->              : /usr/local/cuda-8.0/lib64/stubs

[CBI] -> API_LIBRARIES_STATIC :
[CBI] ->              : /opt/api/ext/cpptest/112/LIB_STATIC/gcc

[CBI] -> API_LIBRARIES :
[CBI] ->              : BilatTools_CPP_303_006_gcc_x86_64
[CBI] ->              : BilatTools_Cuda_303_006_cuda_80_x86_64
[CBI] ->              : BilatTools_OpenCV_303_006_gcc_x86_64
[CBI] ->              : Bilat_Fenetrage_Displayable_303_gcc_x86_64
[CBI] ->              : Bilat_Fenetrage_Displayable_GL_303_gcc_x86_64
[CBI] ->              : Bilat_Fenetrage_FreeGlut_Tools_303_gcc_x86_64
[CBI] ->              : Bilat_Image_FreeGlut_303_gcc_x86_64
[CBI] ->              : Bilat_Image_FreeGlut_Cuda_303_cuda_80_x86_64
[CBI] ->              : Bilat_Image_GL_303_gcc_x86_64
[CBI] ->              : Bilat_Image_GL_Cuda_303_cuda_80_x86_64
[CBI] ->              : Bilat_OpenGL_Tools_303_gcc_x86_64
[CBI] ->              : GL
[CBI] ->              : GLEW
[CBI] ->              : GLU
[CBI] ->              : OpenCL
[CBI] ->              : cublas
[CBI] ->              : cuda
[CBI] ->              : cudart
[CBI] ->              : cufft
[CBI] ->              : cufftw
[CBI] ->              : cuinj64
[CBI] ->              : curand
[CBI] ->              : cusolver
[CBI] ->              : cusparse
[CBI] ->              : glut
[CBI] ->              : nppc
[CBI] ->              : nppi
[CBI] ->              : nppial
[CBI] ->              : nppicc
[CBI] ->              : nppicom
[CBI] ->              : nppidei
[CBI] ->              : nppif
[CBI] ->              : nppig
[CBI] ->              : nppim
[CBI] ->              : nppist
[CBI] ->              : nppisu
[CBI] ->              : nppitc
[CBI] ->              : npps
[CBI] ->              : nvToolsExt
[CBI] ->              : nvblas
[CBI] ->              : nvgraph
[CBI] ->              : nvidia-ml
[CBI] ->              : nvrtc
[CBI] ->              : nvrtc-builtins
[CBI] ->              : opencv_calib3d_gcc484
[CBI] ->              : opencv_core_gcc484
[CBI] ->              : opencv_features2d_gcc484
[CBI] ->              : opencv_flann_gcc484
[CBI] ->              : opencv_highgui_gcc484
[CBI] ->              : opencv_imgcodecs_gcc484
[CBI] ->              : opencv_imgproc_gcc484
[CBI] ->              : opencv_ml_gcc484
[CBI] ->              : opencv_objdetect_gcc484
[CBI] ->              : opencv_photo_gcc484
[CBI] ->              : opencv_shape_gcc484
[CBI] ->              : opencv_stitching_gcc484
[CBI] ->              : opencv_superres_gcc484
[CBI] ->              : opencv_video_gcc484
[CBI] ->              : opencv_videoio_gcc484
[CBI] ->              : opencv_videostab_gcc484

[CBI] -> Create folder : /tmp/ramdrive/bilat/Targets/BilatTools_Cuda_Image_303_006/bin
[CBI] -> Create folder : /tmp/ramdrive/bilat/Targets/BilatTools_Cuda_Image_303_006/obj
[CBI] -> Create folder : /tmp/ramdrive/bilat/Targets/BilatTools_Cuda_Image_303_006/cubin

[CBI] -> Compilation parallel (32 threads)

[BilatTools_Cuda_Image_303_006_cuda_80_x86_64] -> g++ compiling .cpp : src/main.cpp
[BilatTools_Cuda_Image_303_006_cuda_80_x86_64] -> g++ compiling .cpp : src/core/tools/Settings_GPU.cpp
[BilatTools_Cuda_Image_303_006_cuda_80_x86_64] -> g++ compiling .cpp : src/core/tools/imp/03_api_barivox/BarivoxOutput.cpp
[BilatTools_Cuda_Image_303_006_cuda_80_x86_64] -> g++ compiling .cpp : src/core/tools/imp/02_api_force_brute/ForceBrutOutput.cpp
[BilatTools_Cuda_Image_303_006_cuda_80_x86_64] -> g++ compiling .cpp : src/core/tools/imp/02_api_force_brute/VariateurData.cpp
[BilatTools_Cuda_Image_303_006_cuda_80_x86_64] -> g++ compiling .cpp : src/core/tools/imp/02_api_force_brute/maillage/GridMaillage.cpp
[BilatTools_Cuda_Image_303_006_cuda_80_x86_64] -> g++ compiling .cpp : src/core/tools/imp/02_api_force_brute/maillage/ProviderGridMaillage1D.cpp
[BilatTools_Cuda_Image_303_006_cuda_80_x86_64] -> g++ compiling .cpp : src/core/tools/imp/02_api_force_brute/maillage/ProviderGridMaillage2D.cpp

[CBI] -> Linking to   : /tmp/ramdrive/bilat/Targets/BilatTools_Cuda_Image_303_006/bin/libBilatTools_Cuda_Image_303_006_cuda_80_x86_64.so

[CBI] -> Library Link :
[CBI] ->
[CBI] ->              : -lBilatTools_CPP_303_006_gcc_x86_64
[CBI] ->              : -lBilatTools_Cuda_303_006_cuda_80_x86_64
[CBI] ->              : -lBilatTools_OpenCV_303_006_gcc_x86_64
[CBI] ->              : -lBilat_Fenetrage_Displayable_303_gcc_x86_64
[CBI] ->              : -lBilat_Fenetrage_Displayable_GL_303_gcc_x86_64
[CBI] ->              : -lBilat_Fenetrage_FreeGlut_Tools_303_gcc_x86_64
[CBI] ->              : -lBilat_Image_FreeGlut_303_gcc_x86_64
[CBI] ->              : -lBilat_Image_FreeGlut_Cuda_303_cuda_80_x86_64
[CBI] ->              : -lBilat_Image_GL_303_gcc_x86_64
[CBI] ->              : -lBilat_Image_GL_Cuda_303_cuda_80_x86_64
[CBI] ->              : -lBilat_OpenGL_Tools_303_gcc_x86_64
[CBI] ->              : -lCpp_Test_112_gcc_x86_64
[CBI] ->              : -lGL
[CBI] ->              : -lGLEW
[CBI] ->              : -lGLU
[CBI] ->              : -lOpenCL
[CBI] ->              : -lcublas
[CBI] ->              : -lcuda
[CBI] ->              : -lcudart
[CBI] ->              : -lcufft
[CBI] ->              : -lcufftw
[CBI] ->              : -lcuinj64
[CBI] ->              : -lcurand
[CBI] ->              : -lcusolver
[CBI] ->              : -lcusparse
[CBI] ->              : -lglut
[CBI] ->              : -lgomp
[CBI] ->              : -lnppc
[CBI] ->              : -lnppi
[CBI] ->              : -lnppial
[CBI] ->              : -lnppicc
[CBI] ->              : -lnppicom
[CBI] ->              : -lnppidei
[CBI] ->              : -lnppif
[CBI] ->              : -lnppig
[CBI] ->              : -lnppim
[CBI] ->              : -lnppist
[CBI] ->              : -lnppisu
[CBI] ->              : -lnppitc
[CBI] ->              : -lnpps
[CBI] ->              : -lnvToolsExt
[CBI] ->              : -lnvblas
[CBI] ->              : -lnvgraph
[CBI] ->              : -lnvidia-ml
[CBI] ->              : -lnvrtc
[CBI] ->              : -lnvrtc-builtins
[CBI] ->              : -lopencv_calib3d_gcc484
[CBI] ->              : -lopencv_core_gcc484
[CBI] ->              : -lopencv_features2d_gcc484
[CBI] ->              : -lopencv_flann_gcc484
[CBI] ->              : -lopencv_highgui_gcc484
[CBI] ->              : -lopencv_imgcodecs_gcc484
[CBI] ->              : -lopencv_imgproc_gcc484
[CBI] ->              : -lopencv_ml_gcc484
[CBI] ->              : -lopencv_objdetect_gcc484
[CBI] ->              : -lopencv_photo_gcc484
[CBI] ->              : -lopencv_shape_gcc484
[CBI] ->              : -lopencv_stitching_gcc484
[CBI] ->              : -lopencv_superres_gcc484
[CBI] ->              : -lopencv_video_gcc484
[CBI] ->              : -lopencv_videoio_gcc484
[CBI] ->              : -lopencv_videostab_gcc484


==================================================================================
[CBI] -> Target Name  : BilatTools_Cuda_Image_303_006_cuda_80_x86_64
[CBI] -> Location     : /tmp/ramdrive/bilat/Targets/BilatTools_Cuda_Image_303_006/bin/libBilatTools_Cuda_Image_303_006_cuda_80_x86_64.so
[CBI] -> Deploy 	  : ../RELEASE/bin
[CBI] ->
[CBI] -> Type	 	  : SHARED_LIB
[CBI] -> Arch	 	  : x86_64
[CBI] -> OS	 	      : Linux
[CBI] -> User	 	  : bilat
[CBI] ->
[CBI] -> Compilateur  : g++ && nvcc
[CBI] -> Task		  : End Compiling-Linking !
[CBI] -> Time		  : 2 (s)
==================================================================================


[CBI] -> Deploying      : ../RELEASE/bin/libBilatTools_Cuda_Image_303_006_cuda_80_x86_64.so

[CBI] -> Symlink Project Inc
[CBI] -> To update code completion : ctrl-shift-s   or   gui/index/rebuild

[CBI] -> BilatTools_Cuda_Image_303_006_cuda_80_x86_64 : End ALL!


15:39:19 Build Finished (took 1s.679ms)

