13:43:16 **** Build of configuration IntelLinux_parallel for project BilatTools_Intel_MKL ****
cbicc intel jall 

--------------------------------------------------------
[Runtime] : intel x86
--------------------------------------------------------


[cuda]        : /usr/local

[jni]         : /usr/lib/jvm/java-8-oracle

[X11]         : /usr/include/X11

[MKL]         : /opt/intel/mkl
[Runtime] : Intel : /opt/intel

[boost]       : /opt/api/ext/boost

[opencv]      : /opt/api/ext/opencv

[cpptest]     : /opt/api/ext/cpptest

[gphoto2]     : /opt/api/ext/gphoto2

[urg]         : /opt/api/ext/urg

[wic]         : /opt/api/ext/wic 

[pleora]      : /opt/api/ext/pleora

[glm]      : /opt/api/ext/GLM

[Runtime] : BILAT_INFOGRAPHIE           /opt/api/cbi/infographie

     BILAT_TOOLS_JST_HOME             = /opt/api/cbi/infographie/tools
     BILAT_OPENGL_HOME                = /opt/api/cbi/infographie/opengl
     BILAT_FENETRAGE_HOME             = /opt/api/cbi/infographie/fenetrage
     BILAT_IMAGE_HOME                 = /opt/api/cbi/infographie/image
     BILAT_SCENE_3D_HOME              = /opt/api/cbi/infographie/scene3d

[Runtime] : BILAT_TOOLS                 /opt/api/cbi/tools

     BILAT_TOOLS_CPP_HOME             = /opt/api/cbi/tools/bilat_tools_cpp
     BILAT_TOOLS_OMP_HOME             = /opt/api/cbi/tools/bilat_tools_omp
     BILAT_TOOLS_CUDA_HOME            = /opt/api/cbi/tools/bilat_tools_cuda
     BILAT_TOOLS_MKL_HOME             = /opt/api/cbi/tools/bilat_tools_mkl
     BILAT_TOOLS_OPENCV_HOME          = /opt/api/cbi/tools/bilat_tools_opencv
     BILAT_TOOLS_V4L_HOME             = /opt/api/cbi/tools/bilat_tools_v4l
     BILAT_TOOLS_CUDA_IMAGE_HOME      = /opt/api/cbi/tools/bilat_tools_cuda_image
     BILAT_TOOLS_CUDA_IMAGE_CV_HOME   = /opt/api/cbi/tools/bilat_tools_cuda_image_cv
     BILAT_TOOLS_IMAGE_HOME           = /opt/api/cbi/tools/bilat_tools_image
     BILAT_TOOLS_IMAGE_CVHOME         = /opt/api/cbi/tools/bilat_tools_image_cv

[Runtime] : BILAT_CAPTEUR               /opt/api/cbi/capteur

     BILAT_GPHOTO2_HOME               = /opt/api/cbi/capteur/bilat_gphoto2
     BILAT_LASER_HOME                 = /opt/api/cbi/capteur/bilat_laser
     BILAT_LIDAR_HOME                 = /opt/api/cbi/capteur/bilat_lidar
     BILAT_TAU2_HOME                  = /opt/api/cbi/capteur/bilat_tau2
     BILAT_SPEECH_HOME                = /opt/api/cbi/capteur/bilat_speech
     BILAT_GPS_HOME                   = /opt/api/cbi/capteur/bilat_gps
     BILAT_PIPES_HOME                 = /opt/api/cbi/capteur/bilat_pipes

--------------------------------------------------------
[Runtime] : intel x86 : Ready!
--------------------------------------------------------


[INTEL] : jall

icpc (ICC) 17.0.4 20170411
Copyright (C) 1985-2017 Intel Corporation.  All rights reserved.

==================================================================================
[CBI] -> Target Name  : BilatTools_MKL_302_006_intel_x86_64
[CBI] ->
[CBI] -> Build     	  : /tmp/ramdrive/bilat/Targets/BilatTools_MKL_302_006/bin/libBilatTools_MKL_302_006_intel_x86_64.so
[CBI] -> Deploy       : ../RELEASE/bin
[CBI] ->
[CBI] -> Type	 	  : SHARED_LIB
[CBI] -> Arch	 	  : x86_64
[CBI] -> OS	 		  : Linux
[CBI] -> User	 	  : bilat
[CBI] ->
[CBI] -> Task		  : Compiling-Linking
==================================================================================

[CBI] -> SRC AUX (Recursif) :
[CBI] ->

[CBI] -> CXXFLAGS (Partial) :
[CBI] ->
[CBI] ->              : -O3
[CBI] ->              : -fPIC
[CBI] ->              : -fast
[CBI] ->              : -mkl
[CBI] ->              : -openmp
[CBI] ->              : -par-threshold100
[CBI] ->              : -parallel
[CBI] ->              : -std=c++11
[CBI] ->              : -w
[CBI] ->              : -xHost

[CBI] -> LDFLAGS (Partial) :
[CBI] ->
[CBI] ->              : -shared

[CBI] -> INC_PATH (auto detect):
[CBI] ->              : src/core/mklTools/header/

[CBI] -> LIB_PATH (auto detect):

[CBI] -> API_INC :
[CBI] ->              : /opt/api/cbi/tools/bilat_tools_cpp/302_006/INC
[CBI] ->              : /opt/api/cbi/tools/bilat_tools_cpp/302_006/INC/namespace_cpu

[CBI] -> API_BIN :
[CBI] ->              : /opt/api/cbi/tools/bilat_tools_cpp/302_006/BIN/intel

[CBI] -> API_LIBRARIES_STATIC :

[CBI] -> API_LIBRARIES :
[CBI] ->              : BilatTools_CPP_302_006_intel_x86_64
[CBI] ->              : mkl_core
[CBI] ->              : mkl_intel_lp64
[CBI] ->              : mkl_intel_thread

[CBI] -> Create folder : /tmp/ramdrive/bilat/Targets/BilatTools_MKL_302_006/bin
[CBI] -> Create folder : /tmp/ramdrive/bilat/Targets/BilatTools_MKL_302_006/obj

[CBI] -> Compilation parallel (32 threads)

[BilatTools_MKL_302_006_intel_x86_64] -> icc compiling .cpp : src/core/main.cpp
[BilatTools_MKL_302_006_intel_x86_64] -> icc compiling .cpp : src/core/mklTools/cpp/MKL.cpp

[BilatTools_MKL_302_006_intel_x86_64] -> Linking to   : /tmp/ramdrive/bilat/Targets/BilatTools_MKL_302_006/bin/libBilatTools_MKL_302_006_intel_x86_64.so

[BilatTools_MKL_302_006_intel_x86_64] -> Library Link :

[CBI] ->              : -lBilatTools_CPP_302_006_intel_x86_64
[CBI] ->              : -liomp5
[CBI] ->              : -lmkl_core
[CBI] ->              : -lmkl_intel_lp64
[CBI] ->              : -lmkl_intel_thread


==================================================================================
[CBI] -> Target Name  : BilatTools_MKL_302_006_intel_x86_64
[CBI] -> Location     : /tmp/ramdrive/bilat/Targets/BilatTools_MKL_302_006/bin/libBilatTools_MKL_302_006_intel_x86_64.so
[CBI] -> Deploy 	  : ../RELEASE/bin
[CBI] ->
[CBI] -> Type	 	  : SHARED_LIB
[CBI] -> Arch	 	  : x86_64
[CBI] -> OS	 		  : Linux
[CBI] -> User	 	  : bilat
[CBI] ->
[CBI] -> Compilateur  : icc
[CBI] -> Task	      : End Compiling-Linking !
[CBI] -> Time		  : 1 (s)
==================================================================================


[CBI] -> Deploying    : ../RELEASE/bin/libBilatTools_MKL_302_006_intel_x86_64.so

[CBI] -> Symlink Project Inc
[CBI] -> To update code completion : ctrl-shift-s   or   gui/index/rebuild

[CBI] -> BilatTools_MKL_302_006_intel_x86_64 : End ALL!


13:43:21 Build Finished (took 5s.350ms)

