20:42:49 **** Build of configuration CudaGCC_ARM_parallel for project Cuda_Surface_3D ****
cbicc cuda arm jall 

--------------------------------------------------------
Cross Compilation 		       
--------------------------------------------------------

PLATFORME = jetson
API       = /opt/arm/jetson

--------------------------------------------------------
[Runtime] : gcc arm
--------------------------------------------------------



[cuda]        : /opt/api/ext/cuda

[jni]         : /opt/api/ext/jni/java-8-oracle

[X11]         : /usr/include/X11
[X11]         : 

[MKL]         : /opt/intel/mkl

[boost]       : /opt/api/ext/boost

[opencv]      : /opt/api/ext/opencv
[opencv]      : RPATH_LINK : /opt/api/ext/cuda/cuda-6.5/lib/gcc_arm:/opt/arm/L4T_1404_2421/usr_lib

[cpptest]     : /opt/api/ext/cpptest

[gphoto2]     : /opt/api/ext/gphoto2

[urg]         : /opt/api/ext/urg

[wic]         : /opt/api/ext/wic 


[pleora]      : /opt/api/ext/pleora

[glm]      : /opt/api/ext/GLM

[Runtime] : BILAT_INFOGRAPHIE           /opt/api/cbi/infographie

     BILAT_TOOLS_JST_HOME             = /opt/api/cbi/infographie/tools
     BILAT_OPENGL_HOME                = /opt/api/cbi/infographie/opengl
     BILAT_FENETRAGE_HOME             = /opt/api/cbi/infographie/fenetrage
     BILAT_IMAGE_HOME                 = /opt/api/cbi/infographie/image
     BILAT_SCENE_3D_HOME              = /opt/api/cbi/infographie/scene3d

[Runtime] : BILAT_TOOLS                 /opt/api/cbi/tools

     BILAT_TOOLS_CPP_HOME             = /opt/api/cbi/tools/bilat_tools_cpp
     BILAT_TOOLS_OMP_HOME             = /opt/api/cbi/tools/bilat_tools_omp
     BILAT_TOOLS_CUDA_HOME            = /opt/api/cbi/tools/bilat_tools_cuda
     BILAT_TOOLS_MKL_HOME             = /opt/api/cbi/tools/bilat_tools_mkl
     BILAT_TOOLS_OPENCV_HOME          = /opt/api/cbi/tools/bilat_tools_opencv
     BILAT_TOOLS_V4L_HOME             = /opt/api/cbi/tools/bilat_tools_v4l
     BILAT_TOOLS_CUDA_IMAGE_HOME      = /opt/api/cbi/tools/bilat_tools_cuda_image
     BILAT_TOOLS_CUDA_IMAGE_CV_HOME   = /opt/api/cbi/tools/bilat_tools_cuda_image_cv
     BILAT_TOOLS_IMAGE_HOME           = /opt/api/cbi/tools/bilat_tools_image
     BILAT_TOOLS_IMAGE_CV_HOME        = /opt/api/cbi/tools/bilat_tools_image_cv
     BILAT_TOOLS_CUDA_3D_HOME         = /opt/api/cbi/tools/bilat_tools_cuda_3D
     BILAT_TOOLS_JNI_HOME             = /opt/api/cbi/tools/bilat_tools_jni

[Runtime] : BILAT_CAPTEUR               /opt/api/cbi/capteur

     BILAT_GPHOTO2_HOME                 = /opt/api/cbi/capteur/bilat_gphoto2
     BILAT_LASER_HOME                   = /opt/api/cbi/capteur/bilat_laser
     BILAT_LIDAR_HOME                   = /opt/api/cbi/capteur/bilat_lidar
     BILAT_TAU2_HOME                    = /opt/api/cbi/capteur/bilat_tau2
     BILAT_SPEECH_HOME                  = /opt/api/cbi/capteur/bilat_speech
     BILAT_GPS_HOME                     = /opt/api/cbi/capteur/bilat_gps
     BILAT_PIPES_P2P_HOME               = /opt/api/cbi/capteur/bilat_pipes_p2p
     BILAT_PIPES_CLIENT_HOME            = /opt/api/cbi/capteur/bilat_pipes_client
     BILAT_PIPES_CLIENT_SERVER_JAVA_HOME= /opt/api/cbi/capteur/bilat_pipes_client_server_java

--------------------------------------------------------
[Runtime] : gcc arm : Ready!
--------------------------------------------------------


arm-linux-gnueabihf-g++-4.8 (Ubuntu/Linaro 4.8.4-2ubuntu1~14.04.1) 4.8.4
Copyright (C) 2013 Free Software Foundation, Inc.
This is free software; see the source for copying conditions.  There is NO
warranty; not even for MERCHANTABILITY or FITNESS FOR A PARTICULAR PURPOSE.


nvcc: NVIDIA (R) Cuda compiler driver
Copyright (c) 2005-2014 NVIDIA Corporation
Built on Thu_Jul_17_21:41:27_CDT_2014
Cuda compilation tools, release 6.5, V6.5.12


[CUDA GCC] : jall


==================================================================================
[CBI] -> Target Name  : Cuda_Surface_3D_cuda_65_jetson_ARM_32
[CBI] ->
[CBI] -> Build        : /tmp/ramdrive/bilat/Targets/Cuda_Surface_3D/bin/Cuda_Surface_3D_cuda_65_jetson_ARM_32.run
[CBI] -> Deploy       : ../RELEASE/bin
[CBI] ->
[CBI] -> Type	      : EXE
[CBI] -> Arch	      : ARM_32
[CBI] -> OS	 		  : Linux
[CBI] -> User	 	  : bilat
[CBI] ->
[CBI] -> Task		  : Compiling-Linking !
==================================================================================

[CBI] -> SRC AUX (Recursif) :
[CBI] ->

[CBI] -> CXXFLAGS (Partial) :
[CBI] ->
[CBI] ->              : -fopenmp
[CBI] ->              : -O3
[CBI] ->              : -std=c++0x

[CBI] -> CXXLDFLAGS (Partial) :
[CBI] ->

[CBI] -> NVCCFLAGS (Partial) :
[CBI] ->
[CBI] ->              : --fmad=true
[CBI] ->              : -arch=sm_32
[CBI] ->              : -ccbin
[CBI] ->              : -m32
[CBI] ->              : -std=c++11
[CBI] ->              : -target-cpu-arch
[CBI] ->              : -use_fast_math
[CBI] ->              : ARM
[CBI] ->              : g++ARM

[CBI] -> NVCCLDFLAGS (Partial) :
[CBI] ->
[CBI] ->              : -arch=sm_32
[CBI] ->              : -ccbin
[CBI] ->              : -m32
[CBI] ->              : -target-cpu-arch
[CBI] ->              : ARM
[CBI] ->              : g++ARM

[CBI] -> INC_PATH (auto detect):
[CBI] ->              : src/core/mandelbrot_RGBA_uchar4/device/math/
[CBI] ->              : src/core/mandelbrot_RGBA_uchar4/host/
[CBI] ->              : src/core/mandelbrot_RGBA_uchar4/provider/


[CBI] -> LIB_PATH (auto detect):

[CBI] -> LIB_PATH (auto detect):

[CBI] -> API_INC :
[CBI] ->              : /opt/api/cbi/infographie/fenetrage/303/Bilat_Fenetrage_Displayable/INC
[CBI] ->              : /opt/api/cbi/infographie/fenetrage/303/Bilat_Fenetrage_Displayable/INC/primitives
[CBI] ->              : /opt/api/cbi/infographie/fenetrage/303/Bilat_Fenetrage_Displayable_GL/INC
[CBI] ->              : /opt/api/cbi/infographie/fenetrage/303/Bilat_Fenetrage_Displayable_GL/INC/primitives
[CBI] ->              : /opt/api/cbi/infographie/fenetrage/303/Bilat_Fenetrage_FreeGlut_Tools/INC
[CBI] ->              : /opt/api/cbi/infographie/image/303/Bilat_Image_GL/INC
[CBI] ->              : /opt/api/cbi/infographie/image/303/Bilat_Image_GL/INC/common
[CBI] ->              : /opt/api/cbi/infographie/image/303/Bilat_Image_GL/INC/cpu
[CBI] ->              : /opt/api/cbi/infographie/image/303/Bilat_Image_GL_Cuda/INC
[CBI] ->              : /opt/api/cbi/infographie/image/303/Bilat_Image_GL_Cuda/INC/gpu
[CBI] ->              : /opt/api/cbi/infographie/opengl/303/Bilat_OpenGL_Tools/INC
[CBI] ->              : /opt/api/cbi/infographie/opengl/303/Bilat_OpenGL_Tools_Cuda/INC
[CBI] ->              : /opt/api/cbi/infographie/scene3d/303/Bilat_Scene3D_GL/INC
[CBI] ->              : /opt/api/cbi/infographie/scene3d/303/Bilat_Scene3D_GL/INC/model
[CBI] ->              : /opt/api/cbi/infographie/scene3d/303/Bilat_Scene3D_GL/INC/model/shapes
[CBI] ->              : /opt/api/cbi/infographie/scene3d/303/Bilat_Scene3D_GL/INC/model/shapes/cpu
[CBI] ->              : /opt/api/cbi/infographie/scene3d/303/Bilat_Scene3D_GL/INC/view
[CBI] ->              : /opt/api/cbi/infographie/scene3d/303/Bilat_Scene3D_GL/INC/view/appearance
[CBI] ->              : /opt/api/cbi/infographie/scene3d/303/Bilat_Scene3D_GL/INC/view/geometry
[CBI] ->              : /opt/api/cbi/infographie/scene3d/303/Bilat_Scene3D_GL/INC/view/geometry/primitives
[CBI] ->              : /opt/api/cbi/infographie/scene3d/303/Bilat_Scene3D_GL/INC/view/geometry/shapes
[CBI] ->              : /opt/api/cbi/infographie/scene3d/303/Bilat_Scene3D_GL/INC/view/geometry/simple
[CBI] ->              : /opt/api/cbi/infographie/scene3d/303/Bilat_Scene3D_GL/INC/view/geometry/simple/cpu
[CBI] ->              : /opt/api/cbi/infographie/scene3d/303/Bilat_Scene3D_GL/INC/view/gl
[CBI] ->              : /opt/api/cbi/infographie/scene3d/303/Bilat_Scene3D_GL/INC/view/gl/primitives
[CBI] ->              : /opt/api/cbi/infographie/scene3d/303/Bilat_Scene3D_GL/INC/view/gl/renderer
[CBI] ->              : /opt/api/cbi/infographie/scene3d/303/Bilat_Scene3D_GL/INC/view/gl/shapes
[CBI] ->              : /opt/api/cbi/infographie/scene3d/303/Bilat_Scene3D_GL/INC/view/quadric
[CBI] ->              : /opt/api/cbi/infographie/scene3d/303/Bilat_Scene3D_GL_Cuda/INC
[CBI] ->              : /opt/api/cbi/infographie/scene3d/303/Bilat_Scene3D_GL_Cuda/INC/model
[CBI] ->              : /opt/api/cbi/infographie/scene3d/303/Bilat_Scene3D_GL_Cuda/INC/model/shapes
[CBI] ->              : /opt/api/cbi/infographie/scene3d/303/Bilat_Scene3D_GL_Cuda/INC/model/shapes/gpu
[CBI] ->              : /opt/api/cbi/infographie/scene3d/303/Bilat_Scene3D_GL_Cuda/INC/view
[CBI] ->              : /opt/api/cbi/infographie/scene3d/303/Bilat_Scene3D_GL_Cuda/INC/view/geometry
[CBI] ->              : /opt/api/cbi/infographie/scene3d/303/Bilat_Scene3D_GL_Cuda/INC/view/geometry/simple
[CBI] ->              : /opt/api/cbi/infographie/scene3d/303/Bilat_Scene3D_GL_Cuda/INC/view/geometry/simple/gpu
[CBI] ->              : /opt/api/cbi/infographie/scene3d/303/Bilat_Scene3D_GL_Cuda/INC/view/gl
[CBI] ->              : /opt/api/cbi/infographie/scene3d/303/Bilat_Scene3D_GL_FreeGlut/INC
[CBI] ->              : /opt/api/cbi/infographie/scene3d/303/Bilat_Scene3D_GL_FreeGlut/INC/glut
[CBI] ->              : /opt/api/cbi/infographie/scene3d/303/Bilat_Surface_GL/INC
[CBI] ->              : /opt/api/cbi/infographie/scene3d/303/Bilat_Surface_GL/INC/algo
[CBI] ->              : /opt/api/cbi/infographie/scene3d/303/Bilat_Surface_GL/INC/algo/cpu
[CBI] ->              : /opt/api/cbi/infographie/scene3d/303/Bilat_Surface_GL/INC/model
[CBI] ->              : /opt/api/cbi/infographie/scene3d/303/Bilat_Surface_GL/INC/model/cpu
[CBI] ->              : /opt/api/cbi/infographie/scene3d/303/Bilat_Surface_GL/INC/view
[CBI] ->              : /opt/api/cbi/infographie/scene3d/303/Bilat_Surface_GL/INC/view/geometry
[CBI] ->              : /opt/api/cbi/infographie/scene3d/303/Bilat_Surface_GL/INC/view/geometry/cpu
[CBI] ->              : /opt/api/cbi/infographie/scene3d/303/Bilat_Surface_GL/INC/view/gl
[CBI] ->              : /opt/api/cbi/infographie/scene3d/303/Bilat_Surface_GL_Cuda/INC
[CBI] ->              : /opt/api/cbi/infographie/scene3d/303/Bilat_Surface_GL_Cuda/INC/algo
[CBI] ->              : /opt/api/cbi/infographie/scene3d/303/Bilat_Surface_GL_Cuda/INC/algo/gpu
[CBI] ->              : /opt/api/cbi/infographie/scene3d/303/Bilat_Surface_GL_Cuda/INC/model
[CBI] ->              : /opt/api/cbi/infographie/scene3d/303/Bilat_Surface_GL_Cuda/INC/model/gpu
[CBI] ->              : /opt/api/cbi/infographie/scene3d/303/Bilat_Surface_GL_Cuda/INC/view
[CBI] ->              : /opt/api/cbi/infographie/scene3d/303/Bilat_Surface_GL_Cuda/INC/view/geometry
[CBI] ->              : /opt/api/cbi/infographie/scene3d/303/Bilat_Surface_GL_Cuda/INC/view/geometry/gpu
[CBI] ->              : /opt/api/cbi/infographie/tools/303/Bilat_tools_dll/INC
[CBI] ->              : /opt/api/cbi/tools/bilat_tools_cpp/303_006/INC
[CBI] ->              : /opt/api/cbi/tools/bilat_tools_cpp/303_006/INC/namespace_cpu
[CBI] ->              : /opt/api/cbi/tools/bilat_tools_cuda/303_006/INC
[CBI] ->              : /opt/api/cbi/tools/bilat_tools_cuda/303_006/INC/cudatools
[CBI] ->              : /opt/api/cbi/tools/bilat_tools_cuda/303_006/INC/cudatools/cpp
[CBI] ->              : /opt/api/cbi/tools/bilat_tools_cuda/303_006/INC/cudatools/cpp/host
[CBI] ->              : /opt/api/cbi/tools/bilat_tools_cuda/303_006/INC/cudatools/header
[CBI] ->              : /opt/api/cbi/tools/bilat_tools_cuda/303_006/INC/cudatools/header/both
[CBI] ->              : /opt/api/cbi/tools/bilat_tools_cuda/303_006/INC/cudatools/header/device
[CBI] ->              : /opt/api/cbi/tools/bilat_tools_cuda/303_006/INC/cudatools/header/device/curand
[CBI] ->              : /opt/api/cbi/tools/bilat_tools_cuda/303_006/INC/cudatools/header/device/reduction
[CBI] ->              : /opt/api/cbi/tools/bilat_tools_cuda/303_006/INC/cudatools/header/device/synchronisation
[CBI] ->              : /opt/api/cbi/tools/bilat_tools_cuda/303_006/INC/cudatools/header/host
[CBI] ->              : /opt/api/cbi/tools/bilat_tools_cuda/303_006/INC/cudatools/header/mixte
[CBI] ->              : /opt/api/cbi/tools/bilat_tools_cuda/303_006/INC/cudatools/nvidia
[CBI] ->              : /opt/api/cbi/tools/bilat_tools_cuda_3D/303_006/INC
[CBI] ->              : /opt/api/cbi/tools/bilat_tools_cuda_3D/303_006/INC/3d
[CBI] ->              : /opt/api/cbi/tools/bilat_tools_cuda_3D/303_006/INC/3d/01_sceneplan
[CBI] ->              : /opt/api/cbi/tools/bilat_tools_cuda_3D/303_006/INC/3d/02_scenecube
[CBI] ->              : /opt/api/cbi/tools/bilat_tools_cuda_3D/303_006/INC/surface
[CBI] ->              : /opt/api/cbi/tools/bilat_tools_cuda_3D/303_006/INC/surface/scenesurfacestrip
[CBI] ->              : /opt/api/ext/GLM/0975/include

[CBI] -> API_BIN :
[CBI] ->              : /opt/api/cbi/infographie/fenetrage/303/Bilat_Fenetrage_Displayable/BIN/gcc_arm
[CBI] ->              : /opt/api/cbi/infographie/fenetrage/303/Bilat_Fenetrage_Displayable_GL/BIN/gcc_arm
[CBI] ->              : /opt/api/cbi/infographie/fenetrage/303/Bilat_Fenetrage_FreeGlut_Tools/BIN/gcc_arm
[CBI] ->              : /opt/api/cbi/infographie/image/303/Bilat_Image_GL/BIN/gcc_arm
[CBI] ->              : /opt/api/cbi/infographie/image/303/Bilat_Image_GL_Cuda/BIN/gcc_arm
[CBI] ->              : /opt/api/cbi/infographie/opengl/303/Bilat_OpenGL_Tools/BIN/gcc_arm
[CBI] ->              : /opt/api/cbi/infographie/opengl/303/Bilat_OpenGL_Tools_Cuda/BIN/gcc_arm
[CBI] ->              : /opt/api/cbi/infographie/scene3d/303/Bilat_Scene3D_GL/BIN/gcc_arm
[CBI] ->              : /opt/api/cbi/infographie/scene3d/303/Bilat_Scene3D_GL_Cuda/BIN/gcc_arm
[CBI] ->              : /opt/api/cbi/infographie/scene3d/303/Bilat_Scene3D_GL_FreeGlut/BIN/gcc_arm
[CBI] ->              : /opt/api/cbi/infographie/scene3d/303/Bilat_Surface_GL/BIN/gcc_arm
[CBI] ->              : /opt/api/cbi/infographie/scene3d/303/Bilat_Surface_GL_Cuda/BIN/gcc_arm
[CBI] ->              : /opt/api/cbi/tools/bilat_tools_cpp/303_006/BIN/gcc_arm
[CBI] ->              : /opt/api/cbi/tools/bilat_tools_cuda/303_006/BIN/gcc_arm
[CBI] ->              : /opt/api/cbi/tools/bilat_tools_cuda_3D/303_006/BIN/gcc_arm
[CBI] ->              : /opt/api/ext/cuda/cuda-6.5/lib/gcc_arm
[CBI] ->              : /opt/api/ext/cuda/cuda-6.5/lib/gcc_arm/stubs

[CBI] -> API_LIBRARIES_STATIC :

[CBI] -> API_LIBRARIES :
[CBI] ->              : BilatTools_CPP_303_006_gcc_jetson_ARM_32
[CBI] ->              : BilatTools_Cuda_303_006_cuda_65_jetson_ARM_32
[CBI] ->              : BilatTools_Cuda_3D_303_006_cuda_65_jetson_ARM_32
[CBI] ->              : Bilat_Fenetrage_Displayable_303_gcc_jetson_ARM_32
[CBI] ->              : Bilat_Fenetrage_Displayable_GL_303_gcc_jetson_ARM_32
[CBI] ->              : Bilat_Fenetrage_FreeGlut_Tools_303_gcc_jetson_ARM_32
[CBI] ->              : Bilat_Image_GL_303_gcc_jetson_ARM_32
[CBI] ->              : Bilat_Image_GL_Cuda_303_cuda_65_jetson_ARM_32
[CBI] ->              : Bilat_OpenGL_Tools_303_gcc_jetson_ARM_32
[CBI] ->              : Bilat_OpenGL_Tools_Cuda_303_cuda_65_jetson_ARM_32
[CBI] ->              : Bilat_Scene3D_FreeGlut_303_gcc_jetson_ARM_32
[CBI] ->              : Bilat_Scene3D_GL_303_gcc_jetson_ARM_32
[CBI] ->              : Bilat_Scene3D_GL_Cuda_303_cuda_65_jetson_ARM_32
[CBI] ->              : Bilat_Surface_GL_303_gcc_jetson_ARM_32
[CBI] ->              : Bilat_Surface_GL_Cuda_303_cuda_65_jetson_ARM_32
[CBI] ->              : GL
[CBI] ->              : GLEW
[CBI] ->              : GLU
[CBI] ->              : cublas
[CBI] ->              : cuda
[CBI] ->              : cudart
[CBI] ->              : cudnn
[CBI] ->              : cufft
[CBI] ->              : cufftw
[CBI] ->              : cuinj32
[CBI] ->              : curand
[CBI] ->              : cusolver
[CBI] ->              : cusparse
[CBI] ->              : glut
[CBI] ->              : nppc
[CBI] ->              : nppi
[CBI] ->              : npps
[CBI] ->              : nvToolsExt

[CBI] -> Create folder : /tmp/ramdrive/bilat/Targets/Cuda_Surface_3D/bin
[CBI] -> Create folder : /tmp/ramdrive/bilat/Targets/Cuda_Surface_3D/obj
[CBI] -> Create folder : /tmp/ramdrive/bilat/Targets/Cuda_Surface_3D/cubin

[CBI] -> Compilation parallel (12 threads)

[Cuda_Surface_3D_cuda_65_jetson_ARM_32] -> g++ compiling .cpp : src/main.cpp
[Cuda_Surface_3D_cuda_65_jetson_ARM_32] -> g++ compiling .cpp : src/core/mainCore.cpp
[Cuda_Surface_3D_cuda_65_jetson_ARM_32] -> g++ compiling .cpp : src/core/mandelbrot_RGBA_uchar4/provider/Mandelbrot3DProvider.cpp
[Cuda_Surface_3D_cuda_65_jetson_ARM_32] -> nvcc compiling .cu : src/core/mandelbrot_RGBA_uchar4/device/mandlebrot3D_RGBA_device.cu
[Cuda_Surface_3D_cuda_65_jetson_ARM_32] -> nvcc compiling .cu : src/core/mandelbrot_RGBA_uchar4/host/Mandelbrot3D_RGBA.cu

[CBI] -> Linking to   : /tmp/ramdrive/bilat/Targets/Cuda_Surface_3D/bin/Cuda_Surface_3D_cuda_65_jetson_ARM_32.run

[CBI] -> Library Link :
[CBI] ->
[CBI] ->              : -lBilatTools_CPP_303_006_gcc_jetson_ARM_32
[CBI] ->              : -lBilatTools_Cuda_303_006_cuda_65_jetson_ARM_32
[CBI] ->              : -lBilatTools_Cuda_3D_303_006_cuda_65_jetson_ARM_32
[CBI] ->              : -lBilat_Fenetrage_Displayable_303_gcc_jetson_ARM_32
[CBI] ->              : -lBilat_Fenetrage_Displayable_GL_303_gcc_jetson_ARM_32
[CBI] ->              : -lBilat_Fenetrage_FreeGlut_Tools_303_gcc_jetson_ARM_32
[CBI] ->              : -lBilat_Image_GL_303_gcc_jetson_ARM_32
[CBI] ->              : -lBilat_Image_GL_Cuda_303_cuda_65_jetson_ARM_32
[CBI] ->              : -lBilat_OpenGL_Tools_303_gcc_jetson_ARM_32
[CBI] ->              : -lBilat_OpenGL_Tools_Cuda_303_cuda_65_jetson_ARM_32
[CBI] ->              : -lBilat_Scene3D_FreeGlut_303_gcc_jetson_ARM_32
[CBI] ->              : -lBilat_Scene3D_GL_303_gcc_jetson_ARM_32
[CBI] ->              : -lBilat_Scene3D_GL_Cuda_303_cuda_65_jetson_ARM_32
[CBI] ->              : -lBilat_Surface_GL_303_gcc_jetson_ARM_32
[CBI] ->              : -lBilat_Surface_GL_Cuda_303_cuda_65_jetson_ARM_32
[CBI] ->              : -lGL
[CBI] ->              : -lGLEW
[CBI] ->              : -lGLU
[CBI] ->              : -lcublas
[CBI] ->              : -lcuda
[CBI] ->              : -lcudart
[CBI] ->              : -lcudnn
[CBI] ->              : -lcufft
[CBI] ->              : -lcufftw
[CBI] ->              : -lcuinj32
[CBI] ->              : -lcurand
[CBI] ->              : -lcusolver
[CBI] ->              : -lcusparse
[CBI] ->              : -lglut
[CBI] ->              : -lgomp
[CBI] ->              : -lnppc
[CBI] ->              : -lnppi
[CBI] ->              : -lnpps
[CBI] ->              : -lnvToolsExt


==================================================================================
[CBI] -> Target Name  : Cuda_Surface_3D_cuda_65_jetson_ARM_32
[CBI] -> Location     : /tmp/ramdrive/bilat/Targets/Cuda_Surface_3D/bin/Cuda_Surface_3D_cuda_65_jetson_ARM_32.run
[CBI] -> Deploy 	  : ../RELEASE/bin
[CBI] ->
[CBI] -> Type	 	  : EXE
[CBI] -> Arch	 	  : ARM_32
[CBI] -> OS	 	      : Linux
[CBI] -> User	 	  : bilat
[CBI] ->
[CBI] -> Compilateur  : g++ && nvcc
[CBI] -> Task		  : End Compiling-Linking !
[CBI] -> Time		  : 5 (s)
==================================================================================


[CBI] -> Deploying      : ../RELEASE/bin/Cuda_Surface_3D_cuda_65_jetson_ARM_32.run

[CBI] -> Symlink Project Inc
[CBI] -> To update code completion : ctrl-shift-s   or   gui/index/rebuild

[CBI] -> Cuda_Surface_3D_cuda_65_jetson_ARM_32 : End ALL!


20:42:54 Build Finished (took 5s.829ms)

