20:39:31 **** Build of configuration CudaWin for project CudaOld ****
"..\\PRODUCTION\\BUILDER\\makefile\\private\\environmentSetter\\makeCudaVisual.bat" -f cudaWin.mk all 

Setting environment for using Microsoft Visual Studio 2010 x64 tools.

nvcc: NVIDIA (R) Cuda compiler driver
Copyright (c) 2005-2012 NVIDIA Corporation
Built on Tue_Sep_25_09:18:50_PDT_2012
Cuda compilation tools, release 5.0, V0.2.1221

==================================================================================
[CBI]->Target Name	: CudaOld64
[CBI]->Type	 		: EXE
[CBI]->Arch	 		: 64
[CBI]->OS	 		: Win
[CBI]->User	 		: bilat
[CBI]->Location 	: Q:/bilat/Targets/CudaOld/bin/CudaOld64.exe
[CBI]->Deploy 		: ../PRODUCTION/Deploy/bin
[CBI]->Compilateur 	: VISUAL && nvcc
[CBI]->Task			: Start Compiling-Linking !
[CBI]->Time			: 20:39:32
==================================================================================


[CBI]->Create folder : Q:/bilat/Targets/CudaOld/bin
[CBI]->Create folder : Q:/bilat/Targets/CudaOld/obj
[CBI]->Create folder : Q:/bilat/Targets/CudaOld/cubin

main.cpp
mainCore.cpp
Command canceled

20:39:34 Build Cancelled (took 2s.825ms)

