16:44:39 **** Build of configuration CudaGCC for project Etude_Cuda_Objet ****
cbicc cuda all 

--------------------------------------------------------
[Runtime] : gcc x86
--------------------------------------------------------


[cuda]        : /usr/local

[jni]         : /usr/lib/jvm

[X11]         : /usr/include/X11

[MKL]         : /opt/intel/mkl

[boost]       : /opt/api/ext/boost

[opencv]      : /opt/api/ext/opencv

[cpptest]     : /opt/api/ext/cpptest

[gphoto2]     : /opt/api/ext/gphoto2

[urg]         : /opt/api/ext/urg

[wic]         : /opt/api/ext/wic 

[pleora]      : /opt/api/ext/pleora

[Runtime] : BILAT_INFOGRAPHIE           /opt/api/cbi/infographie

     BILAT_TOOLS_JST_HOME             = /opt/api/cbi/infographie/tools
     BILAT_OPENGL_HOME                = /opt/api/cbi/infographie/opengl
     BILAT_FENETRAGE_HOME             = /opt/api/cbi/infographie/fenetrage
     BILAT_IMAGE_HOME                 = /opt/api/cbi/infographie/image
     BILAT_SURFACE_HOME               = /opt/api/cbi/infographie/surface

[Runtime] : BILAT_TOOLS                 /opt/api/cbi/tools

     BILAT_TOOLS_CPP_HOME             = /opt/api/cbi/tools/bilat_tools_cpp
     BILAT_TOOLS_OMP_HOME             = /opt/api/cbi/tools/bilat_tools_omp
     BILAT_TOOLS_CUDA_HOME            = /opt/api/cbi/tools/bilat_tools_cuda
     BILAT_TOOLS_MKL_HOME             = /opt/api/cbi/tools/bilat_tools_mkl
     BILAT_TOOLS_OPENCV_HOME          = /opt/api/cbi/tools/bilat_tools_opencv
     BILAT_TOOLS_V4L_HOME             = /opt/api/cbi/tools/bilat_tools_v4l
     BILAT_TOOLS_CUDA_IMAGE_HOME      = /opt/api/cbi/tools/bilat_tools_cuda_image
     BILAT_TOOLS_CUDA_IMAGE_CV_HOME   = /opt/api/cbi/tools/bilat_tools_cuda_image_cv
     BILAT_TOOLS_IMAGE_HOME           = /opt/api/cbi/tools/bilat_tools_image
     BILAT_TOOLS_IMAGE_CVHOME         = /opt/api/cbi/tools/bilat_tools_image_cv

[Runtime] : BILAT_CAPTEUR               /opt/api/cbi/capteur

     BILAT_GPHOTO2_HOME               = /opt/api/cbi/capteur/bilat_gphoto2
     BILAT_LASER_HOME                 = /opt/api/cbi/capteur/bilat_laser
     BILAT_LIDAR_HOME                 = /opt/api/cbi/capteur/bilat_lidar
     BILAT_TAU2_HOME                  = /opt/api/cbi/capteur/bilat_tau2

--------------------------------------------------------
[Runtime] : gcc x86 : Ready!
--------------------------------------------------------


g++ (Ubuntu 4.8.4-2ubuntu1~14.04.3) 4.8.4
Copyright (C) 2013 Free Software Foundation, Inc.
This is free software; see the source for copying conditions.  There is NO
warranty; not even for MERCHANTABILITY or FITNESS FOR A PARTICULAR PURPOSE.


nvcc: NVIDIA (R) Cuda compiler driver
Copyright (c) 2005-2016 NVIDIA Corporation
Built on Wed_May__4_21:01:56_CDT_2016
Cuda compilation tools, release 8.0, V8.0.26


[CUDA GCC] : all


==================================================================================
[CBI] -> Target Name  : Etude_Cuda_Objet_cuda_80_x86_64
[CBI] ->
[CBI] -> Build        : /tmp/ramdrive/bilat/Targets/Etude_Cuda_Objet/bin/Etude_Cuda_Objet_cuda_80_x86_64.run
[CBI] -> Deploy       : ../RELEASE/bin
[CBI] ->
[CBI] -> Type	      : EXE
[CBI] -> Arch	      : x86_64
[CBI] -> OS	 		  : Linux
[CBI] -> User	 	  : bilat
[CBI] ->
[CBI] -> Task		  : Compiling-Linking !
==================================================================================

[CBI] -> SRC AUX (Recursif) :
[CBI] ->

[CBI] -> CXXFLAGS (Partial) :
[CBI] ->
[CBI] ->              : -fopenmp
[CBI] ->              : -std=c++11
[CBI] ->              : -O3
[CBI] ->              : -frerun-loop-opt
[CBI] ->              : -fomit-frame-pointer

[CBI] -> CXXLDFLAGS (Partial) :
[CBI] ->

[CBI] -> NVCCFLAGS (Partial) :
[CBI] ->
[CBI] ->              : --fmad=true
[CBI] ->              : -arch=sm_20
[CBI] ->              : -m64
[CBI] ->              : -std=c++11
[CBI] ->              : -use_fast_math

[CBI] -> NVCCLDFLAGS (Partial) :
[CBI] ->
[CBI] ->              : -arch=sm_20

[CBI] -> INC_PATH (auto detect):
[CBI] ->              : src/cpp/core/01_rendu_opencv/
[CBI] ->              : src/cpp/core/common/
[CBI] ->              : src/cpp/core/common/cuda/
[CBI] ->              : src/cpp/core/common/cuda/noyau/


[CBI] -> LIB_PATH (auto detect):

[CBI] -> LIB_PATH (auto detect):

[CBI] -> API_INC :
[CBI] ->              : /opt/api/cbi/tools/bilat_tools_cpp/002/INC
[CBI] ->              : /opt/api/cbi/tools/bilat_tools_cpp/002/INC/namespace_cpu
[CBI] ->              : /opt/api/cbi/tools/bilat_tools_cuda/002/INC
[CBI] ->              : /opt/api/cbi/tools/bilat_tools_cuda/002/INC/cudatools
[CBI] ->              : /opt/api/cbi/tools/bilat_tools_cuda/002/INC/cudatools/header
[CBI] ->              : /opt/api/cbi/tools/bilat_tools_cuda/002/INC/cudatools/header/both
[CBI] ->              : /opt/api/cbi/tools/bilat_tools_cuda/002/INC/cudatools/header/device
[CBI] ->              : /opt/api/cbi/tools/bilat_tools_cuda/002/INC/cudatools/header/device/curand
[CBI] ->              : /opt/api/cbi/tools/bilat_tools_cuda/002/INC/cudatools/header/device/reduction
[CBI] ->              : /opt/api/cbi/tools/bilat_tools_cuda/002/INC/cudatools/header/device/synchronisation
[CBI] ->              : /opt/api/cbi/tools/bilat_tools_cuda/002/INC/cudatools/header/host
[CBI] ->              : /opt/api/cbi/tools/bilat_tools_cuda/002/INC/cudatools/header/mixte
[CBI] ->              : /opt/api/cbi/tools/bilat_tools_cuda/002/INC/cudatools/nvidia
[CBI] ->              : /opt/api/cbi/tools/bilat_tools_opencv/002/INC
[CBI] ->              : /opt/api/cbi/tools/bilat_tools_opencv/002/INC/capture
[CBI] ->              : /opt/api/cbi/tools/bilat_tools_opencv/002/INC/capture/video
[CBI] ->              : /opt/api/cbi/tools/bilat_tools_opencv/002/INC/capture/webcam
[CBI] ->              : /opt/api/cbi/tools/bilat_tools_opencv/002/INC/show
[CBI] ->              : /opt/api/cbi/tools/bilat_tools_opencv/002/INC/show/shapeOverlay
[CBI] ->              : /opt/api/cbi/tools/bilat_tools_opencv/002/INC/show/shapeOverlay/appearance
[CBI] ->              : /opt/api/cbi/tools/bilat_tools_opencv/002/INC/show/shapeOverlay/drawer
[CBI] ->              : /opt/api/cbi/tools/bilat_tools_opencv/002/INC/show/shapeOverlay/shape
[CBI] ->              : /opt/api/cbi/tools/bilat_tools_opencv/002/INC/show/view
[CBI] ->              : /opt/api/cbi/tools/bilat_tools_opencv/002/INC/show/view/viewer
[CBI] ->              : /opt/api/cbi/tools/bilat_tools_opencv/002/INC/show/view/viewerMat
[CBI] ->              : /opt/api/cbi/tools/bilat_tools_opencv/002/INC/tools
[CBI] ->              : /opt/api/ext/boost/1610/include
[CBI] ->              : /opt/api/ext/boost/1610/include/boost
[CBI] ->              : /opt/api/ext/opencv/310/include
[CBI] ->              : /opt/api/ext/opencv/310/include/opencv
[CBI] ->              : /opt/api/ext/opencv/310/include/opencv2
[CBI] ->              : /opt/api/ext/opencv/310/include/opencv2/calib3d
[CBI] ->              : /opt/api/ext/opencv/310/include/opencv2/core
[CBI] ->              : /opt/api/ext/opencv/310/include/opencv2/core/cuda
[CBI] ->              : /opt/api/ext/opencv/310/include/opencv2/core/cuda/detail
[CBI] ->              : /opt/api/ext/opencv/310/include/opencv2/core/hal
[CBI] ->              : /opt/api/ext/opencv/310/include/opencv2/features2d
[CBI] ->              : /opt/api/ext/opencv/310/include/opencv2/flann
[CBI] ->              : /opt/api/ext/opencv/310/include/opencv2/highgui
[CBI] ->              : /opt/api/ext/opencv/310/include/opencv2/imgcodecs
[CBI] ->              : /opt/api/ext/opencv/310/include/opencv2/imgproc
[CBI] ->              : /opt/api/ext/opencv/310/include/opencv2/imgproc/detail
[CBI] ->              : /opt/api/ext/opencv/310/include/opencv2/ml
[CBI] ->              : /opt/api/ext/opencv/310/include/opencv2/objdetect
[CBI] ->              : /opt/api/ext/opencv/310/include/opencv2/photo
[CBI] ->              : /opt/api/ext/opencv/310/include/opencv2/shape
[CBI] ->              : /opt/api/ext/opencv/310/include/opencv2/stitching
[CBI] ->              : /opt/api/ext/opencv/310/include/opencv2/stitching/detail
[CBI] ->              : /opt/api/ext/opencv/310/include/opencv2/superres
[CBI] ->              : /opt/api/ext/opencv/310/include/opencv2/video
[CBI] ->              : /opt/api/ext/opencv/310/include/opencv2/videoio
[CBI] ->              : /opt/api/ext/opencv/310/include/opencv2/videostab
[CBI] ->              : /usr/local/cuda-8.0/include
[CBI] ->              : /usr/local/cuda-8.0/include/CL
[CBI] ->              : /usr/local/cuda-8.0/include/crt

[CBI] -> API_BIN :
[CBI] ->              : /opt/api/cbi/tools/bilat_tools_cpp/002/BIN/gcc
[CBI] ->              : /opt/api/cbi/tools/bilat_tools_cuda/002/BIN/gcc
[CBI] ->              : /opt/api/cbi/tools/bilat_tools_opencv/002/BIN/gcc
[CBI] ->              : /opt/api/ext/boost/1610/lib
[CBI] ->              : /opt/api/ext/boost/1610/lib/gcc
[CBI] ->              : /opt/api/ext/boost/1610/lib/icc
[CBI] ->              : /opt/api/ext/opencv/310/lib
[CBI] ->              : /opt/api/ext/opencv/310/lib/pkgconfig
[CBI] ->              : /usr/local/cuda-8.0/lib64
[CBI] ->              : /usr/local/cuda-8.0/lib64/stubs

[CBI] -> API_LIBRARIES_STATIC :

[CBI] -> API_LIBRARIES :
[CBI] ->              : BilatTools_CPP_002_gcc_x86_64
[CBI] ->              : BilatTools_Cuda_002_cuda_80_x86_64
[CBI] ->              : BilatTools_OpenCV_002_gcc_x86_64
[CBI] ->              : OpenCL
[CBI] ->              : boost_atomic-gcc484
[CBI] ->              : boost_atomic-icc17
[CBI] ->              : boost_chrono-gcc484
[CBI] ->              : boost_chrono-icc17
[CBI] ->              : boost_container-gcc484
[CBI] ->              : boost_container-icc17
[CBI] ->              : boost_date_time-gcc484
[CBI] ->              : boost_date_time-icc17
[CBI] ->              : boost_filesystem-gcc484
[CBI] ->              : boost_filesystem-icc17
[CBI] ->              : boost_graph-gcc484
[CBI] ->              : boost_graph-icc17
[CBI] ->              : boost_locale-gcc484
[CBI] ->              : boost_locale-icc17
[CBI] ->              : boost_log-gcc484
[CBI] ->              : boost_log-icc17
[CBI] ->              : boost_log_setup-gcc484
[CBI] ->              : boost_log_setup-icc17
[CBI] ->              : boost_math_c99-gcc484
[CBI] ->              : boost_math_c99-icc17
[CBI] ->              : boost_math_c99f-gcc484
[CBI] ->              : boost_math_c99f-icc17
[CBI] ->              : boost_math_c99l-gcc484
[CBI] ->              : boost_math_c99l-icc17
[CBI] ->              : boost_math_tr1-gcc484
[CBI] ->              : boost_math_tr1-icc17
[CBI] ->              : boost_math_tr1f-gcc484
[CBI] ->              : boost_math_tr1f-icc17
[CBI] ->              : boost_math_tr1l-gcc484
[CBI] ->              : boost_math_tr1l-icc17
[CBI] ->              : boost_prg_exec_monitor-gcc484
[CBI] ->              : boost_prg_exec_monitor-icc17
[CBI] ->              : boost_program_options-gcc484
[CBI] ->              : boost_program_options-icc17
[CBI] ->              : boost_random-gcc484
[CBI] ->              : boost_random-icc17
[CBI] ->              : boost_regex-gcc484
[CBI] ->              : boost_regex-icc17
[CBI] ->              : boost_serialization-gcc484
[CBI] ->              : boost_serialization-icc17
[CBI] ->              : boost_signals-gcc484
[CBI] ->              : boost_signals-icc17
[CBI] ->              : boost_system-gcc484
[CBI] ->              : boost_system-icc17
[CBI] ->              : boost_thread-gcc484
[CBI] ->              : boost_thread-icc17
[CBI] ->              : boost_timer-gcc484
[CBI] ->              : boost_timer-icc17
[CBI] ->              : boost_type_erasure-gcc484
[CBI] ->              : boost_type_erasure-icc17
[CBI] ->              : boost_unit_test_framework-gcc484
[CBI] ->              : boost_unit_test_framework-icc17
[CBI] ->              : boost_wave-gcc484
[CBI] ->              : boost_wave-icc17
[CBI] ->              : boost_wserialization-gcc484
[CBI] ->              : boost_wserialization-icc17
[CBI] ->              : cublas
[CBI] ->              : cuda
[CBI] ->              : cudart
[CBI] ->              : cufft
[CBI] ->              : cufftw
[CBI] ->              : cuinj64
[CBI] ->              : curand
[CBI] ->              : cusolver
[CBI] ->              : cusparse
[CBI] ->              : nppc
[CBI] ->              : nppi
[CBI] ->              : nppial
[CBI] ->              : nppicc
[CBI] ->              : nppicom
[CBI] ->              : nppidei
[CBI] ->              : nppif
[CBI] ->              : nppig
[CBI] ->              : nppim
[CBI] ->              : nppist
[CBI] ->              : nppisu
[CBI] ->              : nppitc
[CBI] ->              : npps
[CBI] ->              : nvToolsExt
[CBI] ->              : nvblas
[CBI] ->              : nvgraph
[CBI] ->              : nvidia-ml
[CBI] ->              : nvrtc
[CBI] ->              : nvrtc-builtins
[CBI] ->              : opencv_calib3d_gcc484
[CBI] ->              : opencv_core_gcc484
[CBI] ->              : opencv_features2d_gcc484
[CBI] ->              : opencv_flann_gcc484
[CBI] ->              : opencv_highgui_gcc484
[CBI] ->              : opencv_imgcodecs_gcc484
[CBI] ->              : opencv_imgproc_gcc484
[CBI] ->              : opencv_ml_gcc484
[CBI] ->              : opencv_objdetect_gcc484
[CBI] ->              : opencv_photo_gcc484
[CBI] ->              : opencv_shape_gcc484
[CBI] ->              : opencv_stitching_gcc484
[CBI] ->              : opencv_superres_gcc484
[CBI] ->              : opencv_video_gcc484
[CBI] ->              : opencv_videoio_gcc484
[CBI] ->              : opencv_videostab_gcc484

[CBI] -> Create folder : /tmp/ramdrive/bilat/Targets/Etude_Cuda_Objet/bin
[CBI] -> Create folder : /tmp/ramdrive/bilat/Targets/Etude_Cuda_Objet/obj
[CBI] -> Create folder : /tmp/ramdrive/bilat/Targets/Etude_Cuda_Objet/cubin

[Etude_Cuda_Objet_cuda_80_x86_64] -> g++ARM compiling .cpp : src/cpp/main.cpp
In file included from src/cpp/main.cpp:3:0:
src/cpp/core/01_rendu_opencv/Animation.h:4:23: fatal error: Capture_A.h: No such file or directory
 #include "Capture_A.h"
                       ^
compilation terminated.
make: *** [/tmp/ramdrive/bilat/Targets/Etude_Cuda_Objet/obj/main.o] Error 1

16:44:40 Build Finished (took 473ms)

