15:19:16 **** Build of configuration MinGW for project Farmwise_Specification ****
Info: Configuration "MinGW" uses tool-chain "MinGW GCC" that is unsupported on this system, attempting to build anyway.
makeMinGW.bat all 
init make
init API-EXT
init API-CBI
-----------------------------------------------

[MINGW] : all  

Set MinGW environement x64
 
g++ (x86_64-posix-seh-rev0, Built by MinGW-W64 project) 4.9.1
Copyright (C) 2014 Free Software Foundation, Inc.
This is free software; see the source for copying conditions.  There is NO
warranty; not even for MERCHANTABILITY or FITNESS FOR A PARTICULAR PURPOSE.

==================================================================================
[CBI] -> Target Name  : Farmwise_Specification_mingw_64
[CBI] ->
[CBI] -> Build     	  : Q:/cedric.bilat/Targets/Farmwise_Specification/bin/Farmwise_Specification_mingw_64.exe
[CBI] -> Deploy       : ../RELEASE/bin
[CBI] ->
[CBI] -> Type	 	  : EXE
[CBI] -> Arch	 	  : 64
[CBI] -> OS	 		  : Win
[CBI] -> User	 	  : cedric.bilat
[CBI] ->
[CBI] -> Task		  : Compiling-Linking
==================================================================================

[CBI] -> SRC AUX (Recursif) :
[CBI] ->

[CBI] -> CXXFLAGS (Partial) :
[CBI] ->
[CBI] ->              : -O3
[CBI] ->              : -fgcse
[CBI] ->              : -fomit-frame-pointer
[CBI] ->              : -fopenmp
[CBI] ->              : -frerun-loop-opt
[CBI] ->              : -march=native
[CBI] ->              : -std=c++0x

[CBI] -> LDFLAGS (Partial) :
[CBI] ->

[CBI] -> INC_PATH (auto detect):
[CBI] ->              : src/cpp/hearc/specification/algo/
[CBI] ->              : src/cpp/hearc/specification/consomateur/
[CBI] ->              : src/cpp/hearc/specification/image/

[CBI] -> LIB_PATH (auto detect):

[CBI] -> API_INC :
[CBI] ->              : c:/Soft_API/ext/OpenCV/001/build/include
[CBI] ->              : c:/Soft_API/ext/OpenCV/001/build/include/opencv2
[CBI] ->              : c:/Soft_API/ext/OpenCV/001/build/include/opencv2/core
[CBI] ->              : c:/Soft_API/ext/OpenCV/001/build/include/opencv2/flann
[CBI] ->              : c:/Soft_API/ext/OpenCV/001/build/include/opencv2/highgui
[CBI] ->              : c:/Soft_API/ext/OpenCV/001/build/include/opencv2/imgproc
[CBI] ->              : c:/Soft_API/ext/OpenCV/001/build/include/opencv2/video

[CBI] -> API_LIB :
[CBI] ->              : c:/Soft_API/ext/OpenCV/001/build/x64/mingw/lib

[CBI] -> API_BIN :
[CBI] ->              : c:/Soft_API/ext/OpenCV/001/build/x64/mingw/bin

[CBI] -> API_LIBRARIES :
[CBI] ->              : opencv_contrib249
[CBI] ->              : opencv_core249
[CBI] ->              : opencv_features2d249
[CBI] ->              : opencv_flann249
[CBI] ->              : opencv_highgui249
[CBI] ->              : opencv_imgproc249
[CBI] ->              : opencv_legacy249
[CBI] ->              : opencv_ml249
[CBI] ->              : opencv_nonfree249
[CBI] ->              : opencv_objdetect249
[CBI] ->              : opencv_ocl249
[CBI] ->              : opencv_photo249
[CBI] ->              : opencv_stitching249
[CBI] ->              : opencv_superres249
[CBI] ->              : opencv_ts249
[CBI] ->              : opencv_video249
[CBI] ->              : opencv_videostab249


[Farmwise_Specification_mingw_64] -> g++ compiling .cpp : src/cpp/main.cpp

[CBI] -> Linking to   : Q:/cedric.bilat/Targets/Farmwise_Specification/bin/Farmwise_Specification_mingw_64.exe

[CBI] -> Library Link :
[CBI] ->              : -lgomp
[CBI] ->              : -lopencv_contrib249
[CBI] ->              : -lopencv_core249
[CBI] ->              : -lopencv_features2d249
[CBI] ->              : -lopencv_flann249
[CBI] ->              : -lopencv_highgui249
[CBI] ->              : -lopencv_imgproc249
[CBI] ->              : -lopencv_legacy249
[CBI] ->              : -lopencv_ml249
[CBI] ->              : -lopencv_nonfree249
[CBI] ->              : -lopencv_objdetect249
[CBI] ->              : -lopencv_ocl249
[CBI] ->              : -lopencv_photo249
[CBI] ->              : -lopencv_stitching249
[CBI] ->              : -lopencv_superres249
[CBI] ->              : -lopencv_ts249
[CBI] ->              : -lopencv_video249
[CBI] ->              : -lopencv_videostab249

==================================================================================
[CBI] -> Target Name  : Farmwise_Specification_mingw_64
[CBI] -> Location     : Q:/cedric.bilat/Targets/Farmwise_Specification/bin/Farmwise_Specification_mingw_64.exe
[CBI] -> Deploy 	  : ../RELEASE/bin
[CBI] ->
[CBI] -> Type	 	  : EXE
[CBI] -> Arch	 	  : 64
[CBI] -> OS	 		  : Win
[CBI] -> User	 	  : cedric.bilat
[CBI] ->
[CBI] -> Compilateur  : MINGW (g++)
[CBI] -> Task	      : End Compiling-Linking !
[CBI] -> Time		  : 15:19:17
==================================================================================


[CBI] -> Deploying    : ../RELEASE/bin/Farmwise_Specification_mingw_64.exe

[CBI] -> Farmwise_Specification_mingw_64 : End ALL!

15:19:17 Build Finished (took 1s.641ms)

