15:16:18 **** Incremental Build of configuration MinGW for project Farmwise_06_Use ****
Info: Configuration "MinGW" uses tool-chain "MinGW GCC" that is unsupported on this system, attempting to build anyway.
makeMinGW.bat all 
init make
init API-EXT
init API-CBI
-----------------------------------------------

[MINGW] : all  

Set MinGW environement x64
 
g++ (x86_64-posix-seh-rev0, Built by MinGW-W64 project) 4.9.1
Copyright (C) 2014 Free Software Foundation, Inc.
This is free software; see the source for copying conditions.  There is NO
warranty; not even for MERCHANTABILITY or FITNESS FOR A PARTICULAR PURPOSE.

==================================================================================
[CBI] -> Target Name  : Farmwise_Use_mingw_64
[CBI] ->
[CBI] -> Build     	  : Q:/cedric.bilat/Targets/Farmwise_Use/bin/Farmwise_Use_mingw_64.exe
[CBI] -> Deploy       : ../RELEASE/bin
[CBI] ->
[CBI] -> Type	 	  : EXE
[CBI] -> Arch	 	  : 64
[CBI] -> OS	 		  : Win
[CBI] -> User	 	  : cedric.bilat
[CBI] ->
[CBI] -> Task		  : Compiling-Linking
==================================================================================

[CBI] -> SRC AUX (Recursif) :
[CBI] ->
[CBI] ->              : ../Farmwise_01_Specification/src/cpp/hearc
[CBI] ->              : ../Farmwise_02_Weeds_Finder_CPU/src/cpp/hearc
[CBI] ->              : ../Farmwise_03_Weeds_FInder_GPU/src/cpp/hearc
[CBI] ->              : ../Farmwise_04_ImageProvider/src/cpp/hearc
[CBI] ->              : ../Farmwise_05_Weeds_Consomateur/src/cpp/hearc

[CBI] -> CXXFLAGS (Partial) :
[CBI] ->
[CBI] ->              : -O3
[CBI] ->              : -fgcse
[CBI] ->              : -fomit-frame-pointer
[CBI] ->              : -fopenmp
[CBI] ->              : -frerun-loop-opt
[CBI] ->              : -march=native
[CBI] ->              : -std=c++0x

[CBI] -> LDFLAGS (Partial) :
[CBI] ->

[CBI] -> INC_PATH (auto detect):
[CBI] ->              : ../Farmwise_01_Specification/src/cpp/hearc/specification/01_image_provider/
[CBI] ->              : ../Farmwise_01_Specification/src/cpp/hearc/specification/02_weeds_finder/
[CBI] ->              : ../Farmwise_01_Specification/src/cpp/hearc/specification/02_weeds_finder/io/Output/
[CBI] ->              : ../Farmwise_01_Specification/src/cpp/hearc/specification/02_weeds_finder/io/input/
[CBI] ->              : ../Farmwise_01_Specification/src/cpp/hearc/specification/03_weeds_consomateur/
[CBI] ->              : ../Farmwise_02_Weeds_Finder_CPU/src/cpp/hearc/cpu/facade/
[CBI] ->              : ../Farmwise_02_Weeds_Finder_CPU/src/cpp/hearc/cpu/implementation/
[CBI] ->              : ../Farmwise_03_Weeds_FInder_GPU/src/cpp/hearc/gpu/facade/
[CBI] ->              : ../Farmwise_03_Weeds_FInder_GPU/src/cpp/hearc/gpu/implementation/
[CBI] ->              : ../Farmwise_04_ImageProvider/src/cpp/hearc/file/facade/
[CBI] ->              : ../Farmwise_04_ImageProvider/src/cpp/hearc/file/implementation/
[CBI] ->              : ../Farmwise_04_ImageProvider/src/cpp/hearc/video/facade/
[CBI] ->              : ../Farmwise_04_ImageProvider/src/cpp/hearc/video/implementation/
[CBI] ->              : ../Farmwise_04_ImageProvider/src/cpp/hearc/webcam/facade/
[CBI] ->              : ../Farmwise_04_ImageProvider/src/cpp/hearc/webcam/implementation/
[CBI] ->              : ../Farmwise_05_Weeds_Consomateur/src/cpp/hearc/destroyeur/facade/
[CBI] ->              : ../Farmwise_05_Weeds_Consomateur/src/cpp/hearc/destroyeur/implementation/
[CBI] ->              : ../Farmwise_05_Weeds_Consomateur/src/cpp/hearc/shower/facade/
[CBI] ->              : ../Farmwise_05_Weeds_Consomateur/src/cpp/hearc/shower/implementation/
[CBI] ->              : src/cpp/hearc/use/pipeline/

[CBI] -> LIB_PATH (auto detect):

[CBI] -> API_INC :
[CBI] ->              : c:/Soft_API/ext/OpenCV/001/build/include
[CBI] ->              : c:/Soft_API/ext/OpenCV/001/build/include/opencv2
[CBI] ->              : c:/Soft_API/ext/OpenCV/001/build/include/opencv2/core
[CBI] ->              : c:/Soft_API/ext/OpenCV/001/build/include/opencv2/flann
[CBI] ->              : c:/Soft_API/ext/OpenCV/001/build/include/opencv2/highgui
[CBI] ->              : c:/Soft_API/ext/OpenCV/001/build/include/opencv2/imgproc
[CBI] ->              : c:/Soft_API/ext/OpenCV/001/build/include/opencv2/video

[CBI] -> API_LIB :
[CBI] ->              : c:/Soft_API/ext/OpenCV/001/build/x64/mingw/lib

[CBI] -> API_BIN :
[CBI] ->              : c:/Soft_API/ext/OpenCV/001/build/x64/mingw/bin

[CBI] -> API_LIBRARIES :
[CBI] ->              : opencv_contrib249
[CBI] ->              : opencv_core249
[CBI] ->              : opencv_features2d249
[CBI] ->              : opencv_flann249
[CBI] ->              : opencv_highgui249
[CBI] ->              : opencv_imgproc249
[CBI] ->              : opencv_legacy249
[CBI] ->              : opencv_ml249
[CBI] ->              : opencv_nonfree249
[CBI] ->              : opencv_objdetect249
[CBI] ->              : opencv_ocl249
[CBI] ->              : opencv_photo249
[CBI] ->              : opencv_stitching249
[CBI] ->              : opencv_superres249
[CBI] ->              : opencv_ts249
[CBI] ->              : opencv_video249
[CBI] ->              : opencv_videostab249



[CBI] -> Deploying    : ../RELEASE/bin/Farmwise_Use_mingw_64.exe

[CBI] -> Farmwise_Use_mingw_64 : End ALL!

15:16:20 Build Finished (took 1s.920ms)

