12:40:31 **** Incremental Build of configuration Visual for project Farmwise_09_Weeds_Shower ****
makeVisual.bat all 
init make
init API-EXT
init API-CBI

[VISUAL] : all  


Microsoft (R) C/C++ Optimizing Compiler Version 18.00.30501 for x64
usage: cl [ option... ] filename... [ /link linkoption... ]
Copyright (C) Microsoft Corporation.  All rights reserved.


==================================================================================
[CBI] -> Target Name  : Farmwise_Weeds_Shower_visual_64
[CBI] ->
[CBI] -> Build     	  : Q:/bilat/Targets/Farmwise_Weeds_Shower/bin/Farmwise_Weeds_Shower_visual_64.lib
[CBI] -> Deploy       : ../RELEASE/bin
[CBI] ->
[CBI] -> Type	 	  : STATIC_LIB
[CBI] -> Arch	 	  : 64
[CBI] -> OS	 		  : Win
[CBI] -> User	 	  : bilat
[CBI] ->
[CBI] -> Task		  : Compiling-Linking
==================================================================================

[CBI] -> SRC AUX (Recursif) :
[CBI] ->
[CBI] ->              : ../Farmwise_01_Specification/src/cpp/specification
[CBI] ->              : ../Farmwise_10_Hearc_tools/src/cpp/tools

[CBI] -> CXXFLAGS (Partial) :
[CBI] ->
[CBI] ->              : -Ic:/Soft_API/ext/OpenCV/001/build/include
[CBI] ->              : -Ic:/Soft_API/ext/OpenCV/001/build/include/opencv2
[CBI] ->              : -Ic:/Soft_API/ext/OpenCV/001/build/include/opencv2/core
[CBI] ->              : -Ic:/Soft_API/ext/OpenCV/001/build/include/opencv2/flann
[CBI] ->              : -Ic:/Soft_API/ext/OpenCV/001/build/include/opencv2/highgui
[CBI] ->              : -Ic:/Soft_API/ext/OpenCV/001/build/include/opencv2/imgproc
[CBI] ->              : -Ic:/Soft_API/ext/OpenCV/001/build/include/opencv2/video
[CBI] ->              : /EHsc
[CBI] ->              : /MD
[CBI] ->              : /Ox
[CBI] ->              : /arch:AVX
[CBI] ->              : /nologo
[CBI] ->              : /openmp


[CBI] -> INC_PATH (auto detect):
[CBI] ->              : ../Farmwise_01_Specification/src/cpp/specification/01_image_provider/
[CBI] ->              : ../Farmwise_01_Specification/src/cpp/specification/02_weeds_finder/
[CBI] ->              : ../Farmwise_01_Specification/src/cpp/specification/02_weeds_finder/io/Output/
[CBI] ->              : ../Farmwise_01_Specification/src/cpp/specification/02_weeds_finder/io/array/
[CBI] ->              : ../Farmwise_01_Specification/src/cpp/specification/02_weeds_finder/io/input/
[CBI] ->              : ../Farmwise_01_Specification/src/cpp/specification/03_weeds_consomateur/
[CBI] ->              : ../Farmwise_01_Specification/src/cpp/specification/03_weeds_consomateur/input/
[CBI] ->              : ../Farmwise_01_Specification/src/cpp/specification/04_row_finder/
[CBI] ->              : ../Farmwise_01_Specification/src/cpp/specification/04_row_finder/io/input/
[CBI] ->              : ../Farmwise_01_Specification/src/cpp/specification/04_row_finder/io/output/
[CBI] ->              : ../Farmwise_01_Specification/src/cpp/specification/04_row_finder/row/
[CBI] ->              : ../Farmwise_01_Specification/src/cpp/specification/05_row_consomateur/
[CBI] ->              : ../Farmwise_01_Specification/src/cpp/specification/05_row_consomateur/input/
[CBI] ->              : ../Farmwise_10_Hearc_tools/src/cpp/tools/
[CBI] ->              : src/cpp/weedsshower/facade/
[CBI] ->              : src/cpp/weedsshower/implementation/

[CBI] -> LIB_PATH (auto detect):

[CBI] -> API_INC :
[CBI] ->              : c:/Soft_API/ext/OpenCV/001/build/include
[CBI] ->              : c:/Soft_API/ext/OpenCV/001/build/include/opencv2
[CBI] ->              : c:/Soft_API/ext/OpenCV/001/build/include/opencv2/core
[CBI] ->              : c:/Soft_API/ext/OpenCV/001/build/include/opencv2/flann
[CBI] ->              : c:/Soft_API/ext/OpenCV/001/build/include/opencv2/highgui
[CBI] ->              : c:/Soft_API/ext/OpenCV/001/build/include/opencv2/imgproc
[CBI] ->              : c:/Soft_API/ext/OpenCV/001/build/include/opencv2/video

[CBI] -> API_LIB :
[CBI] ->              : c:/Soft_API/ext/OpenCV/001/build/x64/vc12/lib

[CBI] -> API_BIN :
[CBI] ->              : c:/Soft_API/ext/OpenCV/001/build/x64/vc12/bin

[CBI] -> API_LIBRARIES :
[CBI] ->              : opencv_contrib249.lib
[CBI] ->              : opencv_core249.lib
[CBI] ->              : opencv_features2d249.lib
[CBI] ->              : opencv_flann249.lib
[CBI] ->              : opencv_gpu249.lib
[CBI] ->              : opencv_highgui249.lib
[CBI] ->              : opencv_imgproc249.lib
[CBI] ->              : opencv_legacy249.lib
[CBI] ->              : opencv_ml249.lib
[CBI] ->              : opencv_nonfree249.lib
[CBI] ->              : opencv_objdetect249.lib
[CBI] ->              : opencv_ocl249.lib
[CBI] ->              : opencv_photo249.lib
[CBI] ->              : opencv_stitching249.lib
[CBI] ->              : opencv_superres249.lib
[CBI] ->              : opencv_ts249.lib
[CBI] ->              : opencv_video249.lib
[CBI] ->              : opencv_videostab249.lib


WeedsShower.cpp

Microsoft (R) Library Manager Version 12.00.30501.0
Copyright (C) Microsoft Corporation.  All rights reserved.


==================================================================================
[CBI] -> Target Name  : Farmwise_Weeds_Shower_visual_64
[CBI] -> Location     : Q:/bilat/Targets/Farmwise_Weeds_Shower/bin/Farmwise_Weeds_Shower_visual_64.lib
[CBI] -> Deploy 	  : ../RELEASE/bin
[CBI] ->
[CBI] -> Type	 	  : STATIC_LIB
[CBI] -> Arch	 	  : 64
[CBI] -> OS	 		  : Win
[CBI] -> User	 	  : bilat
[CBI] ->
[CBI] -> Compilateur  : VISUAL (cl)
[CBI] -> Task	      : End Compiling-Archive !
[CBI] -> Time		  : 12:40:33
==================================================================================


[CBI] -> Deploying    : ../RELEASE/bin/Farmwise_Weeds_Shower_visual_64.lib

[CBI] -> Farmwise_Weeds_Shower_visual_64 : End ALL!

12:40:34 Build Finished (took 2s.641ms)

