16:34:58 **** Build of configuration MinGW for project Farmwise_06_Weeds_Finder_CPU ****
Info: Configuration "MinGW" uses tool-chain "MinGW GCC" that is unsupported on this system, attempting to build anyway.
makeMinGW.bat all 
init make
init API-EXT
init API-CBI

[MINGW] : all  

Set MinGW environement x64
 
g++ (x86_64-posix-seh-rev0, Built by MinGW-W64 project) 4.9.1
Copyright (C) 2014 Free Software Foundation, Inc.
This is free software; see the source for copying conditions.  There is NO
warranty; not even for MERCHANTABILITY or FITNESS FOR A PARTICULAR PURPOSE.

==================================================================================
[CBI] -> Target Name  : Farmwise_Weeds_Finder_CPU_mingw_64
[CBI] ->
[CBI] -> Build     	  : Q:/bilat/Targets/Farmwise_Weeds_Finder_CPU/bin/libFarmwise_Weeds_Finder_CPU_mingw_64.a
[CBI] -> Deploy       : ../RELEASE/bin
[CBI] ->
[CBI] -> Type	 	  : STATIC_LIB
[CBI] -> Arch	 	  : 64
[CBI] -> OS	 		  : Win
[CBI] -> User	 	  : bilat
[CBI] ->
[CBI] -> Task		  : Compiling-Linking
==================================================================================

[CBI] -> SRC AUX (Recursif) :
[CBI] ->
[CBI] ->              : ../Farmwise_01_Specification/src/cpp/specification
[CBI] ->              : ../Farmwise_05_Weeds_Finder_Specification/src/cpp/weedsfinder/specification
[CBI] ->              : ../Farmwise_10_Hearc_tools/src/cpp/tools

[CBI] -> CXXFLAGS (Partial) :
[CBI] ->
[CBI] ->              : -O3
[CBI] ->              : -fgcse
[CBI] ->              : -fomit-frame-pointer
[CBI] ->              : -fopenmp
[CBI] ->              : -frerun-loop-opt
[CBI] ->              : -march=native
[CBI] ->              : -std=c++0x


[CBI] -> INC_PATH (auto detect):
[CBI] ->              : ../Farmwise_01_Specification/src/cpp/specification/01_image_provider/
[CBI] ->              : ../Farmwise_01_Specification/src/cpp/specification/02_weeds_finder/
[CBI] ->              : ../Farmwise_01_Specification/src/cpp/specification/02_weeds_finder/io/Output/
[CBI] ->              : ../Farmwise_01_Specification/src/cpp/specification/02_weeds_finder/io/array/
[CBI] ->              : ../Farmwise_01_Specification/src/cpp/specification/02_weeds_finder/io/input/
[CBI] ->              : ../Farmwise_01_Specification/src/cpp/specification/03_weeds_consomateur/
[CBI] ->              : ../Farmwise_01_Specification/src/cpp/specification/03_weeds_consomateur/input/
[CBI] ->              : ../Farmwise_01_Specification/src/cpp/specification/04_row_finder/
[CBI] ->              : ../Farmwise_01_Specification/src/cpp/specification/04_row_finder/io/input/
[CBI] ->              : ../Farmwise_01_Specification/src/cpp/specification/04_row_finder/io/output/
[CBI] ->              : ../Farmwise_01_Specification/src/cpp/specification/04_row_finder/row/
[CBI] ->              : ../Farmwise_01_Specification/src/cpp/specification/05_row_consomateur/
[CBI] ->              : ../Farmwise_01_Specification/src/cpp/specification/05_row_consomateur/input/
[CBI] ->              : ../Farmwise_05_Weeds_Finder_Specification/src/cpp/weedsfinder/specification/
[CBI] ->              : ../Farmwise_05_Weeds_Finder_Specification/src/cpp/weedsfinder/specification/01_segmentation/
[CBI] ->              : ../Farmwise_05_Weeds_Finder_Specification/src/cpp/weedsfinder/specification/01_segmentation/io/input/
[CBI] ->              : ../Farmwise_05_Weeds_Finder_Specification/src/cpp/weedsfinder/specification/01_segmentation/io/output/
[CBI] ->              : ../Farmwise_05_Weeds_Finder_Specification/src/cpp/weedsfinder/specification/02_keypointExtraction/
[CBI] ->              : ../Farmwise_05_Weeds_Finder_Specification/src/cpp/weedsfinder/specification/02_keypointExtraction/io/input/
[CBI] ->              : ../Farmwise_05_Weeds_Finder_Specification/src/cpp/weedsfinder/specification/02_keypointExtraction/io/output/
[CBI] ->              : ../Farmwise_05_Weeds_Finder_Specification/src/cpp/weedsfinder/specification/02_keypointExtraction/keypoint/
[CBI] ->              : ../Farmwise_05_Weeds_Finder_Specification/src/cpp/weedsfinder/specification/02_keypointExtraction/keypoint/array/
[CBI] ->              : ../Farmwise_05_Weeds_Finder_Specification/src/cpp/weedsfinder/specification/03_classification/
[CBI] ->              : ../Farmwise_05_Weeds_Finder_Specification/src/cpp/weedsfinder/specification/03_classification/io/input/
[CBI] ->              : ../Farmwise_05_Weeds_Finder_Specification/src/cpp/weedsfinder/specification/03_classification/io/output/
[CBI] ->              : ../Farmwise_05_Weeds_Finder_Specification/src/cpp/weedsfinder/specification/04_postprocessing/
[CBI] ->              : ../Farmwise_05_Weeds_Finder_Specification/src/cpp/weedsfinder/specification/04_postprocessing/io/input/
[CBI] ->              : ../Farmwise_05_Weeds_Finder_Specification/src/cpp/weedsfinder/specification/04_postprocessing/io/output/
[CBI] ->              : ../Farmwise_05_Weeds_Finder_Specification/src/cpp/weedsfinder/specification/05_gravity/
[CBI] ->              : ../Farmwise_05_Weeds_Finder_Specification/src/cpp/weedsfinder/specification/05_gravity/io/input/
[CBI] ->              : ../Farmwise_10_Hearc_tools/src/cpp/tools/
[CBI] ->              : src/cpp/weedsfinder/cpu/facade/
[CBI] ->              : src/cpp/weedsfinder/cpu/implementation/
[CBI] ->              : src/cpp/weedsfinder/cpu/implementation/pipeline/01_segmentation/facade/
[CBI] ->              : src/cpp/weedsfinder/cpu/implementation/pipeline/01_segmentation/implementation/
[CBI] ->              : src/cpp/weedsfinder/cpu/implementation/pipeline/02_keypointExtraction/facade/
[CBI] ->              : src/cpp/weedsfinder/cpu/implementation/pipeline/02_keypointExtraction/implementation/
[CBI] ->              : src/cpp/weedsfinder/cpu/implementation/pipeline/02_keypointExtraction/implementation/sous_algo/coordinate/
[CBI] ->              : src/cpp/weedsfinder/cpu/implementation/pipeline/02_keypointExtraction/implementation/sous_algo/feature/
[CBI] ->              : src/cpp/weedsfinder/cpu/implementation/pipeline/02_keypointExtraction/implementation/sous_algo/feature/color/
[CBI] ->              : src/cpp/weedsfinder/cpu/implementation/pipeline/02_keypointExtraction/implementation/sous_algo/feature/shape/
[CBI] ->              : src/cpp/weedsfinder/cpu/implementation/pipeline/03_classification/facade/
[CBI] ->              : src/cpp/weedsfinder/cpu/implementation/pipeline/03_classification/implementation/
[CBI] ->              : src/cpp/weedsfinder/cpu/implementation/pipeline/04_postprocessing/facade/
[CBI] ->              : src/cpp/weedsfinder/cpu/implementation/pipeline/04_postprocessing/implementtaion/
[CBI] ->              : src/cpp/weedsfinder/cpu/implementation/pipeline/05_gravity/facade/
[CBI] ->              : src/cpp/weedsfinder/cpu/implementation/pipeline/05_gravity/implementation/

[CBI] -> LIB_PATH (auto detect):

[CBI] -> API_INC :
[CBI] ->              : c:/Soft_API/ext/OpenCV/001/build/include
[CBI] ->              : c:/Soft_API/ext/OpenCV/001/build/include/opencv2
[CBI] ->              : c:/Soft_API/ext/OpenCV/001/build/include/opencv2/core
[CBI] ->              : c:/Soft_API/ext/OpenCV/001/build/include/opencv2/flann
[CBI] ->              : c:/Soft_API/ext/OpenCV/001/build/include/opencv2/highgui
[CBI] ->              : c:/Soft_API/ext/OpenCV/001/build/include/opencv2/imgproc
[CBI] ->              : c:/Soft_API/ext/OpenCV/001/build/include/opencv2/video

[CBI] -> API_LIB :
[CBI] ->              : c:/Soft_API/ext/OpenCV/001/build/x64/mingw/lib

[CBI] -> API_BIN :
[CBI] ->              : c:/Soft_API/ext/OpenCV/001/build/x64/mingw/bin

[CBI] -> API_LIBRARIES :
[CBI] ->              : opencv_contrib249
[CBI] ->              : opencv_core249
[CBI] ->              : opencv_features2d249
[CBI] ->              : opencv_flann249
[CBI] ->              : opencv_highgui249
[CBI] ->              : opencv_imgproc249
[CBI] ->              : opencv_legacy249
[CBI] ->              : opencv_ml249
[CBI] ->              : opencv_nonfree249
[CBI] ->              : opencv_objdetect249
[CBI] ->              : opencv_ocl249
[CBI] ->              : opencv_photo249
[CBI] ->              : opencv_stitching249
[CBI] ->              : opencv_superres249
[CBI] ->              : opencv_ts249
[CBI] ->              : opencv_video249
[CBI] ->              : opencv_videostab249

[CBI] -> Create folder : Q:/bilat/Targets/Farmwise_Weeds_Finder_CPU/bin
[CBI] -> Create folder : Q:/bilat/Targets/Farmwise_Weeds_Finder_CPU/obj

[Farmwise_Weeds_Finder_CPU_mingw_64] -> g++ compiling .cpp : src/cpp/weedsfinder/cpu/facade/FactoryWeedsFinder_CPU.cpp
[Farmwise_Weeds_Finder_CPU_mingw_64] -> g++ compiling .cpp : src/cpp/weedsfinder/cpu/implementation/WeedsFinder_CPU.cpp
[Farmwise_Weeds_Finder_CPU_mingw_64] -> g++ compiling .cpp : src/cpp/weedsfinder/cpu/implementation/pipeline/01_segmentation/facade/FactorySegmentation_CPU.cpp
[Farmwise_Weeds_Finder_CPU_mingw_64] -> g++ compiling .cpp : src/cpp/weedsfinder/cpu/implementation/pipeline/01_segmentation/implementation/Segmentation_CPU.cpp
[Farmwise_Weeds_Finder_CPU_mingw_64] -> g++ compiling .cpp : src/cpp/weedsfinder/cpu/implementation/pipeline/02_keypointExtraction/facade/FactoryKeypointExtraction_CPU.cpp
[Farmwise_Weeds_Finder_CPU_mingw_64] -> g++ compiling .cpp : src/cpp/weedsfinder/cpu/implementation/pipeline/02_keypointExtraction/implementation/KeypointExtraction_CPU.cpp
[Farmwise_Weeds_Finder_CPU_mingw_64] -> g++ compiling .cpp : src/cpp/weedsfinder/cpu/implementation/pipeline/02_keypointExtraction/implementation/sous_algo/coordinate/KeypointCoordinateGrid.cpp
[Farmwise_Weeds_Finder_CPU_mingw_64] -> g++ compiling .cpp : src/cpp/weedsfinder/cpu/implementation/pipeline/02_keypointExtraction/implementation/sous_algo/feature/KeypointFeatureExtract.cpp
[Farmwise_Weeds_Finder_CPU_mingw_64] -> g++ compiling .cpp : src/cpp/weedsfinder/cpu/implementation/pipeline/02_keypointExtraction/implementation/sous_algo/feature/color/KeypointFeatureColorExtract.cpp
[Farmwise_Weeds_Finder_CPU_mingw_64] -> g++ compiling .cpp : src/cpp/weedsfinder/cpu/implementation/pipeline/02_keypointExtraction/implementation/sous_algo/feature/shape/KeypointFeatureShapeExtract.cpp
[Farmwise_Weeds_Finder_CPU_mingw_64] -> g++ compiling .cpp : src/cpp/weedsfinder/cpu/implementation/pipeline/03_classification/facade/FactoryClassification_CPU.cpp
[Farmwise_Weeds_Finder_CPU_mingw_64] -> g++ compiling .cpp : src/cpp/weedsfinder/cpu/implementation/pipeline/03_classification/implementation/ClassificationModel_CPU.cpp
[Farmwise_Weeds_Finder_CPU_mingw_64] -> g++ compiling .cpp : src/cpp/weedsfinder/cpu/implementation/pipeline/03_classification/implementation/Classification_CPU.cpp
[Farmwise_Weeds_Finder_CPU_mingw_64] -> g++ compiling .cpp : src/cpp/weedsfinder/cpu/implementation/pipeline/04_postprocessing/facade/FactoryPostProcessing_CPU.cpp
[Farmwise_Weeds_Finder_CPU_mingw_64] -> g++ compiling .cpp : src/cpp/weedsfinder/cpu/implementation/pipeline/04_postprocessing/implementtaion/PostProcessing_CPU.cpp
[Farmwise_Weeds_Finder_CPU_mingw_64] -> g++ compiling .cpp : src/cpp/weedsfinder/cpu/implementation/pipeline/05_gravity/facade/FactoryGravity_CPU.cpp
[Farmwise_Weeds_Finder_CPU_mingw_64] -> g++ compiling .cpp : src/cpp/weedsfinder/cpu/implementation/pipeline/05_gravity/implementation/Gravity_CPU.cpp
[Farmwise_Weeds_Finder_CPU_mingw_64] -> g++ compiling .cpp : ../Farmwise_01_Specification/src/cpp/specification/02_weeds_finder/io/array/ArrayPoint2i.cpp
[Farmwise_Weeds_Finder_CPU_mingw_64] -> g++ compiling .cpp : ../Farmwise_01_Specification/src/cpp/specification/02_weeds_finder/io/input/WeedsIn.cpp
[Farmwise_Weeds_Finder_CPU_mingw_64] -> g++ compiling .cpp : ../Farmwise_01_Specification/src/cpp/specification/02_weeds_finder/io/Output/WeedsOut.cpp
[Farmwise_Weeds_Finder_CPU_mingw_64] -> g++ compiling .cpp : ../Farmwise_01_Specification/src/cpp/specification/03_weeds_consomateur/input/WeedsData.cpp
[Farmwise_Weeds_Finder_CPU_mingw_64] -> g++ compiling .cpp : ../Farmwise_01_Specification/src/cpp/specification/04_row_finder/io/input/RowIn.cpp
[Farmwise_Weeds_Finder_CPU_mingw_64] -> g++ compiling .cpp : ../Farmwise_01_Specification/src/cpp/specification/04_row_finder/io/output/RowOut.cpp
[Farmwise_Weeds_Finder_CPU_mingw_64] -> g++ compiling .cpp : ../Farmwise_01_Specification/src/cpp/specification/04_row_finder/row/Row.cpp
[Farmwise_Weeds_Finder_CPU_mingw_64] -> g++ compiling .cpp : ../Farmwise_01_Specification/src/cpp/specification/05_row_consomateur/input/RowData.cpp
[Farmwise_Weeds_Finder_CPU_mingw_64] -> g++ compiling .cpp : ../Farmwise_05_Weeds_Finder_Specification/src/cpp/weedsfinder/specification/PipelineWeeds.cpp
[Farmwise_Weeds_Finder_CPU_mingw_64] -> g++ compiling .cpp : ../Farmwise_05_Weeds_Finder_Specification/src/cpp/weedsfinder/specification/01_segmentation/io/input/SegmentationIn.cpp
[Farmwise_Weeds_Finder_CPU_mingw_64] -> g++ compiling .cpp : ../Farmwise_05_Weeds_Finder_Specification/src/cpp/weedsfinder/specification/01_segmentation/io/output/SegmentationOut.cpp
[Farmwise_Weeds_Finder_CPU_mingw_64] -> g++ compiling .cpp : ../Farmwise_05_Weeds_Finder_Specification/src/cpp/weedsfinder/specification/02_keypointExtraction/io/input/KeypointExtractionIn.cpp
[Farmwise_Weeds_Finder_CPU_mingw_64] -> g++ compiling .cpp : ../Farmwise_05_Weeds_Finder_Specification/src/cpp/weedsfinder/specification/02_keypointExtraction/io/output/KeypointExtractionOut.cpp
[Farmwise_Weeds_Finder_CPU_mingw_64] -> g++ compiling .cpp : ../Farmwise_05_Weeds_Finder_Specification/src/cpp/weedsfinder/specification/02_keypointExtraction/keypoint/Keypoint.cpp
[Farmwise_Weeds_Finder_CPU_mingw_64] -> g++ compiling .cpp : ../Farmwise_05_Weeds_Finder_Specification/src/cpp/weedsfinder/specification/02_keypointExtraction/keypoint/array/ArrayKeypoint.cpp
[Farmwise_Weeds_Finder_CPU_mingw_64] -> g++ compiling .cpp : ../Farmwise_05_Weeds_Finder_Specification/src/cpp/weedsfinder/specification/03_classification/io/input/ClassificationIn.cpp
[Farmwise_Weeds_Finder_CPU_mingw_64] -> g++ compiling .cpp : ../Farmwise_05_Weeds_Finder_Specification/src/cpp/weedsfinder/specification/03_classification/io/output/ClassificationOut.cpp
[Farmwise_Weeds_Finder_CPU_mingw_64] -> g++ compiling .cpp : ../Farmwise_05_Weeds_Finder_Specification/src/cpp/weedsfinder/specification/04_postprocessing/io/input/PostProcessingIn.cpp
[Farmwise_Weeds_Finder_CPU_mingw_64] -> g++ compiling .cpp : ../Farmwise_05_Weeds_Finder_Specification/src/cpp/weedsfinder/specification/04_postprocessing/io/output/PostProcessingOut.cpp
[Farmwise_Weeds_Finder_CPU_mingw_64] -> g++ compiling .cpp : ../Farmwise_05_Weeds_Finder_Specification/src/cpp/weedsfinder/specification/05_gravity/io/input/GravityIn.cpp
[Farmwise_Weeds_Finder_CPU_mingw_64] -> g++ compiling .cpp : ../Farmwise_10_Hearc_tools/src/cpp/tools/StringTools.cpp
[Farmwise_Weeds_Finder_CPU_mingw_64] -> g++ compiling .cpp : ../Farmwise_10_Hearc_tools/src/cpp/tools/OpenCVTools.cpp
[Farmwise_Weeds_Finder_CPU_mingw_64] -> g++ compiling .cpp : ../Farmwise_10_Hearc_tools/src/cpp/tools/Fps.cpp
[Farmwise_Weeds_Finder_CPU_mingw_64] -> g++ compiling .cpp : ../Farmwise_10_Hearc_tools/src/cpp/tools/Chrono.cpp

ar: creating Q:/bilat/Targets/Farmwise_Weeds_Finder_CPU/bin/libFarmwise_Weeds_Finder_CPU_mingw_64.a

==================================================================================
[CBI] -> Target Name  : Farmwise_Weeds_Finder_CPU_mingw_64
[CBI] -> Location     : Q:/bilat/Targets/Farmwise_Weeds_Finder_CPU/bin/libFarmwise_Weeds_Finder_CPU_mingw_64.a
[CBI] -> Deploy 	  : ../RELEASE/bin
[CBI] ->
[CBI] -> Type	 	  : STATIC_LIB
[CBI] -> Arch	 	  : 64
[CBI] -> OS	 		  : Win
[CBI] -> User	 	  : bilat
[CBI] ->
[CBI] -> Compilateur  : MINGW (g++)
[CBI] -> Task	      : End Compiling-Archive !
[CBI] -> Time		  : 16:35:48
==================================================================================


[CBI] -> Deploying    : ../RELEASE/bin/libFarmwise_Weeds_Finder_CPU_mingw_64.a

[CBI] -> Farmwise_Weeds_Finder_CPU_mingw_64 : End ALL!

16:35:49 Build Finished (took 50s.751ms)

