15:54:57 **** Incremental Build of configuration IntelLinux_parallel for project OMP_Image ****
cbicc intel jall 

--------------------------------------------------------
[Runtime] : intel x86
--------------------------------------------------------


[cuda]        : /usr/local

[jni]         : /usr/lib/jvm/java-8-oracle

[X11]         : /usr/include/X11

[MKL]         : /opt/intel/mkl
[Runtime] : Intel : /opt/intel

[boost]       : /opt/api/ext/boost

[opencv]      : /opt/api/ext/opencv

[cpptest]     : /opt/api/ext/cpptest

[gphoto2]     : /opt/api/ext/gphoto2

[urg]         : /opt/api/ext/urg

[wic]         : /opt/api/ext/wic 

[pleora]      : /opt/api/ext/pleora

[glm]      : /opt/api/ext/GLM

[Runtime] : BILAT_INFOGRAPHIE           /opt/api/cbi/infographie

     BILAT_TOOLS_JST_HOME             = /opt/api/cbi/infographie/tools
     BILAT_OPENGL_HOME                = /opt/api/cbi/infographie/opengl
     BILAT_FENETRAGE_HOME             = /opt/api/cbi/infographie/fenetrage
     BILAT_IMAGE_HOME                 = /opt/api/cbi/infographie/image
     BILAT_SCENE_3D_HOME              = /opt/api/cbi/infographie/scene3d

[Runtime] : BILAT_TOOLS                 /opt/api/cbi/tools

     BILAT_TOOLS_CPP_HOME             = /opt/api/cbi/tools/bilat_tools_cpp
     BILAT_TOOLS_OMP_HOME             = /opt/api/cbi/tools/bilat_tools_omp
     BILAT_TOOLS_CUDA_HOME            = /opt/api/cbi/tools/bilat_tools_cuda
     BILAT_TOOLS_MKL_HOME             = /opt/api/cbi/tools/bilat_tools_mkl
     BILAT_TOOLS_OPENCV_HOME          = /opt/api/cbi/tools/bilat_tools_opencv
     BILAT_TOOLS_V4L_HOME             = /opt/api/cbi/tools/bilat_tools_v4l
     BILAT_TOOLS_CUDA_IMAGE_HOME      = /opt/api/cbi/tools/bilat_tools_cuda_image
     BILAT_TOOLS_CUDA_IMAGE_CV_HOME   = /opt/api/cbi/tools/bilat_tools_cuda_image_cv
     BILAT_TOOLS_IMAGE_HOME           = /opt/api/cbi/tools/bilat_tools_image
     BILAT_TOOLS_IMAGE_CV_HOME        = /opt/api/cbi/tools/bilat_tools_image_cv
     BILAT_TOOLS_CUDA_3D_HOME         = /opt/api/cbi/tools/bilat_tools_cuda_3D
     BILAT_TOOLS_JNI_HOME             = /opt/api/cbi/tools/bilat_tools_jni

[Runtime] : BILAT_CAPTEUR               /opt/api/cbi/capteur

     BILAT_GPHOTO2_HOME                 = /opt/api/cbi/capteur/bilat_gphoto2
     BILAT_LASER_HOME                   = /opt/api/cbi/capteur/bilat_laser
     BILAT_LIDAR_HOME                   = /opt/api/cbi/capteur/bilat_lidar
     BILAT_TAU2_HOME                    = /opt/api/cbi/capteur/bilat_tau2
     BILAT_SPEECH_HOME                  = /opt/api/cbi/capteur/bilat_speech
     BILAT_GPS_HOME                     = /opt/api/cbi/capteur/bilat_gps
     BILAT_PIPES_P2P_HOME               = /opt/api/cbi/capteur/bilat_pipes_p2p
     BILAT_PIPES_CLIENT_HOME            = /opt/api/cbi/capteur/bilat_pipes_client
     BILAT_PIPES_CLIENT_SERVER_JAVA_HOME= /opt/api/cbi/capteur/bilat_pipes_client_server_java

--------------------------------------------------------
[Runtime] : intel x86 : Ready!
--------------------------------------------------------


[INTEL] : jall

icpc (ICC) 17.0.4 20170411
Copyright (C) 1985-2017 Intel Corporation.  All rights reserved.

==================================================================================
[CBI] -> Target Name  : OMP_Image_intel_x86_64
[CBI] ->
[CBI] -> Build     	  : /tmp/ramdrive/bilat/Targets/OMP_Image/bin/OMP_Image_intel_x86_64.run
[CBI] -> Deploy       : ../RELEASE/bin
[CBI] ->
[CBI] -> Type	 	  : EXE
[CBI] -> Arch	 	  : x86_64
[CBI] -> OS	 		  : Linux
[CBI] -> User	 	  : bilat
[CBI] ->
[CBI] -> Task		  : Compiling-Linking
==================================================================================

[CBI] -> SRC AUX (Recursif) :
[CBI] ->

[CBI] -> CXXFLAGS (Partial) :
[CBI] ->
[CBI] ->              : -O3
[CBI] ->              : -fast
[CBI] ->              : -openmp
[CBI] ->              : -par-threshold100
[CBI] ->              : -parallel
[CBI] ->              : -std=c++11
[CBI] ->              : -w
[CBI] ->              : -xHost

[CBI] -> LDFLAGS (Partial) :
[CBI] ->

[CBI] -> INC_PATH (auto detect):
[CBI] ->              : src/core/01_Rippling/a_animable/
[CBI] ->              : src/core/01_Rippling/a_animable/math/
[CBI] ->              : src/core/01_Rippling/b_provider/
[CBI] ->              : src/core/02_Mandelbrot_Julia/00_Common/b_moo/
[CBI] ->              : src/core/02_Mandelbrot_Julia/00_Common/c_math/
[CBI] ->              : src/core/02_Mandelbrot_Julia/01_Mandelbrot/a_animable/
[CBI] ->              : src/core/02_Mandelbrot_Julia/01_Mandelbrot/a_animable/math/
[CBI] ->              : src/core/02_Mandelbrot_Julia/01_Mandelbrot/b_provider/
[CBI] ->              : src/core/02_Mandelbrot_Julia/02_Julia/a_animable/
[CBI] ->              : src/core/02_Mandelbrot_Julia/02_Julia/a_animable/math/
[CBI] ->              : src/core/02_Mandelbrot_Julia/02_Julia/b_provider/

[CBI] -> LIB_PATH (auto detect):

[CBI] -> API_INC :
[CBI] ->              : /opt/api/cbi/infographie/fenetrage/303/Bilat_Fenetrage_Displayable/INC
[CBI] ->              : /opt/api/cbi/infographie/fenetrage/303/Bilat_Fenetrage_Displayable/INC/primitives
[CBI] ->              : /opt/api/cbi/infographie/fenetrage/303/Bilat_Fenetrage_Displayable_GL/INC
[CBI] ->              : /opt/api/cbi/infographie/fenetrage/303/Bilat_Fenetrage_Displayable_GL/INC/primitives
[CBI] ->              : /opt/api/cbi/infographie/fenetrage/303/Bilat_Fenetrage_FreeGlut_Tools/INC
[CBI] ->              : /opt/api/cbi/infographie/image/303/Bilat_Image_FreeGlut/INC
[CBI] ->              : /opt/api/cbi/infographie/image/303/Bilat_Image_FreeGlut/INC/common
[CBI] ->              : /opt/api/cbi/infographie/image/303/Bilat_Image_FreeGlut/INC/cpu
[CBI] ->              : /opt/api/cbi/infographie/image/303/Bilat_Image_GL/INC
[CBI] ->              : /opt/api/cbi/infographie/image/303/Bilat_Image_GL/INC/common
[CBI] ->              : /opt/api/cbi/infographie/image/303/Bilat_Image_GL/INC/cpu
[CBI] ->              : /opt/api/cbi/infographie/opengl/303/Bilat_OpenGL_Tools/INC
[CBI] ->              : /opt/api/cbi/infographie/tools/303/Bilat_tools_dll/INC
[CBI] ->              : /opt/api/cbi/tools/bilat_tools_cpp/303_006/INC
[CBI] ->              : /opt/api/cbi/tools/bilat_tools_cpp/303_006/INC/namespace_cpu
[CBI] ->              : /opt/api/cbi/tools/bilat_tools_image/303_006/INC
[CBI] ->              : /opt/api/cbi/tools/bilat_tools_image/303_006/INC/imp
[CBI] ->              : /opt/api/cbi/tools/bilat_tools_image/303_006/INC/imp/api_animateur
[CBI] ->              : /opt/api/cbi/tools/bilat_tools_image/303_006/INC/imp/api_image_link
[CBI] ->              : /opt/api/cbi/tools/bilat_tools_image/303_006/INC/imp/api_viewer
[CBI] ->              : /opt/api/cbi/tools/bilat_tools_image/303_006/INC/spec
[CBI] ->              : /opt/api/cbi/tools/bilat_tools_image_cv/303_006/INC
[CBI] ->              : /opt/api/cbi/tools/bilat_tools_omp/303_006/INC
[CBI] ->              : /opt/api/cbi/tools/bilat_tools_omp/303_006/INC/OMP_Tools
[CBI] ->              : /opt/api/cbi/tools/bilat_tools_omp/303_006/INC/OMP_Tools/header
[CBI] ->              : /opt/api/cbi/tools/bilat_tools_opencv/303_006/INC
[CBI] ->              : /opt/api/cbi/tools/bilat_tools_opencv/303_006/INC/capture
[CBI] ->              : /opt/api/cbi/tools/bilat_tools_opencv/303_006/INC/capture/video
[CBI] ->              : /opt/api/cbi/tools/bilat_tools_opencv/303_006/INC/capture/webcam
[CBI] ->              : /opt/api/cbi/tools/bilat_tools_opencv/303_006/INC/show
[CBI] ->              : /opt/api/cbi/tools/bilat_tools_opencv/303_006/INC/show/shapeOverlay
[CBI] ->              : /opt/api/cbi/tools/bilat_tools_opencv/303_006/INC/show/shapeOverlay/appearance
[CBI] ->              : /opt/api/cbi/tools/bilat_tools_opencv/303_006/INC/show/shapeOverlay/drawer
[CBI] ->              : /opt/api/cbi/tools/bilat_tools_opencv/303_006/INC/show/shapeOverlay/shape
[CBI] ->              : /opt/api/cbi/tools/bilat_tools_opencv/303_006/INC/show/view
[CBI] ->              : /opt/api/cbi/tools/bilat_tools_opencv/303_006/INC/show/view/viewer
[CBI] ->              : /opt/api/cbi/tools/bilat_tools_opencv/303_006/INC/show/view/viewerMat
[CBI] ->              : /opt/api/cbi/tools/bilat_tools_opencv/303_006/INC/tools
[CBI] ->              : /opt/api/ext/opencv/330/include
[CBI] ->              : /opt/api/ext/opencv/330/include/opencv
[CBI] ->              : /opt/api/ext/opencv/330/include/opencv2
[CBI] ->              : /opt/api/ext/opencv/330/include/opencv2/calib3d
[CBI] ->              : /opt/api/ext/opencv/330/include/opencv2/core
[CBI] ->              : /opt/api/ext/opencv/330/include/opencv2/core/cuda
[CBI] ->              : /opt/api/ext/opencv/330/include/opencv2/core/cuda/detail
[CBI] ->              : /opt/api/ext/opencv/330/include/opencv2/core/hal
[CBI] ->              : /opt/api/ext/opencv/330/include/opencv2/core/utils
[CBI] ->              : /opt/api/ext/opencv/330/include/opencv2/dnn
[CBI] ->              : /opt/api/ext/opencv/330/include/opencv2/features2d
[CBI] ->              : /opt/api/ext/opencv/330/include/opencv2/flann
[CBI] ->              : /opt/api/ext/opencv/330/include/opencv2/highgui
[CBI] ->              : /opt/api/ext/opencv/330/include/opencv2/imgcodecs
[CBI] ->              : /opt/api/ext/opencv/330/include/opencv2/imgproc
[CBI] ->              : /opt/api/ext/opencv/330/include/opencv2/imgproc/detail
[CBI] ->              : /opt/api/ext/opencv/330/include/opencv2/imgproc/hal
[CBI] ->              : /opt/api/ext/opencv/330/include/opencv2/ml
[CBI] ->              : /opt/api/ext/opencv/330/include/opencv2/objdetect
[CBI] ->              : /opt/api/ext/opencv/330/include/opencv2/photo
[CBI] ->              : /opt/api/ext/opencv/330/include/opencv2/shape
[CBI] ->              : /opt/api/ext/opencv/330/include/opencv2/stitching
[CBI] ->              : /opt/api/ext/opencv/330/include/opencv2/stitching/detail
[CBI] ->              : /opt/api/ext/opencv/330/include/opencv2/superres
[CBI] ->              : /opt/api/ext/opencv/330/include/opencv2/video
[CBI] ->              : /opt/api/ext/opencv/330/include/opencv2/videoio
[CBI] ->              : /opt/api/ext/opencv/330/include/opencv2/videostab

[CBI] -> API_BIN :
[CBI] ->              : /opt/api/cbi/infographie/fenetrage/303/Bilat_Fenetrage_Displayable/BIN/intel
[CBI] ->              : /opt/api/cbi/infographie/fenetrage/303/Bilat_Fenetrage_Displayable_GL/BIN/intel
[CBI] ->              : /opt/api/cbi/infographie/fenetrage/303/Bilat_Fenetrage_FreeGlut_Tools/BIN/intel
[CBI] ->              : /opt/api/cbi/infographie/image/303/Bilat_Image_FreeGlut/BIN/intel
[CBI] ->              : /opt/api/cbi/infographie/image/303/Bilat_Image_GL/BIN/intel
[CBI] ->              : /opt/api/cbi/infographie/opengl/303/Bilat_OpenGL_Tools/BIN/intel
[CBI] ->              : /opt/api/cbi/tools/bilat_tools_cpp/303_006/BIN/intel
[CBI] ->              : /opt/api/cbi/tools/bilat_tools_image/303_006/BIN/intel
[CBI] ->              : /opt/api/cbi/tools/bilat_tools_image_cv/303_006/BIN/intel
[CBI] ->              : /opt/api/cbi/tools/bilat_tools_omp/303_006/BIN/intel
[CBI] ->              : /opt/api/cbi/tools/bilat_tools_opencv/303_006/BIN/intel
[CBI] ->              : /opt/api/ext/opencv/330/lib
[CBI] ->              : /opt/api/ext/opencv/330/lib/pkgconfig

[CBI] -> API_LIBRARIES_STATIC :

[CBI] -> API_LIBRARIES :
[CBI] ->              : BilatTools_CPP_303_006_intel_x86_64
[CBI] ->              : BilatTools_Image_303_006_intel_x86_64
[CBI] ->              : BilatTools_Image_OpenCV_303_006_intel_x86_64
[CBI] ->              : BilatTools_OMP_303_006_intel_x86_64
[CBI] ->              : BilatTools_OpenCV_303_006_intel_x86_64
[CBI] ->              : Bilat_Fenetrage_Displayable_303_intel_x86_64
[CBI] ->              : Bilat_Fenetrage_Displayable_GL_303_intel_x86_64
[CBI] ->              : Bilat_Fenetrage_FreeGlut_Tools_303_intel_x86_64
[CBI] ->              : Bilat_Image_FreeGlut_303_intel_x86_64
[CBI] ->              : Bilat_Image_GL_303_intel_x86_64
[CBI] ->              : Bilat_OpenGL_Tools_303_intel_x86_64
[CBI] ->              : GL
[CBI] ->              : GLEW
[CBI] ->              : GLU
[CBI] ->              : glut
[CBI] ->              : opencv_calib3d_gcc484
[CBI] ->              : opencv_core_gcc484
[CBI] ->              : opencv_dnn_gcc484
[CBI] ->              : opencv_features2d_gcc484
[CBI] ->              : opencv_flann_gcc484
[CBI] ->              : opencv_highgui_gcc484
[CBI] ->              : opencv_imgcodecs_gcc484
[CBI] ->              : opencv_imgproc_gcc484
[CBI] ->              : opencv_ml_gcc484
[CBI] ->              : opencv_objdetect_gcc484
[CBI] ->              : opencv_photo_gcc484
[CBI] ->              : opencv_shape_gcc484
[CBI] ->              : opencv_stitching_gcc484
[CBI] ->              : opencv_superres_gcc484
[CBI] ->              : opencv_video_gcc484
[CBI] ->              : opencv_videoio_gcc484
[CBI] ->              : opencv_videostab_gcc484

[CBI] -> Create folder : /tmp/ramdrive/bilat/Targets/OMP_Image/bin
[CBI] -> Create folder : /tmp/ramdrive/bilat/Targets/OMP_Image/obj

[CBI] -> Compilation parallel (32 threads)

[OMP_Image_intel_x86_64] -> icc compiling .cpp : src/main.cpp
[OMP_Image_intel_x86_64] -> icc compiling .cpp : src/core/mainAnimable.cpp
[OMP_Image_intel_x86_64] -> icc compiling .cpp : src/core/mainImage.cpp
[OMP_Image_intel_x86_64] -> icc compiling .cpp : src/core/01_Rippling/a_animable/Rippling.cpp
[OMP_Image_intel_x86_64] -> icc compiling .cpp : src/core/01_Rippling/b_provider/RipplingProvider.cpp
[OMP_Image_intel_x86_64] -> icc compiling .cpp : src/core/02_Mandelbrot_Julia/01_Mandelbrot/a_animable/Mandelbrot.cpp
[OMP_Image_intel_x86_64] -> icc compiling .cpp : src/core/02_Mandelbrot_Julia/01_Mandelbrot/b_provider/MandelbrotProvider.cpp
[OMP_Image_intel_x86_64] -> icc compiling .cpp : src/core/02_Mandelbrot_Julia/02_Julia/a_animable/Julia.cpp
[OMP_Image_intel_x86_64] -> icc compiling .cpp : src/core/02_Mandelbrot_Julia/02_Julia/b_provider/JuliaProvider.cpp
[OMP_Image_intel_x86_64] -> icc compiling .cpp : src/core/02_Mandelbrot_Julia/00_Common/b_moo/Fractale.cpp

[CBI] -> Linking to   : /tmp/ramdrive/bilat/Targets/OMP_Image/bin/OMP_Image_intel_x86_64.run

[CBI] -> Library Link :
[CBI] ->              : -lBilatTools_CPP_303_006_intel_x86_64
[CBI] ->              : -lBilatTools_Image_303_006_intel_x86_64
[CBI] ->              : -lBilatTools_Image_OpenCV_303_006_intel_x86_64
[CBI] ->              : -lBilatTools_OMP_303_006_intel_x86_64
[CBI] ->              : -lBilatTools_OpenCV_303_006_intel_x86_64
[CBI] ->              : -lBilat_Fenetrage_Displayable_303_intel_x86_64
[CBI] ->              : -lBilat_Fenetrage_Displayable_GL_303_intel_x86_64
[CBI] ->              : -lBilat_Fenetrage_FreeGlut_Tools_303_intel_x86_64
[CBI] ->              : -lBilat_Image_FreeGlut_303_intel_x86_64
[CBI] ->              : -lBilat_Image_GL_303_intel_x86_64
[CBI] ->              : -lBilat_OpenGL_Tools_303_intel_x86_64
[CBI] ->              : -lGL
[CBI] ->              : -lGLEW
[CBI] ->              : -lGLU
[CBI] ->              : -lglut
[CBI] ->              : -liomp5
[CBI] ->              : -lopencv_calib3d_gcc484
[CBI] ->              : -lopencv_core_gcc484
[CBI] ->              : -lopencv_dnn_gcc484
[CBI] ->              : -lopencv_features2d_gcc484
[CBI] ->              : -lopencv_flann_gcc484
[CBI] ->              : -lopencv_highgui_gcc484
[CBI] ->              : -lopencv_imgcodecs_gcc484
[CBI] ->              : -lopencv_imgproc_gcc484
[CBI] ->              : -lopencv_ml_gcc484
[CBI] ->              : -lopencv_objdetect_gcc484
[CBI] ->              : -lopencv_photo_gcc484
[CBI] ->              : -lopencv_shape_gcc484
[CBI] ->              : -lopencv_stitching_gcc484
[CBI] ->              : -lopencv_superres_gcc484
[CBI] ->              : -lopencv_video_gcc484
[CBI] ->              : -lopencv_videoio_gcc484
[CBI] ->              : -lopencv_videostab_gcc484
ipo: warning #11021: unresolved __glDispatchRegisterStubCallbacks
        Referenced in /usr/lib/gcc/x86_64-linux-gnu/4.8/../../../x86_64-linux-gnu//libGL.so
ipo: warning #11021: unresolved __glDispatchFini
        Referenced in /usr/lib/gcc/x86_64-linux-gnu/4.8/../../../x86_64-linux-gnu//libGL.so
ipo: warning #11021: unresolved __glDispatchInit
        Referenced in /usr/lib/gcc/x86_64-linux-gnu/4.8/../../../x86_64-linux-gnu//libGL.so
ipo: warning #11021: unresolved _glapi_get_current
        Referenced in /usr/lib/gcc/x86_64-linux-gnu/4.8/../../../x86_64-linux-gnu//libGL.so
ipo: warning #11021: unresolved __glXGLLoadGLXFunction
        Referenced in /usr/lib/gcc/x86_64-linux-gnu/4.8/../../../x86_64-linux-gnu//libGL.so
ipo: warning #11021: unresolved _glapi_Current
        Referenced in /usr/lib/gcc/x86_64-linux-gnu/4.8/../../../x86_64-linux-gnu//libGL.so
ipo: warning #11021: unresolved __glDispatchUnregisterStubCallbacks
        Referenced in /usr/lib/gcc/x86_64-linux-gnu/4.8/../../../x86_64-linux-gnu//libGL.so
ipo: warning #11021: unresolved XSendEvent
        Referenced in /usr/lib/gcc/x86_64-linux-gnu/4.8/../../../x86_64-linux-gnu//libglut.so
ipo: warning #11021: unresolved XF86VidModeGetViewPort
        Referenced in /usr/lib/gcc/x86_64-linux-gnu/4.8/../../../x86_64-linux-gnu//libglut.so
ipo: warning #11021: unresolved XTranslateCoordinates
        Referenced in /usr/lib/gcc/x86_64-linux-gnu/4.8/../../../x86_64-linux-gnu//libglut.so
ipo: warning #11021: unresolved XSetCloseDownMode
        Referenced in /usr/lib/gcc/x86_64-linux-gnu/4.8/../../../x86_64-linux-gnu//libglut.so
ipo: warning #11021: unresolved XSetWMName
        Referenced in /usr/lib/gcc/x86_64-linux-gnu/4.8/../../../x86_64-linux-gnu//libglut.so
ipo: warning #11021: unresolved XResizeWindow
        Referenced in /usr/lib/gcc/x86_64-linux-gnu/4.8/../../../x86_64-linux-gnu//libglut.so
ipo: warning #11021: unresolved XLookupString
        Referenced in /usr/lib/gcc/x86_64-linux-gnu/4.8/../../../x86_64-linux-gnu//libglut.so
ipo: warning #11021: unresolved XCreateFontCursor
        Referenced in /usr/lib/gcc/x86_64-linux-gnu/4.8/../../../x86_64-linux-gnu//libglut.so
ipo: warning #11021: unresolved XPending
        Referenced in /usr/lib/gcc/x86_64-linux-gnu/4.8/../../../x86_64-linux-gnu//libglut.so
ipo: warning #11021: unresolved XIconifyWindow
        Referenced in /usr/lib/gcc/x86_64-linux-gnu/4.8/../../../x86_64-linux-gnu//libglut.so
ipo: warning #11021: unresolved XParseGeometry
        Referenced in /usr/lib/gcc/x86_64-linux-gnu/4.8/../../../x86_64-linux-gnu//libglut.so
ipo: warning #11021: unresolved XFreeEventData
        Referenced in /usr/lib/gcc/x86_64-linux-gnu/4.8/../../../x86_64-linux-gnu//libglut.so
ipo: warning #11021: unresolved XSetWMProperties
        Referenced in /usr/lib/gcc/x86_64-linux-gnu/4.8/../../../x86_64-linux-gnu//libglut.so
ipo: warning #11021: unresolved XFree
        Referenced in /usr/lib/gcc/x86_64-linux-gnu/4.8/../../../x86_64-linux-gnu//libglut.so
ipo: warning #11021: unresolved XMoveWindow
        Referenced in /usr/lib/gcc/x86_64-linux-gnu/4.8/../../../x86_64-linux-gnu//libglut.so
ipo: warning #11021: unresolved XMoveResizeWindow
        Referenced in /usr/lib/gcc/x86_64-linux-gnu/4.8/../../../x86_64-linux-gnu//libglut.so
ipo: warning #11021: unresolved XFreePixmap
        Referenced in /usr/lib/gcc/x86_64-linux-gnu/4.8/../../../x86_64-linux-gnu//libglut.so
ipo: warning #11021: unresolved XGrabPointer
        Referenced in /usr/lib/gcc/x86_64-linux-gnu/4.8/../../../x86_64-linux-gnu//libglut.so
ipo: warning #11021: unresolved XCreateBitmapFromData
        Referenced in /usr/lib/gcc/x86_64-linux-gnu/4.8/../../../x86_64-linux-gnu//libglut.so
ipo: warning #11021: unresolved XCreatePixmapCursor
        Referenced in /usr/lib/gcc/x86_64-linux-gnu/4.8/../../../x86_64-linux-gnu//libglut.so
ipo: warning #11021: unresolved XWarpPointer
        Referenced in /usr/lib/gcc/x86_64-linux-gnu/4.8/../../../x86_64-linux-gnu//libglut.so
ipo: warning #11021: unresolved XGetWMName
        Referenced in /usr/lib/gcc/x86_64-linux-gnu/4.8/../../../x86_64-linux-gnu//libglut.so
ipo: warning #11021: unresolved XF86VidModeGetModeLine
        Referenced in /usr/lib/gcc/x86_64-linux-gnu/4.8/../../../x86_64-linux-gnu//libglut.so
ipo: warning #11021: unresolved XISelectEvents
        Referenced in /usr/lib/gcc/x86_64-linux-gnu/4.8/../../../x86_64-linux-gnu//libglut.so
ipo: warning #11021: unresolved XDestroyWindow
        Referenced in /usr/lib/gcc/x86_64-linux-gnu/4.8/../../../x86_64-linux-gnu//libglut.so
ipo: warning #11021: unresolved XOpenDisplay
        Referenced in /usr/lib/gcc/x86_64-linux-gnu/4.8/../../../x86_64-linux-gnu//libglut.so
ipo: warning #11021: unresolved XStringListToTextProperty
        Referenced in /usr/lib/gcc/x86_64-linux-gnu/4.8/../../../x86_64-linux-gnu//libglut.so
ipo: warning #11021: unresolved XSetWMProtocols
        Referenced in /usr/lib/gcc/x86_64-linux-gnu/4.8/../../../x86_64-linux-gnu//libglut.so
ipo: warning #11021: unresolved XQueryPointer
        Referenced in /usr/lib/gcc/x86_64-linux-gnu/4.8/../../../x86_64-linux-gnu//libglut.so
ipo: warning #11021: unresolved XF86VidModeGetAllModeLines
        Referenced in /usr/lib/gcc/x86_64-linux-gnu/4.8/../../../x86_64-linux-gnu//libglut.so
ipo: warning #11021: unresolved XUngrabPointer
        Referenced in /usr/lib/gcc/x86_64-linux-gnu/4.8/../../../x86_64-linux-gnu//libglut.so
ipo: warning #11021: unresolved XPeekIfEvent
        Referenced in /usr/lib/gcc/x86_64-linux-gnu/4.8/../../../x86_64-linux-gnu//libglut.so
ipo: warning #11021: unresolved XSetErrorHandler
        Referenced in /usr/lib/gcc/x86_64-linux-gnu/4.8/../../../x86_64-linux-gnu//libglut.so
ipo: warning #11021: unresolved XQueryExtension
        Referenced in /usr/lib/gcc/x86_64-linux-gnu/4.8/../../../x86_64-linux-gnu//libglut.so
ipo: warning #11021: unresolved XGetPointerMapping
        Referenced in /usr/lib/gcc/x86_64-linux-gnu/4.8/../../../x86_64-linux-gnu//libglut.so
ipo: warning #11021: unresolved XSetWMIconName
        Referenced in /usr/lib/gcc/x86_64-linux-gnu/4.8/../../../x86_64-linux-gnu//libglut.so
ipo: warning #11021: unresolved XNextEvent
        Referenced in /usr/lib/gcc/x86_64-linux-gnu/4.8/../../../x86_64-linux-gnu//libglut.so
ipo: warning #11021: unresolved XInternAtom
        Referenced in /usr/lib/gcc/x86_64-linux-gnu/4.8/../../../x86_64-linux-gnu//libglut.so
ipo: warning #11021: unresolved XQueryKeymap
        Referenced in /usr/lib/gcc/x86_64-linux-gnu/4.8/../../../x86_64-linux-gnu//libglut.so
ipo: warning #11021: unresolved XGetEventData
        Referenced in /usr/lib/gcc/x86_64-linux-gnu/4.8/../../../x86_64-linux-gnu//libglut.so
ipo: warning #11021: unresolved XGetErrorText
        Referenced in /usr/lib/gcc/x86_64-linux-gnu/4.8/../../../x86_64-linux-gnu//libglut.so
ipo: warning #11021: unresolved XDisplayName
        Referenced in /usr/lib/gcc/x86_64-linux-gnu/4.8/../../../x86_64-linux-gnu//libglut.so
ipo: warning #11021: unresolved XCreateWindow
        Referenced in /usr/lib/gcc/x86_64-linux-gnu/4.8/../../../x86_64-linux-gnu//libglut.so
ipo: warning #11021: unresolved XRefreshKeyboardMapping
        Referenced in /usr/lib/gcc/x86_64-linux-gnu/4.8/../../../x86_64-linux-gnu//libglut.so
ipo: warning #11021: unresolved XSync
        Referenced in /usr/lib/gcc/x86_64-linux-gnu/4.8/../../../x86_64-linux-gnu//libglut.so
ipo: warning #11021: unresolved XPutBackEvent
        Referenced in /usr/lib/gcc/x86_64-linux-gnu/4.8/../../../x86_64-linux-gnu//libglut.so
ipo: warning #11021: unresolved XUndefineCursor
        Referenced in /usr/lib/gcc/x86_64-linux-gnu/4.8/../../../x86_64-linux-gnu//libglut.so
ipo: warning #11021: unresolved XLowerWindow
        Referenced in /usr/lib/gcc/x86_64-linux-gnu/4.8/../../../x86_64-linux-gnu//libglut.so
ipo: warning #11021: unresolved XDefineCursor
        Referenced in /usr/lib/gcc/x86_64-linux-gnu/4.8/../../../x86_64-linux-gnu//libglut.so
ipo: warning #11021: unresolved XUnmapWindow
        Referenced in /usr/lib/gcc/x86_64-linux-gnu/4.8/../../../x86_64-linux-gnu//libglut.so
ipo: warning #11021: unresolved XF86VidModeSetViewPort
        Referenced in /usr/lib/gcc/x86_64-linux-gnu/4.8/../../../x86_64-linux-gnu//libglut.so
ipo: warning #11021: unresolved XFlush
        Referenced in /usr/lib/gcc/x86_64-linux-gnu/4.8/../../../x86_64-linux-gnu//libglut.so
ipo: warning #11021: unresolved XCreateColormap
        Referenced in /usr/lib/gcc/x86_64-linux-gnu/4.8/../../../x86_64-linux-gnu//libglut.so
ipo: warning #11021: unresolved XGetWindowAttributes
        Referenced in /usr/lib/gcc/x86_64-linux-gnu/4.8/../../../x86_64-linux-gnu//libglut.so
ipo: warning #11021: unresolved XWithdrawWindow
        Referenced in /usr/lib/gcc/x86_64-linux-gnu/4.8/../../../x86_64-linux-gnu//libglut.so
ipo: warning #11021: unresolved XMapWindow
        Referenced in /usr/lib/gcc/x86_64-linux-gnu/4.8/../../../x86_64-linux-gnu//libglut.so
ipo: warning #11021: unresolved XF86VidModeSwitchToMode
        Referenced in /usr/lib/gcc/x86_64-linux-gnu/4.8/../../../x86_64-linux-gnu//libglut.so
ipo: warning #11021: unresolved XF86VidModeQueryExtension
        Referenced in /usr/lib/gcc/x86_64-linux-gnu/4.8/../../../x86_64-linux-gnu//libglut.so
ipo: warning #11021: unresolved XUngrabKeyboard
        Referenced in /usr/lib/gcc/x86_64-linux-gnu/4.8/../../../x86_64-linux-gnu//libglut.so
ipo: warning #11021: unresolved XGetWindowProperty
        Referenced in /usr/lib/gcc/x86_64-linux-gnu/4.8/../../../x86_64-linux-gnu//libglut.so
ipo: warning #11021: unresolved XRaiseWindow
        Referenced in /usr/lib/gcc/x86_64-linux-gnu/4.8/../../../x86_64-linux-gnu//libglut.so
ipo: warning #11021: unresolved XCloseDisplay
        Referenced in /usr/lib/gcc/x86_64-linux-gnu/4.8/../../../x86_64-linux-gnu//libglut.so
ipo: warning #11021: unresolved XSetInputFocus
        Referenced in /usr/lib/gcc/x86_64-linux-gnu/4.8/../../../x86_64-linux-gnu//libglut.so
ipo: warning #11021: unresolved XCheckIfEvent
        Referenced in /usr/lib/gcc/x86_64-linux-gnu/4.8/../../../x86_64-linux-gnu//libglut.so
ipo: warning #11021: unresolved XGrabKeyboard
        Referenced in /usr/lib/gcc/x86_64-linux-gnu/4.8/../../../x86_64-linux-gnu//libglut.so
ipo: warning #11021: unresolved deflateInit_
        Referenced in /opt/api/ext/opencv/330/lib/libopencv_imgcodecs_gcc484.so
ipo: warning #11021: unresolved deflateInit2_
        Referenced in /opt/api/ext/opencv/330/lib/libopencv_imgcodecs_gcc484.so
ipo: warning #11021: unresolved compress
        Referenced in /opt/api/ext/opencv/330/lib/libopencv_imgcodecs_gcc484.so
ipo: warning #11021: unresolved uncompress
        Referenced in /opt/api/ext/opencv/330/lib/libopencv_imgcodecs_gcc484.so
ipo: warning #11021: unresolved deflate
        Referenced in /opt/api/ext/opencv/330/lib/libopencv_imgcodecs_gcc484.so
ipo: warning #11021: unresolved deflateEnd
        Referenced in /opt/api/ext/opencv/330/lib/libopencv_imgcodecs_gcc484.so
ipo: warning #11021: unresolved crc32
        Referenced in /opt/api/ext/opencv/330/lib/libopencv_imgcodecs_gcc484.so
ipo: warning #11021: unresolved inflateSync
        Referenced in /opt/api/ext/opencv/330/lib/libopencv_imgcodecs_gcc484.so
ipo: warning #11021: unresolved inflate
        Referenced in /opt/api/ext/opencv/330/lib/libopencv_imgcodecs_gcc484.so
ipo: warning #11021: unresolved inflateInit_
        Referenced in /opt/api/ext/opencv/330/lib/libopencv_imgcodecs_gcc484.so
ipo: warning #11021: unresolved inflateEnd
        Referenced in /opt/api/ext/opencv/330/lib/libopencv_imgcodecs_gcc484.so
ipo: warning #11021: unresolved inflateReset
        Referenced in /opt/api/ext/opencv/330/lib/libopencv_imgcodecs_gcc484.so
ipo: warning #11021: unresolved deflateReset
        Referenced in /opt/api/ext/opencv/330/lib/libopencv_imgcodecs_gcc484.so
ipo: warning #11021: unresolved adler32
        Referenced in /opt/api/ext/opencv/330/lib/libopencv_imgcodecs_gcc484.so
ipo: warning #11021: unresolved deflateParams
        Referenced in /opt/api/ext/opencv/330/lib/libopencv_imgcodecs_gcc484.so
ipo: warning #11021: unresolved gzeof
        Referenced in /opt/api/ext/opencv/330/lib/libopencv_core_gcc484.so
ipo: warning #11021: unresolved gzrewind
        Referenced in /opt/api/ext/opencv/330/lib/libopencv_core_gcc484.so
ipo: warning #11021: unresolved gzopen
        Referenced in /opt/api/ext/opencv/330/lib/libopencv_core_gcc484.so
ipo: warning #11021: unresolved gzclose
        Referenced in /opt/api/ext/opencv/330/lib/libopencv_core_gcc484.so
ipo: warning #11021: unresolved gzgets
        Referenced in /opt/api/ext/opencv/330/lib/libopencv_core_gcc484.so
ipo: warning #11021: unresolved gzputs
        Referenced in /opt/api/ext/opencv/330/lib/libopencv_core_gcc484.so
ipo: warning #11021: unresolved gtk_file_chooser_set_do_overwrite_confirmation
        Referenced in /opt/api/ext/opencv/330/lib/libopencv_highgui_gcc484.so
ipo: warning #11021: unresolved g_mutex_lock
        Referenced in /opt/api/ext/opencv/330/lib/libopencv_highgui_gcc484.so
ipo: warning #11021: unresolved gtk_main_iteration
        Referenced in /opt/api/ext/opencv/330/lib/libopencv_highgui_gcc484.so
ipo: warning #11021: unresolved gtk_window_resize
        Referenced in /opt/api/ext/opencv/330/lib/libopencv_highgui_gcc484.so
ipo: warning #11021: unresolved g_get_current_time
        Referenced in /opt/api/ext/opencv/330/lib/libopencv_highgui_gcc484.so
ipo: warning #11021: unresolved gtk_file_chooser_set_current_name
        Referenced in /opt/api/ext/opencv/330/lib/libopencv_highgui_gcc484.so
ipo: warning #11021: unresolved g_type_check_instance_cast
        Referenced in /opt/api/ext/opencv/330/lib/libopencv_highgui_gcc484.so
        Referenced in /opt/api/ext/opencv/330/lib/libopencv_videoio_gcc484.so
ipo: warning #11021: unresolved gtk_widget_destroy
        Referenced in /opt/api/ext/opencv/330/lib/libopencv_highgui_gcc484.so
ipo: warning #11021: unresolved gtk_window_fullscreen
        Referenced in /opt/api/ext/opencv/330/lib/libopencv_highgui_gcc484.so
ipo: warning #11021: unresolved g_mutex_unlock
        Referenced in /opt/api/ext/opencv/330/lib/libopencv_highgui_gcc484.so
ipo: warning #11021: unresolved gtk_box_pack_end
        Referenced in /opt/api/ext/opencv/330/lib/libopencv_highgui_gcc484.so
ipo: warning #11021: unresolved g_cond_broadcast
        Referenced in /opt/api/ext/opencv/330/lib/libopencv_highgui_gcc484.so
ipo: warning #11021: unresolved gtk_box_pack_start
        Referenced in /opt/api/ext/opencv/330/lib/libopencv_highgui_gcc484.so
ipo: warning #11021: unresolved gdk_cairo_set_source_pixbuf
        Referenced in /opt/api/ext/opencv/330/lib/libopencv_highgui_gcc484.so
ipo: warning #11021: unresolved g_signal_connect_data
        Referenced in /opt/api/ext/opencv/330/lib/libopencv_highgui_gcc484.so
        Referenced in /opt/api/ext/opencv/330/lib/libopencv_videoio_gcc484.so
ipo: warning #11021: unresolved gtk_widget_add_events
        Referenced in /opt/api/ext/opencv/330/lib/libopencv_highgui_gcc484.so
ipo: warning #11021: unresolved gtk_window_set_title
        Referenced in /opt/api/ext/opencv/330/lib/libopencv_highgui_gcc484.so
ipo: warning #11021: unresolved cairo_paint
        Referenced in /opt/api/ext/opencv/330/lib/libopencv_highgui_gcc484.so
ipo: warning #11021: unresolved g_free
        Referenced in /opt/api/ext/opencv/330/lib/libopencv_highgui_gcc484.so
        Referenced in /opt/api/ext/opencv/330/lib/libopencv_videoio_gcc484.so
ipo: warning #11021: unresolved gtk_dialog_run
        Referenced in /opt/api/ext/opencv/330/lib/libopencv_highgui_gcc484.so
ipo: warning #11021: unresolved gdk_window_move_resize
        Referenced in /opt/api/ext/opencv/330/lib/libopencv_highgui_gcc484.so
ipo: warning #11021: unresolved gtk_range_set_range
        Referenced in /opt/api/ext/opencv/330/lib/libopencv_highgui_gcc484.so
ipo: warning #11021: unresolved g_source_remove
        Referenced in /opt/api/ext/opencv/330/lib/libopencv_highgui_gcc484.so
ipo: warning #11021: unresolved gtk_range_get_type
        Referenced in /opt/api/ext/opencv/330/lib/libopencv_highgui_gcc484.so
ipo: warning #11021: unresolved gtk_main_iteration_do
        Referenced in /opt/api/ext/opencv/330/lib/libopencv_highgui_gcc484.so
ipo: warning #11021: unresolved g_cond_new
        Referenced in /opt/api/ext/opencv/330/lib/libopencv_highgui_gcc484.so
ipo: warning #11021: unresolved gtk_init
        Referenced in /opt/api/ext/opencv/330/lib/libopencv_highgui_gcc484.so
ipo: warning #11021: unresolved gtk_file_chooser_add_filter
        Referenced in /opt/api/ext/opencv/330/lib/libopencv_highgui_gcc484.so
ipo: warning #11021: unresolved gtk_range_set_value
        Referenced in /opt/api/ext/opencv/330/lib/libopencv_highgui_gcc484.so
ipo: warning #11021: unresolved gtk_window_get_title
        Referenced in /opt/api/ext/opencv/330/lib/libopencv_highgui_gcc484.so
ipo: warning #11021: unresolved g_cond_timed_wait
        Referenced in /opt/api/ext/opencv/330/lib/libopencv_highgui_gcc484.so
ipo: warning #11021: unresolved gtk_file_filter_new
        Referenced in /opt/api/ext/opencv/330/lib/libopencv_highgui_gcc484.so
ipo: warning #11021: unresolved g_thread_yield
        Referenced in /opt/api/ext/opencv/330/lib/libopencv_highgui_gcc484.so
ipo: warning #11021: unresolved g_return_if_fail_warning
        Referenced in /opt/api/ext/opencv/330/lib/libopencv_highgui_gcc484.so
ipo: warning #11021: unresolved gtk_widget_get_parent_window
        Referenced in /opt/api/ext/opencv/330/lib/libopencv_highgui_gcc484.so
ipo: warning #11021: unresolved gtk_window_set_geometry_hints
        Referenced in /opt/api/ext/opencv/330/lib/libopencv_highgui_gcc484.so
ipo: warning #11021: unresolved gtk_window_set_resizable
        Referenced in /opt/api/ext/opencv/330/lib/libopencv_highgui_gcc484.so
ipo: warning #11021: unresolved gdk_window_get_height
        Referenced in /opt/api/ext/opencv/330/lib/libopencv_highgui_gcc484.so
ipo: warning #11021: unresolved gtk_widget_queue_resize
        Referenced in /opt/api/ext/opencv/330/lib/libopencv_highgui_gcc484.so
ipo: warning #11021: unresolved gtk_widget_get_events
        Referenced in /opt/api/ext/opencv/330/lib/libopencv_highgui_gcc484.so
ipo: warning #11021: unresolved gtk_file_chooser_set_filter
        Referenced in /opt/api/ext/opencv/330/lib/libopencv_highgui_gcc484.so
ipo: warning #11021: unresolved gtk_widget_set_allocation
        Referenced in /opt/api/ext/opencv/330/lib/libopencv_highgui_gcc484.so
ipo: warning #11021: unresolved gtk_label_new
        Referenced in /opt/api/ext/opencv/330/lib/libopencv_highgui_gcc484.so
ipo: warning #11021: unresolved gtk_dialog_get_type
        Referenced in /opt/api/ext/opencv/330/lib/libopencv_highgui_gcc484.so
ipo: warning #11021: unresolved gtk_file_filter_add_pattern
        Referenced in /opt/api/ext/opencv/330/lib/libopencv_highgui_gcc484.so
ipo: warning #11021: unresolved g_time_val_add
        Referenced in /opt/api/ext/opencv/330/lib/libopencv_highgui_gcc484.so
ipo: warning #11021: unresolved gtk_box_get_type
        Referenced in /opt/api/ext/opencv/330/lib/libopencv_highgui_gcc484.so
ipo: warning #11021: unresolved gdk_window_set_user_data
        Referenced in /opt/api/ext/opencv/330/lib/libopencv_highgui_gcc484.so
ipo: warning #11021: unresolved gtk_widget_get_style
        Referenced in /opt/api/ext/opencv/330/lib/libopencv_highgui_gcc484.so
ipo: warning #11021: unresolved gtk_widget_set_window
        Referenced in /opt/api/ext/opencv/330/lib/libopencv_highgui_gcc484.so
ipo: warning #11021: unresolved gtk_window_move
        Referenced in /opt/api/ext/opencv/330/lib/libopencv_highgui_gcc484.so
ipo: warning #11021: unresolved gtk_widget_new
        Referenced in /opt/api/ext/opencv/330/lib/libopencv_highgui_gcc484.so
ipo: warning #11021: unresolved gtk_file_chooser_get_type
        Referenced in /opt/api/ext/opencv/330/lib/libopencv_highgui_gcc484.so
ipo: warning #11021: unresolved gtk_container_get_type
        Referenced in /opt/api/ext/opencv/330/lib/libopencv_highgui_gcc484.so
ipo: warning #11021: unresolved g_type_class_peek
        Referenced in /opt/api/ext/opencv/330/lib/libopencv_highgui_gcc484.so
ipo: warning #11021: unresolved gtk_widget_get_visual
        Referenced in /opt/api/ext/opencv/330/lib/libopencv_highgui_gcc484.so
ipo: warning #11021: unresolved gtk_file_chooser_get_filename
        Referenced in /opt/api/ext/opencv/330/lib/libopencv_highgui_gcc484.so
ipo: warning #11021: unresolved g_type_register_static_simple
        Referenced in /opt/api/ext/opencv/330/lib/libopencv_highgui_gcc484.so
ipo: warning #11021: unresolved gtk_widget_get_allocated_height
        Referenced in /opt/api/ext/opencv/330/lib/libopencv_highgui_gcc484.so
ipo: warning #11021: unresolved gtk_scale_set_draw_value
        Referenced in /opt/api/ext/opencv/330/lib/libopencv_highgui_gcc484.so
ipo: warning #11021: unresolved gtk_widget_get_window
        Referenced in /opt/api/ext/opencv/330/lib/libopencv_highgui_gcc484.so
ipo: warning #11021: unresolved gtk_vbox_new
        Referenced in /opt/api/ext/opencv/330/lib/libopencv_highgui_gcc484.so
ipo: warning #11021: unresolved gdk_window_get_width
        Referenced in /opt/api/ext/opencv/330/lib/libopencv_highgui_gcc484.so
ipo: warning #11021: unresolved gtk_range_get_value
        Referenced in /opt/api/ext/opencv/330/lib/libopencv_highgui_gcc484.so
ipo: warning #11021: unresolved gtk_style_set_background
        Referenced in /opt/api/ext/opencv/330/lib/libopencv_highgui_gcc484.so
ipo: warning #11021: unresolved g_type_check_class_cast
        Referenced in /opt/api/ext/opencv/330/lib/libopencv_highgui_gcc484.so
ipo: warning #11021: unresolved g_thread_new
        Referenced in /opt/api/ext/opencv/330/lib/libopencv_highgui_gcc484.so
ipo: warning #11021: unresolved g_timeout_add
        Referenced in /opt/api/ext/opencv/330/lib/libopencv_highgui_gcc484.so
ipo: warning #11021: unresolved gtk_file_filter_set_name
        Referenced in /opt/api/ext/opencv/330/lib/libopencv_highgui_gcc484.so
ipo: warning #11021: unresolved gdk_window_new
        Referenced in /opt/api/ext/opencv/330/lib/libopencv_highgui_gcc484.so
ipo: warning #11021: unresolved gtk_hbox_new
        Referenced in /opt/api/ext/opencv/330/lib/libopencv_highgui_gcc484.so
ipo: warning #11021: unresolved g_object_unref
        Referenced in /opt/api/ext/opencv/330/lib/libopencv_highgui_gcc484.so
        Referenced in /opt/api/ext/opencv/330/lib/libopencv_videoio_gcc484.so
ipo: warning #11021: unresolved g_type_check_instance_is_a
        Referenced in /opt/api/ext/opencv/330/lib/libopencv_highgui_gcc484.so
        Referenced in /opt/api/ext/opencv/330/lib/libopencv_videoio_gcc484.so
ipo: warning #11021: unresolved gtk_events_pending
        Referenced in /opt/api/ext/opencv/330/lib/libopencv_highgui_gcc484.so
ipo: warning #11021: unresolved gtk_window_new
        Referenced in /opt/api/ext/opencv/330/lib/libopencv_highgui_gcc484.so
ipo: warning #11021: unresolved gtk_scale_get_type
        Referenced in /opt/api/ext/opencv/330/lib/libopencv_highgui_gcc484.so
ipo: warning #11021: unresolved gtk_window_unfullscreen
        Referenced in /opt/api/ext/opencv/330/lib/libopencv_highgui_gcc484.so
ipo: warning #11021: unresolved g_usleep
        Referenced in /opt/api/ext/opencv/330/lib/libopencv_highgui_gcc484.so
ipo: warning #11021: unresolved gtk_widget_queue_draw
        Referenced in /opt/api/ext/opencv/330/lib/libopencv_highgui_gcc484.so
ipo: warning #11021: unresolved gtk_widget_get_allocation
        Referenced in /opt/api/ext/opencv/330/lib/libopencv_highgui_gcc484.so
ipo: warning #11021: unresolved g_thread_self
        Referenced in /opt/api/ext/opencv/330/lib/libopencv_highgui_gcc484.so
ipo: warning #11021: unresolved gtk_widget_show
        Referenced in /opt/api/ext/opencv/330/lib/libopencv_highgui_gcc484.so
ipo: warning #11021: unresolved gtk_file_chooser_dialog_new
        Referenced in /opt/api/ext/opencv/330/lib/libopencv_highgui_gcc484.so
ipo: warning #11021: unresolved gtk_widget_get_realized
        Referenced in /opt/api/ext/opencv/330/lib/libopencv_highgui_gcc484.so
ipo: warning #11021: unresolved gtk_widget_set_style
        Referenced in /opt/api/ext/opencv/330/lib/libopencv_highgui_gcc484.so
ipo: warning #11021: unresolved gtk_widget_get_allocated_width
        Referenced in /opt/api/ext/opencv/330/lib/libopencv_highgui_gcc484.so
ipo: warning #11021: unresolved gtk_hscale_new_with_range
        Referenced in /opt/api/ext/opencv/330/lib/libopencv_highgui_gcc484.so
ipo: warning #11021: unresolved gtk_container_add
        Referenced in /opt/api/ext/opencv/330/lib/libopencv_highgui_gcc484.so
ipo: warning #11021: unresolved g_cond_wait
        Referenced in /opt/api/ext/opencv/330/lib/libopencv_highgui_gcc484.so
ipo: warning #11021: unresolved gdk_pixbuf_new_from_data
        Referenced in /opt/api/ext/opencv/330/lib/libopencv_highgui_gcc484.so
ipo: warning #11021: unresolved gtk_scale_set_digits
        Referenced in /opt/api/ext/opencv/330/lib/libopencv_highgui_gcc484.so
ipo: warning #11021: unresolved gtk_window_get_type
        Referenced in /opt/api/ext/opencv/330/lib/libopencv_highgui_gcc484.so
ipo: warning #11021: unresolved gtk_widget_get_type
        Referenced in /opt/api/ext/opencv/330/lib/libopencv_highgui_gcc484.so
ipo: warning #11021: unresolved gtk_style_attach
        Referenced in /opt/api/ext/opencv/330/lib/libopencv_highgui_gcc484.so
ipo: warning #11021: unresolved g_mutex_new
        Referenced in /opt/api/ext/opencv/330/lib/libopencv_highgui_gcc484.so
ipo: warning #11021: unresolved gtk_widget_set_realized
        Referenced in /opt/api/ext/opencv/330/lib/libopencv_highgui_gcc484.so
ipo: warning #11021: unresolved gst_object_ref
        Referenced in /opt/api/ext/opencv/330/lib/libopencv_videoio_gcc484.so
ipo: warning #11021: unresolved gst_app_src_push_buffer
        Referenced in /opt/api/ext/opencv/330/lib/libopencv_videoio_gcc484.so
ipo: warning #11021: unresolved dc1394_video_set_transmission
        Referenced in /opt/api/ext/opencv/330/lib/libopencv_videoio_gcc484.so
ipo: warning #11021: unresolved gst_caps_set_simple
        Referenced in /opt/api/ext/opencv/330/lib/libopencv_videoio_gcc484.so
ipo: warning #11021: unresolved gst_uri_get_protocol
        Referenced in /opt/api/ext/opencv/330/lib/libopencv_videoio_gcc484.so
ipo: warning #11021: unresolved dc1394_feature_set_value
        Referenced in /opt/api/ext/opencv/330/lib/libopencv_videoio_gcc484.so
ipo: warning #11021: unresolved gst_message_parse_stream_status
        Referenced in /opt/api/ext/opencv/330/lib/libopencv_videoio_gcc484.so
ipo: warning #11021: unresolved gst_app_sink_set_drop
        Referenced in /opt/api/ext/opencv/330/lib/libopencv_videoio_gcc484.so
ipo: warning #11021: unresolved gst_sample_get_caps
        Referenced in /opt/api/ext/opencv/330/lib/libopencv_videoio_gcc484.so
ipo: warning #11021: unresolved gst_element_query_position
        Referenced in /opt/api/ext/opencv/330/lib/libopencv_videoio_gcc484.so
ipo: warning #11021: unresolved gst_app_src_get_type
        Referenced in /opt/api/ext/opencv/330/lib/libopencv_videoio_gcc484.so
ipo: warning #11021: unresolved dc1394_video_set_iso_speed
        Referenced in /opt/api/ext/opencv/330/lib/libopencv_videoio_gcc484.so
ipo: warning #11021: unresolved dc1394_feature_set_absolute_control
        Referenced in /opt/api/ext/opencv/330/lib/libopencv_videoio_gcc484.so
ipo: warning #11021: unresolved gst_structure_remove_field
        Referenced in /opt/api/ext/opencv/330/lib/libopencv_videoio_gcc484.so
ipo: warning #11021: unresolved gst_iterator_resync
        Referenced in /opt/api/ext/opencv/330/lib/libopencv_videoio_gcc484.so
ipo: warning #11021: unresolved gst_element_make_from_uri
        Referenced in /opt/api/ext/opencv/330/lib/libopencv_videoio_gcc484.so
ipo: warning #11021: unresolved dc1394_feature_set_power
        Referenced in /opt/api/ext/opencv/330/lib/libopencv_videoio_gcc484.so
ipo: warning #11021: unresolved gst_element_link
        Referenced in /opt/api/ext/opencv/330/lib/libopencv_videoio_gcc484.so
ipo: warning #11021: unresolved gst_bus_have_pending
        Referenced in /opt/api/ext/opencv/330/lib/libopencv_videoio_gcc484.so
ipo: warning #11021: unresolved gst_app_sink_set_emit_signals
        Referenced in /opt/api/ext/opencv/330/lib/libopencv_videoio_gcc484.so
ipo: warning #11021: unresolved gst_caps_from_string
        Referenced in /opt/api/ext/opencv/330/lib/libopencv_videoio_gcc484.so
ipo: warning #11021: unresolved dc1394_feature_get_value
        Referenced in /opt/api/ext/opencv/330/lib/libopencv_videoio_gcc484.so
ipo: warning #11021: unresolved dc1394_get_color_coding_from_video_mode
        Referenced in /opt/api/ext/opencv/330/lib/libopencv_videoio_gcc484.so
ipo: warning #11021: unresolved gst_mini_object_unref
        Referenced in /opt/api/ext/opencv/330/lib/libopencv_videoio_gcc484.so
ipo: warning #11021: unresolved gst_structure_get_int
        Referenced in /opt/api/ext/opencv/330/lib/libopencv_videoio_gcc484.so
ipo: warning #11021: unresolved gst_app_sink_get_max_buffers
        Referenced in /opt/api/ext/opencv/330/lib/libopencv_videoio_gcc484.so
ipo: warning #11021: unresolved gst_app_sink_set_max_buffers
        Referenced in /opt/api/ext/opencv/330/lib/libopencv_videoio_gcc484.so
ipo: warning #11021: unresolved gst_parse_launch
        Referenced in /opt/api/ext/opencv/330/lib/libopencv_videoio_gcc484.so
ipo: warning #11021: unresolved _gst_caps_type
        Referenced in /opt/api/ext/opencv/330/lib/libopencv_videoio_gcc484.so
ipo: warning #11021: unresolved dc1394_camera_free
        Referenced in /opt/api/ext/opencv/330/lib/libopencv_videoio_gcc484.so
ipo: warning #11021: unresolved gst_app_sink_is_eos
        Referenced in /opt/api/ext/opencv/330/lib/libopencv_videoio_gcc484.so
ipo: warning #11021: unresolved gst_caps_fixate
        Referenced in /opt/api/ext/opencv/330/lib/libopencv_videoio_gcc484.so
ipo: warning #11021: unresolved gst_element_factory_find
        Referenced in /opt/api/ext/opencv/330/lib/libopencv_videoio_gcc484.so
ipo: warning #11021: unresolved dc1394_convert_frames
        Referenced in /opt/api/ext/opencv/330/lib/libopencv_videoio_gcc484.so
ipo: warning #11021: unresolved dc1394_camera_free_list
        Referenced in /opt/api/ext/opencv/330/lib/libopencv_videoio_gcc484.so
ipo: warning #11021: unresolved dc1394_capture_is_frame_corrupt
        Referenced in /opt/api/ext/opencv/330/lib/libopencv_videoio_gcc484.so
ipo: warning #11021: unresolved gst_pad_link
        Referenced in /opt/api/ext/opencv/330/lib/libopencv_videoio_gcc484.so
ipo: warning #11021: unresolved gst_app_sink_set_caps
        Referenced in /opt/api/ext/opencv/330/lib/libopencv_videoio_gcc484.so
ipo: warning #11021: unresolved gst_sample_get_buffer
        Referenced in /opt/api/ext/opencv/330/lib/libopencv_videoio_gcc484.so
ipo: warning #11021: unresolved gst_bin_get_type
        Referenced in /opt/api/ext/opencv/330/lib/libopencv_videoio_gcc484.so
ipo: warning #11021: unresolved gst_mini_object_make_writable
        Referenced in /opt/api/ext/opencv/330/lib/libopencv_videoio_gcc484.so
ipo: warning #11021: unresolved gst_structure_get_string
        Referenced in /opt/api/ext/opencv/330/lib/libopencv_videoio_gcc484.so
ipo: warning #11021: unresolved gst_message_parse_state_changed
        Referenced in /opt/api/ext/opencv/330/lib/libopencv_videoio_gcc484.so
ipo: warning #11021: unresolved gst_app_sink_get_type
        Referenced in /opt/api/ext/opencv/330/lib/libopencv_videoio_gcc484.so
ipo: warning #11021: unresolved dc1394_video_set_operation_mode
        Referenced in /opt/api/ext/opencv/330/lib/libopencv_videoio_gcc484.so
ipo: warning #11021: unresolved gst_bin_add_many
        Referenced in /opt/api/ext/opencv/330/lib/libopencv_videoio_gcc484.so
ipo: warning #11021: unresolved g_error_free
        Referenced in /opt/api/ext/opencv/330/lib/libopencv_videoio_gcc484.so
ipo: warning #11021: unresolved gst_app_src_set_stream_type
        Referenced in /opt/api/ext/opencv/330/lib/libopencv_videoio_gcc484.so
ipo: warning #11021: unresolved gst_structure_get_fraction
        Referenced in /opt/api/ext/opencv/330/lib/libopencv_videoio_gcc484.so
ipo: warning #11021: unresolved gst_bin_iterate_sources
        Referenced in /opt/api/ext/opencv/330/lib/libopencv_videoio_gcc484.so
ipo: warning #11021: unresolved gst_iterator_next
        Referenced in /opt/api/ext/opencv/330/lib/libopencv_videoio_gcc484.so
ipo: warning #11021: unresolved gst_iterator_free
        Referenced in /opt/api/ext/opencv/330/lib/libopencv_videoio_gcc484.so
ipo: warning #11021: unresolved gst_object_get_type
        Referenced in /opt/api/ext/opencv/330/lib/libopencv_videoio_gcc484.so
ipo: warning #11021: unresolved gst_pad_get_current_caps
        Referenced in /opt/api/ext/opencv/330/lib/libopencv_videoio_gcc484.so
ipo: warning #11021: unresolved gst_element_get_state
        Referenced in /opt/api/ext/opencv/330/lib/libopencv_videoio_gcc484.so
ipo: warning #11021: unresolved gst_caps_can_intersect
        Referenced in /opt/api/ext/opencv/330/lib/libopencv_videoio_gcc484.so
ipo: warning #11021: unresolved gst_structure_get_name
        Referenced in /opt/api/ext/opencv/330/lib/libopencv_videoio_gcc484.so
ipo: warning #11021: unresolved gst_element_link_many
        Referenced in /opt/api/ext/opencv/330/lib/libopencv_videoio_gcc484.so
ipo: warning #11021: unresolved dc1394_video_get_supported_modes
        Referenced in /opt/api/ext/opencv/330/lib/libopencv_videoio_gcc484.so
ipo: warning #11021: unresolved g_object_get
        Referenced in /opt/api/ext/opencv/330/lib/libopencv_videoio_gcc484.so
ipo: warning #11021: unresolved gst_buffer_new_allocate
        Referenced in /opt/api/ext/opencv/330/lib/libopencv_videoio_gcc484.so
ipo: warning #11021: unresolved dc1394_debayer_frames
        Referenced in /opt/api/ext/opencv/330/lib/libopencv_videoio_gcc484.so
ipo: warning #11021: unresolved gst_element_get_type
        Referenced in /opt/api/ext/opencv/330/lib/libopencv_videoio_gcc484.so
ipo: warning #11021: unresolved gst_buffer_unmap
        Referenced in /opt/api/ext/opencv/330/lib/libopencv_videoio_gcc484.so
ipo: warning #11021: unresolved gst_riff_create_video_caps
        Referenced in /opt/api/ext/opencv/330/lib/libopencv_videoio_gcc484.so
ipo: warning #11021: unresolved gst_uri_is_valid
        Referenced in /opt/api/ext/opencv/330/lib/libopencv_videoio_gcc484.so
ipo: warning #11021: unresolved dc1394_set_control_registers
        Referenced in /opt/api/ext/opencv/330/lib/libopencv_videoio_gcc484.so
ipo: warning #11021: unresolved gst_element_factory_make
        Referenced in /opt/api/ext/opencv/330/lib/libopencv_videoio_gcc484.so
ipo: warning #11021: unresolved dc1394_free
        Referenced in /opt/api/ext/opencv/330/lib/libopencv_videoio_gcc484.so
ipo: warning #11021: unresolved gst_mini_object_is_writable
        Referenced in /opt/api/ext/opencv/330/lib/libopencv_videoio_gcc484.so
ipo: warning #11021: unresolved gst_element_query_duration
        Referenced in /opt/api/ext/opencv/330/lib/libopencv_videoio_gcc484.so
ipo: warning #11021: unresolved dc1394_video_get_mode
        Referenced in /opt/api/ext/opencv/330/lib/libopencv_videoio_gcc484.so
ipo: warning #11021: unresolved gst_bin_iterate_elements
        Referenced in /opt/api/ext/opencv/330/lib/libopencv_videoio_gcc484.so
ipo: warning #11021: unresolved g_value_get_object
        Referenced in /opt/api/ext/opencv/330/lib/libopencv_videoio_gcc484.so
ipo: warning #11021: unresolved gst_caps_new_simple
        Referenced in /opt/api/ext/opencv/330/lib/libopencv_videoio_gcc484.so
ipo: warning #11021: unresolved gst_pad_peer_query_caps
        Referenced in /opt/api/ext/opencv/330/lib/libopencv_videoio_gcc484.so
ipo: warning #11021: unresolved gst_encoding_video_profile_new
        Referenced in /opt/api/ext/opencv/330/lib/libopencv_videoio_gcc484.so
ipo: warning #11021: unresolved gst_init
        Referenced in /opt/api/ext/opencv/330/lib/libopencv_videoio_gcc484.so
ipo: warning #11021: unresolved gst_bus_pop
        Referenced in /opt/api/ext/opencv/330/lib/libopencv_videoio_gcc484.so
ipo: warning #11021: unresolved dc1394_camera_new
        Referenced in /opt/api/ext/opencv/330/lib/libopencv_videoio_gcc484.so
ipo: warning #11021: unresolved gst_app_sink_pull_sample
        Referenced in /opt/api/ext/opencv/330/lib/libopencv_videoio_gcc484.so
ipo: warning #11021: unresolved g_value_unset
        Referenced in /opt/api/ext/opencv/330/lib/libopencv_videoio_gcc484.so
ipo: warning #11021: unresolved dc1394_video_get_supported_framerates
        Referenced in /opt/api/ext/opencv/330/lib/libopencv_videoio_gcc484.so
ipo: warning #11021: unresolved g_filename_to_uri
        Referenced in /opt/api/ext/opencv/330/lib/libopencv_videoio_gcc484.so
ipo: warning #11021: unresolved gst_element_get_bus
        Referenced in /opt/api/ext/opencv/330/lib/libopencv_videoio_gcc484.so
ipo: warning #11021: unresolved dc1394_feature_get_all
        Referenced in /opt/api/ext/opencv/330/lib/libopencv_videoio_gcc484.so
ipo: warning #11021: unresolved dc1394_get_image_size_from_video_mode
        Referenced in /opt/api/ext/opencv/330/lib/libopencv_videoio_gcc484.so
ipo: warning #11021: unresolved dc1394_feature_whitebalance_set_value
        Referenced in /opt/api/ext/opencv/330/lib/libopencv_videoio_gcc484.so
ipo: warning #11021: unresolved dc1394_video_set_mode
        Referenced in /opt/api/ext/opencv/330/lib/libopencv_videoio_gcc484.so
ipo: warning #11021: unresolved dc1394_capture_dequeue
        Referenced in /opt/api/ext/opencv/330/lib/libopencv_videoio_gcc484.so
ipo: warning #11021: unresolved gst_encoding_container_profile_new
        Referenced in /opt/api/ext/opencv/330/lib/libopencv_videoio_gcc484.so
ipo: warning #11021: unresolved gst_bus_timed_pop_filtered
        Referenced in /opt/api/ext/opencv/330/lib/libopencv_videoio_gcc484.so
ipo: warning #11021: unresolved dc1394_deinterlace_stereo
        Referenced in /opt/api/ext/opencv/330/lib/libopencv_videoio_gcc484.so
ipo: warning #11021: unresolved gst_element_seek_simple
        Referenced in /opt/api/ext/opencv/330/lib/libopencv_videoio_gcc484.so
ipo: warning #11021: unresolved gst_encoding_container_profile_add_profile
        Referenced in /opt/api/ext/opencv/330/lib/libopencv_videoio_gcc484.so
ipo: warning #11021: unresolved dc1394_capture_enqueue
        Referenced in /opt/api/ext/opencv/330/lib/libopencv_videoio_gcc484.so
ipo: warning #11021: unresolved dc1394_capture_stop
        Referenced in /opt/api/ext/opencv/330/lib/libopencv_videoio_gcc484.so
ipo: warning #11021: unresolved dc1394_capture_setup
        Referenced in /opt/api/ext/opencv/330/lib/libopencv_videoio_gcc484.so
ipo: warning #11021: unresolved gst_app_src_end_of_stream
        Referenced in /opt/api/ext/opencv/330/lib/libopencv_videoio_gcc484.so
ipo: warning #11021: unresolved dc1394_feature_set_mode
        Referenced in /opt/api/ext/opencv/330/lib/libopencv_videoio_gcc484.so
ipo: warning #11021: unresolved dc1394_get_control_registers
        Referenced in /opt/api/ext/opencv/330/lib/libopencv_videoio_gcc484.so
ipo: warning #11021: unresolved gst_fraction_get_type
        Referenced in /opt/api/ext/opencv/330/lib/libopencv_videoio_gcc484.so
ipo: warning #11021: unresolved gst_app_src_set_caps
        Referenced in /opt/api/ext/opencv/330/lib/libopencv_videoio_gcc484.so
ipo: warning #11021: unresolved dc1394_capture_get_fileno
        Referenced in /opt/api/ext/opencv/330/lib/libopencv_videoio_gcc484.so
ipo: warning #11021: unresolved gst_debug_bin_to_dot_file
        Referenced in /opt/api/ext/opencv/330/lib/libopencv_videoio_gcc484.so
ipo: warning #11021: unresolved dc1394_video_set_framerate
        Referenced in /opt/api/ext/opencv/330/lib/libopencv_videoio_gcc484.so
ipo: warning #11021: unresolved gst_element_set_state
        Referenced in /opt/api/ext/opencv/330/lib/libopencv_videoio_gcc484.so
ipo: warning #11021: unresolved gst_element_get_static_pad
        Referenced in /opt/api/ext/opencv/330/lib/libopencv_videoio_gcc484.so
ipo: warning #11021: unresolved g_strdup
        Referenced in /opt/api/ext/opencv/330/lib/libopencv_videoio_gcc484.so
ipo: warning #11021: unresolved dc1394_get_color_coding_bit_size
        Referenced in /opt/api/ext/opencv/330/lib/libopencv_videoio_gcc484.so
ipo: warning #11021: unresolved g_object_set
        Referenced in /opt/api/ext/opencv/330/lib/libopencv_videoio_gcc484.so
ipo: warning #11021: unresolved gst_object_get_name
        Referenced in /opt/api/ext/opencv/330/lib/libopencv_videoio_gcc484.so
ipo: warning #11021: unresolved gst_message_parse_error
        Referenced in /opt/api/ext/opencv/330/lib/libopencv_videoio_gcc484.so
ipo: warning #11021: unresolved gst_is_missing_plugin_message
        Referenced in /opt/api/ext/opencv/330/lib/libopencv_videoio_gcc484.so
ipo: warning #11021: unresolved dc1394_feature_whitebalance_get_value
        Referenced in /opt/api/ext/opencv/330/lib/libopencv_videoio_gcc484.so
ipo: warning #11021: unresolved gst_app_src_set_size
        Referenced in /opt/api/ext/opencv/330/lib/libopencv_videoio_gcc484.so
ipo: warning #11021: unresolved gst_pipeline_new
        Referenced in /opt/api/ext/opencv/330/lib/libopencv_videoio_gcc484.so
ipo: warning #11021: unresolved dc1394_new
        Referenced in /opt/api/ext/opencv/330/lib/libopencv_videoio_gcc484.so
ipo: warning #11021: unresolved gst_object_unref
        Referenced in /opt/api/ext/opencv/330/lib/libopencv_videoio_gcc484.so
ipo: warning #11021: unresolved gst_caps_get_structure
        Referenced in /opt/api/ext/opencv/330/lib/libopencv_videoio_gcc484.so
ipo: warning #11021: unresolved gst_buffer_map
        Referenced in /opt/api/ext/opencv/330/lib/libopencv_videoio_gcc484.so
ipo: warning #11021: unresolved dc1394_camera_enumerate
        Referenced in /opt/api/ext/opencv/330/lib/libopencv_videoio_gcc484.so

==================================================================================
[CBI] -> Target Name  : OMP_Image_intel_x86_64
[CBI] -> Location     : /tmp/ramdrive/bilat/Targets/OMP_Image/bin/OMP_Image_intel_x86_64.run
[CBI] -> Deploy 	  : ../RELEASE/bin
[CBI] ->
[CBI] -> Type	 	  : EXE
[CBI] -> Arch	 	  : x86_64
[CBI] -> OS	 		  : Linux
[CBI] -> User	 	  : bilat
[CBI] ->
[CBI] -> Compilateur  : icc
[CBI] -> Task	      : End Compiling-Linking !
[CBI] -> Time		  : 2 (s)
==================================================================================


[CBI] -> Deploying    : ../RELEASE/bin/OMP_Image_intel_x86_64.run

[CBI] -> Symlink Project Inc
[CBI] -> To update code completion : ctrl-shift-s   or   gui/index/rebuild

[CBI] -> OMP_Image_intel_x86_64 : End ALL!


15:55:02 Build Finished (took 5s.838ms)

