20:49:47 **** Build of configuration MinGW for project OpenMP_Student ****
"..\\BUILDER\\makefile\\private\\makeLauncher\\win\\makeMinGW.bat" all 

[MINGW]

Set MinGW environement x64
 
g++ (rubenvb-4.7.2-release) 4.7.2
Copyright (C) 2012 Free Software Foundation, Inc.
This is free software; see the source for copying conditions.  There is NO
warranty; not even for MERCHANTABILITY or FITNESS FOR A PARTICULAR PURPOSE.


==================================================================================
[CBI]->Target Name	: OpenMP_Student64
[CBI]->Type	 		: EXE
[CBI]->Arch	 		: 64
[CBI]->OS	 		: Win
[CBI]->User	 		: bilat
[CBI]->Location 	: Q:/bilat/Targets/OpenMP_Student/bin/OpenMP_Student64.exe
[CBI]->Deploy 		: ../Deploy/bin
[CBI]->Compilateur 	: MINGW [CXX=g++]
[CBI]->Task			: Start Compiling-Linking !
[CBI]->Time			: 20:49:47
==================================================================================

[CBI]->compiling .cpp : src/main.cpp
[CBI]->compiling .cpp : src/cpp/core/mainCore.cpp
[CBI]->compiling .cpp : src/cpp/core/omp/01_hello/01_helloOMP.cpp
[CBI]->compiling .cpp : src/cpp/core/omp/01_hello/useHello.cpp
[CBI]->compiling .cpp : src/cpp/core/omp/02_pi/00_pi_tools.cpp
[CBI]->compiling .cpp : src/cpp/core/omp/02_pi/usePI.cpp
[CBI]->compiling .cpp : src/cpp/core/omp/02_pi/05_pi_for_atomic.cpp
[CBI]->compiling .cpp : src/cpp/core/omp/02_pi/06_pi_for_critical.cpp
[CBI]->compiling .cpp : src/cpp/core/omp/02_pi/04_pi_entrelacer_atomic.cpp
[CBI]->compiling .cpp : src/cpp/core/omp/02_pi/02_pi_entrelacer_promotionTab.cpp
[CBI]->compiling .cpp : src/cpp/core/omp/02_pi/01_pi_sequentiel.cpp
[CBI]->compiling .cpp : src/cpp/core/omp/02_pi/03_pi_entrelacer_critique.cpp
[CBI]->compiling .cpp : src/cpp/core/omp/02_pi/07_pi_for_promotionTab.cpp
[CBI]->compiling .cpp : src/cpp/core/omp/02_pi/08_pi_for_reduction.cpp
[CBI]->compiling .cpp : src/cpp/test/mainTest.cpp
[CBI]->compiling .cpp : src/cpp/test/junit/cpp/01_TestHelloJunit.cpp
[CBI]->compiling .cpp : src/cpp/test/junit/cpp/02_TestPiJunit.cpp
[CBI]->compiling .cpp : ../BilatToolsCPP/src/core/tools/cpp/StringTools.cpp
[CBI]->compiling .cpp : ../BilatToolsCPP/src/core/tools/cpp/Chronos.cpp
[CBI]->compiling .cpp : ../BilatToolsCPP/src/core/tools/cpp/AleaTools.cpp
[CBI]->compiling .cpp : ../BilatToolsCPP/src/core/tools/cpp/LimitsTools.cpp
[CBI]->compiling .cpp : ../BilatToolsCPP/src/core/tools/cpp/VariateurF.cpp
[CBI]->compiling .cpp : ../BilatToolsCPP/src/core/tools/cpp/VariateurI.cpp
[CBI]->compiling .cpp : ../BilatToolsCPP/src/core/tools/cpp/MathTools.cpp
[CBI]->compiling .cpp : ../BilatToolsOpenMP/src/core/openMPTools/cpp/OmpTools.cpp

[CBI]->linking to Q:/bilat/Targets/OpenMP_Student/bin/OpenMP_Student64.exe

==================================================================================
[CBI]->Target Name	: OpenMP_Student64
[CBI]->Type	 		: EXE
[CBI]->Arch	 		: 64
[CBI]->OS	 		: Win
[CBI]->User	 		: bilat
[CBI]->Location 	: Q:/bilat/Targets/OpenMP_Student/bin/OpenMP_Student64.exe
[CBI]->Deploy 		: ../Deploy/bin
[CBI]->Compilateur 	: MINGW [CXX=g++]
[CBI]->Task			: End Compiling-Linking !
[CBI]->Time			: 20:49:53
==================================================================================


[CBI]->Deploying  : ../Deploy/bin/OpenMP_Student64.exe

[CBI]->Q:/bilat/Targets/OpenMP_Student/bin/OpenMP_Student64.exe : End ALL!

20:49:54 Build Finished (took 6s.681ms)

