20:48:27 **** Build of configuration MinGW for project OpenMP_Student_Image ****
"..\\BUILDER\\makefile\\private\\makeLauncher\\win\\makeMinGW.bat" all 

[MINGW]

Set MinGW environement x64
 
g++ (rubenvb-4.7.2-release) 4.7.2
Copyright (C) 2012 Free Software Foundation, Inc.
This is free software; see the source for copying conditions.  There is NO
warranty; not even for MERCHANTABILITY or FITNESS FOR A PARTICULAR PURPOSE.


==================================================================================
[CBI]->Target Name	: OpenMP_Student_Image64
[CBI]->Type	 		: EXE
[CBI]->Arch	 		: 64
[CBI]->OS	 		: Win
[CBI]->User	 		: bilat
[CBI]->Location 	: Q:/bilat/Targets/OpenMP_Student_Image/bin/OpenMP_Student_Image64.exe
[CBI]->Deploy 		: ../Deploy/bin
[CBI]->Compilateur 	: MINGW [CXX=g++]
[CBI]->Task			: Start Compiling-Linking !
[CBI]->Time			: 20:48:29
==================================================================================

[CBI]->compiling .cpp : src/main.cpp
[CBI]->compiling .cpp : src/cpp/core/01_Hello/HelloMOO.cpp
[CBI]->compiling .cpp : src/cpp/core/02_Rippling/RipplingMOO.cpp
[CBI]->compiling .cpp : src/cpp/core/03_Hello_Fonctionnel/HelloImageFonctionelleMOO.cpp
[CBI]->compiling .cpp : ../BilatToolsCPP/src/core/tools/cpp/StringTools.cpp
[CBI]->compiling .cpp : ../BilatToolsCPP/src/core/tools/cpp/Chronos.cpp
[CBI]->compiling .cpp : ../BilatToolsCPP/src/core/tools/cpp/AleaTools.cpp
[CBI]->compiling .cpp : ../BilatToolsCPP/src/core/tools/cpp/LimitsTools.cpp
[CBI]->compiling .cpp : ../BilatToolsCPP/src/core/tools/cpp/VariateurF.cpp
[CBI]->compiling .cpp : ../BilatToolsCPP/src/core/tools/cpp/VariateurI.cpp
[CBI]->compiling .cpp : ../BilatToolsCPP/src/core/tools/cpp/MathTools.cpp
[CBI]->compiling .cpp : ../BilatToolsOpenMP/src/core/openMPTools/cpp/OmpTools.cpp
[CBI]->compiling .cpp : ../BilatToolsOpenCV/src/core/capture/cpp/Capture_A.cpp
[CBI]->compiling .cpp : ../BilatToolsOpenCV/src/core/capture/cpp/CaptureVideo.cpp
[CBI]->compiling .cpp : ../BilatToolsOpenCV/src/core/capture/cpp/CaptureCamera.cpp
[CBI]->compiling .cpp : ../BilatToolsOpenCV/src/core/tuto/tuto.cpp
[CBI]->compiling .cpp : ../BilatToolsOpenCV/src/core/viewer/image/ImageViever.cpp
[CBI]->compiling .cpp : ../BilatToolsOpenCV/src/core/viewer/sequence/SequenceViever.cpp

[CBI]->linking to Q:/bilat/Targets/OpenMP_Student_Image/bin/OpenMP_Student_Image64.exe
c:/soft/mingw64/bin/../lib/gcc/x86_64-w64-mingw32/4.7.2/../../../../x86_64-w64-mingw32/bin/ld.exe: cannot find -lopencv_ca3d244
../BUILDER/makefile/private/cpp/cpp.mk:98: recipe for target `Q:/bilat/Targets/OpenMP_Student_Image/bin/OpenMP_Student_Image64.exe' failed
collect2.exe: error: ld returned 1 exit status
make: *** [Q:/bilat/Targets/OpenMP_Student_Image/bin/OpenMP_Student_Image64.exe] Error 1

20:48:42 Build Finished (took 14s.855ms)

