
**** Build of configuration v2 for project temp3 ****

make -f visual.mk all 

==================================================================================
[CBI]->Target Name	: temp364
[CBI]->Type	 		: EXE
[CBI]->Arch	 		: 64
[CBI]->OS	 		: Win
[CBI]->User	 		: bilat
[CBI]->Src_aux 		: ../PRODUCTION/commonExt/include ../PRODUCTION/commonExt/windows ../Cuda/src/cpp/core/tools
[CBI]->Location 	: target/bin/temp364.exe
[CBI]->Deploy 		: 
[CBI]->Compilateur 	: VISUAL [CXX=cl]
[CBI]->Task			: Start Compiling-Linking !
[CBI]->Time			: 15:36:17
==================================================================================

cudaTools.cpp
../Cuda/src/cpp/core/tools/header\cudaTools.h(6) : fatal error C1083: Cannot open include file: 'builtin_types.h': No such file or directory
../PRODUCTION/MANAGER/makefile/private/makeFileCPP.mk:195: recipe for target `target/obj/cudaTools.obj' failed
make: *** [target/obj/cudaTools.obj] Error 2

**** Build Finished ****
