10:13:08 **** Incremental Build of configuration CudaGCC_ARM_parallel for project Tuto_MultiCourbes_Cuda ****
cbicc cuda arm jall 

--------------------------------------------------------
Cross Compilation 		       
--------------------------------------------------------

PLATFORME = jetson
API       = /opt/arm/jetson

--------------------------------------------------------
[Runtime] : gcc arm
--------------------------------------------------------



[cuda]        : /opt/api/ext/cuda

[jni]         : /opt/api/ext/jni/java-8-oracle

[X11]         : /usr/include/X11
[X11]         : 

[MKL]         : /opt/intel/mkl

[boost]       : /opt/api/ext/boost

[opencv]      : /opt/api/ext/opencv
[opencv]      : RPATH_LINK : /opt/api/ext/cuda/cuda-6.5/lib/gcc_arm:/opt/arm/L4T_1404_2421/usr_lib

[cpptest]     : /opt/api/ext/cpptest

[gphoto2]     : /opt/api/ext/gphoto2

[urg]         : /opt/api/ext/urg

[wic]         : /opt/api/ext/wic 


[pleora]      : /opt/api/ext/pleora

[glm]      : /opt/api/ext/GLM

[Runtime] : BILAT_INFOGRAPHIE           /opt/api/cbi/infographie

     BILAT_TOOLS_JST_HOME             = /opt/api/cbi/infographie/tools
     BILAT_OPENGL_HOME                = /opt/api/cbi/infographie/opengl
     BILAT_FENETRAGE_HOME             = /opt/api/cbi/infographie/fenetrage
     BILAT_IMAGE_HOME                 = /opt/api/cbi/infographie/image
     BILAT_SCENE_3D_HOME              = /opt/api/cbi/infographie/scene3d

[Runtime] : BILAT_TOOLS                 /opt/api/cbi/tools

     BILAT_TOOLS_CPP_HOME             = /opt/api/cbi/tools/bilat_tools_cpp
     BILAT_TOOLS_OMP_HOME             = /opt/api/cbi/tools/bilat_tools_omp
     BILAT_TOOLS_CUDA_HOME            = /opt/api/cbi/tools/bilat_tools_cuda
     BILAT_TOOLS_MKL_HOME             = /opt/api/cbi/tools/bilat_tools_mkl
     BILAT_TOOLS_OPENCV_HOME          = /opt/api/cbi/tools/bilat_tools_opencv
     BILAT_TOOLS_V4L_HOME             = /opt/api/cbi/tools/bilat_tools_v4l
     BILAT_TOOLS_CUDA_IMAGE_HOME      = /opt/api/cbi/tools/bilat_tools_cuda_image
     BILAT_TOOLS_CUDA_IMAGE_CV_HOME   = /opt/api/cbi/tools/bilat_tools_cuda_image_cv
     BILAT_TOOLS_IMAGE_HOME           = /opt/api/cbi/tools/bilat_tools_image
     BILAT_TOOLS_IMAGE_CVHOME         = /opt/api/cbi/tools/bilat_tools_image_cv

[Runtime] : BILAT_CAPTEUR               /opt/api/cbi/capteur

     BILAT_GPHOTO2_HOME               = /opt/api/cbi/capteur/bilat_gphoto2
     BILAT_LASER_HOME                 = /opt/api/cbi/capteur/bilat_laser
     BILAT_LIDAR_HOME                 = /opt/api/cbi/capteur/bilat_lidar
     BILAT_TAU2_HOME                  = /opt/api/cbi/capteur/bilat_tau2
     BILAT_SPEECH_HOME                = /opt/api/cbi/capteur/bilat_speech
     BILAT_GPS_HOME                   = /opt/api/cbi/capteur/bilat_gps
     BILAT_PIPES_HOME                 = /opt/api/cbi/capteur/bilat_pipes

--------------------------------------------------------
[Runtime] : gcc arm : Ready!
--------------------------------------------------------


arm-linux-gnueabihf-g++-4.8 (Ubuntu/Linaro 4.8.4-2ubuntu1~14.04.1) 4.8.4
Copyright (C) 2013 Free Software Foundation, Inc.
This is free software; see the source for copying conditions.  There is NO
warranty; not even for MERCHANTABILITY or FITNESS FOR A PARTICULAR PURPOSE.


nvcc: NVIDIA (R) Cuda compiler driver
Copyright (c) 2005-2014 NVIDIA Corporation
Built on Thu_Jul_17_21:41:27_CDT_2014
Cuda compilation tools, release 6.5, V6.5.12


[CUDA GCC] : jall


==================================================================================
[CBI] -> Target Name  : Tuto_Cuda_MultiCourbes_cuda_65_jetson_ARM_32
[CBI] ->
[CBI] -> Build        : /tmp/ramdrive/bilat/Targets/Tuto_Cuda_MultiCourbes/bin/Tuto_Cuda_MultiCourbes_cuda_65_jetson_ARM_32.run
[CBI] -> Deploy       : ../RELEASE/bin
[CBI] ->
[CBI] -> Type	      : EXE
[CBI] -> Arch	      : ARM_32
[CBI] -> OS	 		  : Linux
[CBI] -> User	 	  : bilat
[CBI] ->
[CBI] -> Task		  : Compiling-Linking !
==================================================================================

[CBI] -> SRC AUX (Recursif) :
[CBI] ->

[CBI] -> CXXFLAGS (Partial) :
[CBI] ->
[CBI] ->              : -fopenmp
[CBI] ->              : -O3
[CBI] ->              : -std=c++0x

[CBI] -> CXXLDFLAGS (Partial) :
[CBI] ->

[CBI] -> NVCCFLAGS (Partial) :
[CBI] ->
[CBI] ->              : --fmad=true
[CBI] ->              : -arch=sm_20
[CBI] ->              : -ccbin
[CBI] ->              : -m32
[CBI] ->              : -std=c++11
[CBI] ->              : -target-cpu-arch
[CBI] ->              : -use_fast_math
[CBI] ->              : ARM
[CBI] ->              : g++ARM

[CBI] -> NVCCLDFLAGS (Partial) :
[CBI] ->
[CBI] ->              : -arch=sm_20
[CBI] ->              : -ccbin
[CBI] ->              : -m32
[CBI] ->              : -target-cpu-arch
[CBI] ->              : ARM
[CBI] ->              : g++ARM

[CBI] -> INC_PATH (auto detect):
[CBI] ->              : src/cpp/core/01_warm_up/
[CBI] ->              : src/cpp/core/01_warm_up/01_MultiCourbe_API/
[CBI] ->              : src/cpp/core/01_warm_up/02_cuda/host/
[CBI] ->              : src/cpp/core/01_warm_up/03_math/


[CBI] -> LIB_PATH (auto detect):

[CBI] -> LIB_PATH (auto detect):

[CBI] -> API_INC :
[CBI] ->              : /opt/api/cbi/infographie/fenetrage/301/Bilat_Fenetrage_Displayable/INC
[CBI] ->              : /opt/api/cbi/infographie/fenetrage/301/Bilat_Fenetrage_Displayable/INC/primitives
[CBI] ->              : /opt/api/cbi/infographie/fenetrage/301/Bilat_Fenetrage_FreeGlut_Tools/INC
[CBI] ->              : /opt/api/cbi/infographie/multicourbes/301/Bilat_MultiCourbes_FreeGlut_Cuda/INC
[CBI] ->              : /opt/api/cbi/infographie/multicourbes/301/Bilat_MultiCourbes_GL_Cuda/INC
[CBI] ->              : /opt/api/cbi/infographie/opengl/301/Bilat_OpenGL_Tools/INC
[CBI] ->              : /opt/api/cbi/infographie/tools/301/Bilat_tools_dll/INC
[CBI] ->              : /opt/api/cbi/tools/bilat_tools_cpp/301_004/INC
[CBI] ->              : /opt/api/cbi/tools/bilat_tools_cpp/301_004/INC/namespace_cpu
[CBI] ->              : /opt/api/cbi/tools/bilat_tools_cuda/301_004/INC
[CBI] ->              : /opt/api/cbi/tools/bilat_tools_cuda/301_004/INC/cudatools
[CBI] ->              : /opt/api/cbi/tools/bilat_tools_cuda/301_004/INC/cudatools/cpp
[CBI] ->              : /opt/api/cbi/tools/bilat_tools_cuda/301_004/INC/cudatools/cpp/host
[CBI] ->              : /opt/api/cbi/tools/bilat_tools_cuda/301_004/INC/cudatools/header
[CBI] ->              : /opt/api/cbi/tools/bilat_tools_cuda/301_004/INC/cudatools/header/both
[CBI] ->              : /opt/api/cbi/tools/bilat_tools_cuda/301_004/INC/cudatools/header/device
[CBI] ->              : /opt/api/cbi/tools/bilat_tools_cuda/301_004/INC/cudatools/header/device/curand
[CBI] ->              : /opt/api/cbi/tools/bilat_tools_cuda/301_004/INC/cudatools/header/device/reduction
[CBI] ->              : /opt/api/cbi/tools/bilat_tools_cuda/301_004/INC/cudatools/header/device/synchronisation
[CBI] ->              : /opt/api/cbi/tools/bilat_tools_cuda/301_004/INC/cudatools/header/host
[CBI] ->              : /opt/api/cbi/tools/bilat_tools_cuda/301_004/INC/cudatools/header/mixte
[CBI] ->              : /opt/api/cbi/tools/bilat_tools_cuda/301_004/INC/cudatools/nvidia

[CBI] -> API_BIN :
[CBI] ->              : /opt/api/cbi/infographie/fenetrage/301/Bilat_Fenetrage_Displayable/BIN/gcc_arm
[CBI] ->              : /opt/api/cbi/infographie/fenetrage/301/Bilat_Fenetrage_FreeGlut_Tools/BIN/gcc_arm
[CBI] ->              : /opt/api/cbi/infographie/multicourbes/301/Bilat_MultiCourbes_FreeGlut_Cuda/BIN/gcc_arm
[CBI] ->              : /opt/api/cbi/infographie/multicourbes/301/Bilat_MultiCourbes_GL_Cuda/BIN/gcc_arm
[CBI] ->              : /opt/api/cbi/infographie/opengl/301/Bilat_OpenGL_Tools/BIN/gcc_arm
[CBI] ->              : /opt/api/cbi/tools/bilat_tools_cpp/301_004/BIN/gcc_arm
[CBI] ->              : /opt/api/cbi/tools/bilat_tools_cuda/301_004/BIN/gcc_arm
[CBI] ->              : /opt/api/ext/cuda/cuda-6.5/lib/gcc_arm
[CBI] ->              : /opt/api/ext/cuda/cuda-6.5/lib/gcc_arm/stubs

[CBI] -> API_LIBRARIES_STATIC :

[CBI] -> API_LIBRARIES :
[CBI] ->              : BilatTools_CPP_301_004_gcc_jetson_ARM_32
[CBI] ->              : BilatTools_Cuda_301_004_cuda_65_jetson_ARM_32
[CBI] ->              : Bilat_Fenetrage_Displayable_301_gcc_jetson_ARM_32
[CBI] ->              : Bilat_Fenetrage_FreeGlut_Tools_301_gcc_jetson_ARM_32
[CBI] ->              : Bilat_MultiCourbes_FreeGlut_Cuda_301_cuda_65_jetson_ARM_32
[CBI] ->              : Bilat_MultiCourbes_GL_Cuda_301_cuda_65_jetson_ARM_32
[CBI] ->              : Bilat_OpenGL_Tools_301_gcc_jetson_ARM_32
[CBI] ->              : GL
[CBI] ->              : GLEW
[CBI] ->              : GLU
[CBI] ->              : cublas
[CBI] ->              : cuda
[CBI] ->              : cudart
[CBI] ->              : cudnn
[CBI] ->              : cufft
[CBI] ->              : cufftw
[CBI] ->              : cuinj32
[CBI] ->              : curand
[CBI] ->              : cusolver
[CBI] ->              : cusparse
[CBI] ->              : glut
[CBI] ->              : nppc
[CBI] ->              : nppi
[CBI] ->              : npps
[CBI] ->              : nvToolsExt

[CBI] -> Create folder : /tmp/ramdrive/bilat/Targets/Tuto_Cuda_MultiCourbes/bin
[CBI] -> Create folder : /tmp/ramdrive/bilat/Targets/Tuto_Cuda_MultiCourbes/obj
[CBI] -> Create folder : /tmp/ramdrive/bilat/Targets/Tuto_Cuda_MultiCourbes/cubin

[CBI] -> Compilation parallel (8 threads)

[Tuto_Cuda_MultiCourbes_cuda_65_jetson_ARM_32] -> g++ compiling .cpp : src/main.cpp
[Tuto_Cuda_MultiCourbes_cuda_65_jetson_ARM_32] -> g++ compiling .cpp : src/cpp/core/mainCore.cpp
[Tuto_Cuda_MultiCourbes_cuda_65_jetson_ARM_32] -> g++ compiling .cpp : src/cpp/core/01_warm_up/ProviderMultiCourbeMOO.cpp
[Tuto_Cuda_MultiCourbes_cuda_65_jetson_ARM_32] -> g++ compiling .cpp : src/cpp/core/01_warm_up/01_MultiCourbe_API/MultiCourbesSampleMOO.cpp
[Tuto_Cuda_MultiCourbes_cuda_65_jetson_ARM_32] -> nvcc compiling .cu : src/cpp/core/01_warm_up/02_cuda/device/kernel.cu
[Tuto_Cuda_MultiCourbes_cuda_65_jetson_ARM_32] -> nvcc compiling .cu : src/cpp/core/01_warm_up/02_cuda/host/DataProviderSample.cu

[CBI] -> Linking to   : /tmp/ramdrive/bilat/Targets/Tuto_Cuda_MultiCourbes/bin/Tuto_Cuda_MultiCourbes_cuda_65_jetson_ARM_32.run

[CBI] -> Library Link :
[CBI] ->
[CBI] ->              : -lBilatTools_CPP_301_004_gcc_jetson_ARM_32
[CBI] ->              : -lBilatTools_Cuda_301_004_cuda_65_jetson_ARM_32
[CBI] ->              : -lBilat_Fenetrage_Displayable_301_gcc_jetson_ARM_32
[CBI] ->              : -lBilat_Fenetrage_FreeGlut_Tools_301_gcc_jetson_ARM_32
[CBI] ->              : -lBilat_MultiCourbes_FreeGlut_Cuda_301_cuda_65_jetson_ARM_32
[CBI] ->              : -lBilat_MultiCourbes_GL_Cuda_301_cuda_65_jetson_ARM_32
[CBI] ->              : -lBilat_OpenGL_Tools_301_gcc_jetson_ARM_32
[CBI] ->              : -lGL
[CBI] ->              : -lGLEW
[CBI] ->              : -lGLU
[CBI] ->              : -lcublas
[CBI] ->              : -lcuda
[CBI] ->              : -lcudart
[CBI] ->              : -lcudnn
[CBI] ->              : -lcufft
[CBI] ->              : -lcufftw
[CBI] ->              : -lcuinj32
[CBI] ->              : -lcurand
[CBI] ->              : -lcusolver
[CBI] ->              : -lcusparse
[CBI] ->              : -lglut
[CBI] ->              : -lgomp
[CBI] ->              : -lnppc
[CBI] ->              : -lnppi
[CBI] ->              : -lnpps
[CBI] ->              : -lnvToolsExt


==================================================================================
[CBI] -> Target Name  : Tuto_Cuda_MultiCourbes_cuda_65_jetson_ARM_32
[CBI] -> Location     : /tmp/ramdrive/bilat/Targets/Tuto_Cuda_MultiCourbes/bin/Tuto_Cuda_MultiCourbes_cuda_65_jetson_ARM_32.run
[CBI] -> Deploy 	  : ../RELEASE/bin
[CBI] ->
[CBI] -> Type	 	  : EXE
[CBI] -> Arch	 	  : ARM_32
[CBI] -> OS	 	      : Linux
[CBI] -> User	 	  : bilat
[CBI] ->
[CBI] -> Compilateur  : g++ && nvcc
[CBI] -> Task		  : End Compiling-Linking !
[CBI] -> Time		  : 4 (s)
==================================================================================


[CBI] -> Deploying      : ../RELEASE/bin/Tuto_Cuda_MultiCourbes_cuda_65_jetson_ARM_32.run

[CBI] -> Symlink Project Inc
[CBI] -> To update code completion : ctrl-shift-s   or   gui/index/rebuild

[CBI] -> Tuto_Cuda_MultiCourbes_cuda_65_jetson_ARM_32 : End ALL!


10:13:12 Build Finished (took 4s.635ms)

