15:29:59 **** Build of configuration Visual for project Tuto_Image_Linux_JNI ****
makeVisual.bat all 

[VISUAL] : all  

==================================================================================
[CBI] -> Target Name  : Tuto_Image_JNI_64
[CBI] ->
[CBI] -> Build     	  : Q:/cedric.bilat/Targets/Tuto_Image_JNI/bin/Tuto_Image_JNI_64.dll
[CBI] -> Deploy       : ../RELEASE/bin
[CBI] ->
[CBI] -> Type	 	  : SHARED_LIB
[CBI] -> Arch	 	  : 64
[CBI] -> OS	 		  : Win
[CBI] -> User	 	  : cedric.bilat
[CBI] ->
[CBI] -> Task		  : Compiling-Linking
==================================================================================

[CBI] -> SRC AUX (Recursif) :
[CBI] ->
[CBI] ->              : ../API_Bilat_Canvas_JNI/INC
[CBI] ->              : ../API_Bilat_Canvas_JNI/LIB/visual
[CBI] ->              : ../API_Bilat_DLL_Tools/INC
[CBI] ->              : ../API_Bilat_Displayable/INC
[CBI] ->              : ../API_Bilat_Displayable/LIB/visual
[CBI] ->              : ../API_Bilat_Image_GL/INC
[CBI] ->              : ../API_Bilat_Image_GL/LIB/visual
[CBI] ->              : ../API_Bilat_Image_JNI/INC
[CBI] ->              : ../API_Bilat_Image_JNI/LIB/visual
[CBI] ->              : ../API_GL/INC_WIN
[CBI] ->              : ../API_GL/LIB/visual
[CBI] ->              : ../BilatTools_CPP/src/core
[CBI] ->              : ../BilatTools_Cuda_smart_switch/src/core
[CBI] ->              : ../BilatTools_OMP/src/core
[CBI] ->              : C:/Soft/java64/jdk/lib

[CBI] -> CXXFLAGS (Partial) :
[CBI] ->
[CBI] ->              : -IC:/Soft/java64/jdk/include
[CBI] ->              : -IC:/Soft/java64/jdk/include/win32
[CBI] ->              : /DCBI_DISPLAYABLE_DLL
[CBI] ->              : /DCBI_NO_CUDA
[CBI] ->              : /EHsc
[CBI] ->              : /MD
[CBI] ->              : /Ox
[CBI] ->              : /nologo
[CBI] ->              : /openmp

[CBI] -> LDFLAGS (Partial) :
[CBI] ->
[CBI] ->              : /DLL
[CBI] ->              : /link
[CBI] ->              : /nologo

[CBI] -> Create folder : Q:/cedric.bilat/Targets/Tuto_Image_JNI/bin
[CBI] -> Create folder : Q:/cedric.bilat/Targets/Tuto_Image_JNI/obj

hello_jni.cpp
hello.cpp
ImageScenarioHelloOMP.cpp
HelloImageMOO.cpp
StringTools.cpp
TabTools.cpp
Chronos.cpp
AleaTools.cpp
LimitsTools.cpp
VariateurF.cpp
VariateurI.cpp
MathTools.cpp
IndiceTools_CPU.cpp
ColorTools_CPU.cpp
OmpTools.cpp

[Tuto_Image_JNI_64] -> Linking to   : Q:/cedric.bilat/Targets/Tuto_Image_JNI/bin/Tuto_Image_JNI_64.dll

[Tuto_Image_JNI_64] -> Library Link :
[CBI] ->              : Bilat_Canvas_JNI_001_64.lib
[CBI] ->              : Bilat_Displayable_004_64.lib
[CBI] ->              : Bilat_Image_GL_005_64.lib
[CBI] ->              : Bilat_Image_JNI_001_64.lib
[CBI] ->              : gdi32.lib
[CBI] ->              : glew64.lib
[CBI] ->              : glu32.lib
[CBI] ->              : jawt.lib
[CBI] ->              : jvm.lib
[CBI] ->              : kernel32.lib
[CBI] ->              : opengl32.lib
[CBI] ->              : user32.lib
   Creating library Q:/cedric.bilat/Targets/Tuto_Image_JNI/bin/Tuto_Image_JNI_64.lib and object Q:/cedric.bilat/Targets/Tuto_Image_JNI/bin/Tuto_Image_JNI_64.exp

==================================================================================
[CBI] -> Target Name  : Tuto_Image_JNI_64
[CBI] -> Location     : Q:/cedric.bilat/Targets/Tuto_Image_JNI/bin/Tuto_Image_JNI_64.dll
[CBI] -> Deploy 	  : ../RELEASE/bin
[CBI] ->
[CBI] -> Type	 	  : SHARED_LIB
[CBI] -> Arch	 	  : 64
[CBI] -> OS	 		  : Win
[CBI] -> User	 	  : cedric.bilat
[CBI] ->
[CBI] -> Compilateur  : VISUAL (cl)
[CBI] -> Task	      : End Compiling-Linking !
[CBI] -> Time		  : 15:30:09
==================================================================================


[CBI] -> Deploying    : ../RELEASE/bin/Tuto_Image_JNI_64.dll

[CBI] -> Tuto_Image_JNI_64 : End ALL!

15:30:10 Build Finished (took 10s.529ms)

