15:08:44 **** Build of configuration GCC_ARM_parallel for project Tuto_Graphe_GL ****
cbicc gcc arm jall 

--------------------------------------------------------
Cross Compilation 		       
--------------------------------------------------------

PLATFORME = jetson
API       = /opt/arm/jetson

--------------------------------------------------------
[Runtime] : gcc arm
--------------------------------------------------------



[cuda]        : /opt/api/ext/cuda

[jni]         : /opt/api/ext/jni/java-8-openjdk-arm64

[X11]         : /usr/include/X11
[X11]         : 

[MKL]         : /opt/intel/mkl

[boost]       : /opt/api/ext/boost

[opencv]      : /opt/api/ext/opencv
[opencv]      : RPATH_LINK : /opt/api/ext/cuda/cuda-8.0/lib/gcc_arm:/opt/arm/L4T_1604_2801/usr_lib

[cpptest]     : /opt/api/ext/cpptest

[gphoto2]     : /opt/api/ext/gphoto2

[urg]         : /opt/api/ext/urg

[wic]         : /opt/api/ext/wic 


[pleora]      : /opt/api/ext/pleora

[glm]      : /opt/api/ext/GLM

[Runtime] : BILAT_INFOGRAPHIE           /opt/api/cbi/infographie

     BILAT_TOOLS_JST_HOME             = /opt/api/cbi/infographie/tools
     BILAT_OPENGL_HOME                = /opt/api/cbi/infographie/opengl
     BILAT_FENETRAGE_HOME             = /opt/api/cbi/infographie/fenetrage
     BILAT_IMAGE_HOME                 = /opt/api/cbi/infographie/image
     BILAT_SCENE_3D_HOME              = /opt/api/cbi/infographie/scene3d

[Runtime] : BILAT_TOOLS                 /opt/api/cbi/tools

     BILAT_TOOLS_CPP_HOME             = /opt/api/cbi/tools/bilat_tools_cpp
     BILAT_TOOLS_OMP_HOME             = /opt/api/cbi/tools/bilat_tools_omp
     BILAT_TOOLS_CUDA_HOME            = /opt/api/cbi/tools/bilat_tools_cuda
     BILAT_TOOLS_MKL_HOME             = /opt/api/cbi/tools/bilat_tools_mkl
     BILAT_TOOLS_OPENCV_HOME          = /opt/api/cbi/tools/bilat_tools_opencv
     BILAT_TOOLS_V4L_HOME             = /opt/api/cbi/tools/bilat_tools_v4l
     BILAT_TOOLS_CUDA_IMAGE_HOME      = /opt/api/cbi/tools/bilat_tools_cuda_image
     BILAT_TOOLS_CUDA_IMAGE_CV_HOME   = /opt/api/cbi/tools/bilat_tools_cuda_image_cv
     BILAT_TOOLS_IMAGE_HOME           = /opt/api/cbi/tools/bilat_tools_image
     BILAT_TOOLS_IMAGE_CV_HOME        = /opt/api/cbi/tools/bilat_tools_image_cv
     BILAT_TOOLS_CUDA_3D_HOME         = /opt/api/cbi/tools/bilat_tools_cuda_3D
     BILAT_TOOLS_JNI_HOME             = /opt/api/cbi/tools/bilat_tools_jni

[Runtime] : BILAT_CAPTEUR               /opt/api/cbi/capteur

     BILAT_GPHOTO2_HOME                 = /opt/api/cbi/capteur/bilat_gphoto2
     BILAT_LASER_HOME                   = /opt/api/cbi/capteur/bilat_laser
     BILAT_LIDAR_HOME                   = /opt/api/cbi/capteur/bilat_lidar
     BILAT_TAU2_HOME                    = /opt/api/cbi/capteur/bilat_tau2
     BILAT_SPEECH_HOME                  = /opt/api/cbi/capteur/bilat_speech
     BILAT_GPS_HOME                     = /opt/api/cbi/capteur/bilat_gps
     BILAT_PIPES_P2P_HOME               = /opt/api/cbi/capteur/bilat_pipes_p2p
     BILAT_PIPES_CLIENT_HOME            = /opt/api/cbi/capteur/bilat_pipes_client
     BILAT_PIPES_CLIENT_SERVER_JAVA_HOME= /opt/api/cbi/capteur/bilat_pipes_client_server_java

--------------------------------------------------------
[Runtime] : gcc arm : Ready!
--------------------------------------------------------


aarch64-linux-gnu-g++-5 (Ubuntu/Linaro 5.4.0-6ubuntu1~16.04.4) 5.4.0 20160609
Copyright (C) 2015 Free Software Foundation, Inc.
This is free software; see the source for copying conditions.  There is NO
warranty; not even for MERCHANTABILITY or FITNESS FOR A PARTICULAR PURPOSE.


[Make] : GCC : jall

==================================================================================
[CBI] -> Target Name  : Tuto_Graphe_gcc_ARM_64
[CBI] ->
[CBI] -> Build     	  : /tmp/ramdrive/bilat/Targets/Tuto_Graphe/bin/Tuto_Graphe_gcc_ARM_64.run
[CBI] -> Deploy       : ../RELEASE/bin
[CBI] ->
[CBI] -> Type	 	  : EXE
[CBI] -> Arch	 	  : ARM_64
[CBI] -> OS	 		  : Linux
[CBI] -> User	 	  : bilat
[CBI] ->
[CBI] -> Task		  : Compiling-Linking
==================================================================================

[CBI] -> SRC AUX (Recursif) :
[CBI] ->

[CBI] -> CXXFLAGS (Partial) :
[CBI] ->
[CBI] ->              : -DCBI_GRAPH_DLL
[CBI] ->              : -O3
[CBI] ->              : -fopenmp
[CBI] ->              : -std=c++11

[CBI] -> LDFLAGS (Partial) :
[CBI] ->
[CBI] ->              : -Xlinker

[CBI] -> INC_PATH (auto detect):
[CBI] ->              : src/exemples/00_tools/
[CBI] ->              : src/exemples/01_static/01_discret_curve/01_graphe/
[CBI] ->              : src/exemples/01_static/01_discret_curve/02_glut/
[CBI] ->              : src/exemples/01_static/02_analytique_curve/01_graphe/
[CBI] ->              : src/exemples/01_static/02_analytique_curve/01_graphe/curve/
[CBI] ->              : src/exemples/01_static/02_analytique_curve/02_glut/
[CBI] ->              : src/exemples/01_static/03_lignes/01_graphe/
[CBI] ->              : src/exemples/01_static/03_lignes/02_glut/
[CBI] ->              : src/exemples/01_static/04_polylines/01_graphe/
[CBI] ->              : src/exemples/01_static/04_polylines/02_glut/
[CBI] ->              : src/exemples/01_static/05_nuage_points/01_graphe/
[CBI] ->              : src/exemples/01_static/05_nuage_points/02_glut/
[CBI] ->              : src/exemples/01_static/06_histogram/01_graphe/
[CBI] ->              : src/exemples/01_static/06_histogram/02_glut/
[CBI] ->              : src/exemples/01_static/07_histogram_density/01_graphe/
[CBI] ->              : src/exemples/01_static/07_histogram_density/01_graphe/curve/
[CBI] ->              : src/exemples/01_static/07_histogram_density/02_glut/
[CBI] ->              : src/exemples/01_static/08_parametric_curve/01_graphe/
[CBI] ->              : src/exemples/01_static/08_parametric_curve/01_graphe/curve/
[CBI] ->              : src/exemples/01_static/08_parametric_curve/02_glut/
[CBI] ->              : src/exemples/02_animation/02_animated_MultiThread/02_glut_tools/
[CBI] ->              : src/exemples/02_animation/02_animated_MultiThread/03_glut/
[CBI] ->              : src/exemples/02_animation/03_animation_Manuel/02_glut/

[CBI] -> LIB_PATH (auto detect):

[CBI] -> API_INC :
[CBI] ->              : /opt/api/cbi/infographie/fenetrage/303/Bilat_Fenetrage_Displayable/INC
[CBI] ->              : /opt/api/cbi/infographie/fenetrage/303/Bilat_Fenetrage_Displayable/INC/primitives
[CBI] ->              : /opt/api/cbi/infographie/fenetrage/303/Bilat_Fenetrage_FreeGlut_Tools/INC
[CBI] ->              : /opt/api/cbi/infographie/graph2d/303/Bilat_Graph2D_FreeGlut/INC
[CBI] ->              : /opt/api/cbi/infographie/graph2d/303/Bilat_Graph2D_FreeGlut/INC/freeglut
[CBI] ->              : /opt/api/cbi/infographie/graph2d/303/Bilat_Graph2D_GL/INC
[CBI] ->              : /opt/api/cbi/infographie/graph2d/303/Bilat_Graph2D_GL/INC/model
[CBI] ->              : /opt/api/cbi/infographie/graph2d/303/Bilat_Graph2D_GL/INC/view
[CBI] ->              : /opt/api/cbi/infographie/opengl/303/Bilat_OpenGL_Tools/INC
[CBI] ->              : /opt/api/cbi/infographie/tools/303/Bilat_tools_dll/INC
[CBI] ->              : /opt/api/ext/boost/1640/include
[CBI] ->              : /opt/api/ext/boost/1640/include/boost

[CBI] -> API_BIN :
[CBI] ->              : /opt/api/cbi/infographie/fenetrage/303/Bilat_Fenetrage_Displayable/BIN/gcc_arm
[CBI] ->              : /opt/api/cbi/infographie/fenetrage/303/Bilat_Fenetrage_FreeGlut_Tools/BIN/gcc_arm
[CBI] ->              : /opt/api/cbi/infographie/graph2d/303/Bilat_Graph2D_FreeGlut/BIN/gcc_arm
[CBI] ->              : /opt/api/cbi/infographie/graph2d/303/Bilat_Graph2D_GL/BIN/gcc_arm
[CBI] ->              : /opt/api/cbi/infographie/opengl/303/Bilat_OpenGL_Tools/BIN/gcc_arm
[CBI] ->              : /opt/api/ext/boost/1640/lib

[CBI] -> API_LIBRARIES_STATIC :

[CBI] -> API_LIBRARIES :
[CBI] ->              : Bilat_Fenetrage_Displayable_303_gcc_ARM_64
[CBI] ->              : Bilat_Fenetrage_FreeGlut_Tools_303_gcc_ARM_64
[CBI] ->              : Bilat_Graph2D_Freeglut_303_gcc_ARM_64
[CBI] ->              : Bilat_Graph2D_GL_303_gcc_ARM_64
[CBI] ->              : Bilat_OpenGL_Tools_303_gcc_ARM_64
[CBI] ->              : GL
[CBI] ->              : GLEW
[CBI] ->              : GLU
[CBI] ->              : boost_atomic-gcc540
[CBI] ->              : boost_chrono-gcc540
[CBI] ->              : boost_container-gcc540
[CBI] ->              : boost_context-gcc540
[CBI] ->              : boost_coroutine-gcc540
[CBI] ->              : boost_date_time-gcc540
[CBI] ->              : boost_filesystem-gcc540
[CBI] ->              : boost_graph-gcc540
[CBI] ->              : boost_iostreams-gcc540
[CBI] ->              : boost_locale-gcc540
[CBI] ->              : boost_log-gcc540
[CBI] ->              : boost_log_setup-gcc540
[CBI] ->              : boost_math_c99-gcc540
[CBI] ->              : boost_math_c99f-gcc540
[CBI] ->              : boost_math_c99l-gcc540
[CBI] ->              : boost_math_tr1-gcc540
[CBI] ->              : boost_math_tr1f-gcc540
[CBI] ->              : boost_math_tr1l-gcc540
[CBI] ->              : boost_prg_exec_monitor-gcc540
[CBI] ->              : boost_program_options-gcc540
[CBI] ->              : boost_random-gcc540
[CBI] ->              : boost_regex-gcc540
[CBI] ->              : boost_serialization-gcc540
[CBI] ->              : boost_signals-gcc540
[CBI] ->              : boost_system-gcc540
[CBI] ->              : boost_thread-gcc540
[CBI] ->              : boost_timer-gcc540
[CBI] ->              : boost_type_erasure-gcc540
[CBI] ->              : boost_unit_test_framework-gcc540
[CBI] ->              : boost_wave-gcc540
[CBI] ->              : boost_wserialization-gcc540
[CBI] ->              : glut

[CBI] -> Create folder : /tmp/ramdrive/bilat/Targets/Tuto_Graphe/bin
[CBI] -> Create folder : /tmp/ramdrive/bilat/Targets/Tuto_Graphe/obj

[CBI] -> Compilation parallel (12 threads)

[Tuto_Graphe_gcc_ARM_64] -> g++ARM compiling .cpp : src/main.cpp
[Tuto_Graphe_gcc_ARM_64] -> g++ARM compiling .cpp : src/exemples/02_animation/03_animation_Manuel/02_glut/AnimateManuelGlut.cpp
[Tuto_Graphe_gcc_ARM_64] -> g++ARM compiling .cpp : src/exemples/02_animation/02_animated_MultiThread/02_glut_tools/GLUTMultithreadWindow.cpp
[Tuto_Graphe_gcc_ARM_64] -> g++ARM compiling .cpp : src/exemples/02_animation/02_animated_MultiThread/03_glut/SinusAnimatedGlut.cpp
[Tuto_Graphe_gcc_ARM_64] -> g++ARM compiling .cpp : src/exemples/01_static/08_parametric_curve/02_glut/SpiraleGlut.cpp
[Tuto_Graphe_gcc_ARM_64] -> g++ARM compiling .cpp : src/exemples/01_static/08_parametric_curve/01_graphe/curve/SpiraleCurve.cpp
[Tuto_Graphe_gcc_ARM_64] -> g++ARM compiling .cpp : src/exemples/01_static/03_lignes/02_glut/LinesGlut.cpp
[Tuto_Graphe_gcc_ARM_64] -> g++ARM compiling .cpp : src/exemples/01_static/06_histogram/01_graphe/HistoGraphe.cpp
[Tuto_Graphe_gcc_ARM_64] -> g++ARM compiling .cpp : src/exemples/01_static/08_parametric_curve/01_graphe/SpiraleGraphe.cpp
[Tuto_Graphe_gcc_ARM_64] -> g++ARM compiling .cpp : src/exemples/01_static/06_histogram/02_glut/HistoGlut.cpp
[Tuto_Graphe_gcc_ARM_64] -> g++ARM compiling .cpp : src/exemples/01_static/03_lignes/01_graphe/LinesGraphe.cpp
[Tuto_Graphe_gcc_ARM_64] -> g++ARM compiling .cpp : src/exemples/01_static/07_histogram_density/01_graphe/HistoAdjustGraphe.cpp
[Tuto_Graphe_gcc_ARM_64] -> g++ARM compiling .cpp : src/exemples/01_static/07_histogram_density/01_graphe/curve/GaussCurve.cpp
[Tuto_Graphe_gcc_ARM_64] -> g++ARM compiling .cpp : src/exemples/01_static/07_histogram_density/02_glut/HistoAdjustGlut.cpp
[Tuto_Graphe_gcc_ARM_64] -> g++ARM compiling .cpp : src/exemples/01_static/02_analytique_curve/01_graphe/SinusGraphe.cpp
[Tuto_Graphe_gcc_ARM_64] -> g++ARM compiling .cpp : src/exemples/01_static/02_analytique_curve/02_glut/SinusGlut.cpp
[Tuto_Graphe_gcc_ARM_64] -> g++ARM compiling .cpp : src/exemples/01_static/05_nuage_points/01_graphe/NuagesPointsGraphe.cpp
[Tuto_Graphe_gcc_ARM_64] -> g++ARM compiling .cpp : src/exemples/01_static/05_nuage_points/02_glut/NuagePointGlut.cpp
[Tuto_Graphe_gcc_ARM_64] -> g++ARM compiling .cpp : src/exemples/01_static/01_discret_curve/01_graphe/DiscretCurveGraph.cpp
[Tuto_Graphe_gcc_ARM_64] -> g++ARM compiling .cpp : src/exemples/01_static/01_discret_curve/02_glut/DiscretCurveGlut.cpp
[Tuto_Graphe_gcc_ARM_64] -> g++ARM compiling .cpp : src/exemples/01_static/04_polylines/01_graphe/PolylinesGraphe.cpp
[Tuto_Graphe_gcc_ARM_64] -> g++ARM compiling .cpp : src/exemples/01_static/04_polylines/02_glut/PolyligneGlut.cpp

[CBI] -> Linking to   : /tmp/ramdrive/bilat/Targets/Tuto_Graphe/bin/Tuto_Graphe_gcc_ARM_64.run

[CBI] -> Library Link :
[CBI] ->              : -lBilat_Fenetrage_Displayable_303_gcc_ARM_64
[CBI] ->              : -lBilat_Fenetrage_FreeGlut_Tools_303_gcc_ARM_64
[CBI] ->              : -lBilat_Graph2D_Freeglut_303_gcc_ARM_64
[CBI] ->              : -lBilat_Graph2D_GL_303_gcc_ARM_64
[CBI] ->              : -lBilat_OpenGL_Tools_303_gcc_ARM_64
[CBI] ->              : -lGL
[CBI] ->              : -lGLEW
[CBI] ->              : -lGLU
[CBI] ->              : -lboost_atomic-gcc540
[CBI] ->              : -lboost_chrono-gcc540
[CBI] ->              : -lboost_container-gcc540
[CBI] ->              : -lboost_context-gcc540
[CBI] ->              : -lboost_coroutine-gcc540
[CBI] ->              : -lboost_date_time-gcc540
[CBI] ->              : -lboost_filesystem-gcc540
[CBI] ->              : -lboost_graph-gcc540
[CBI] ->              : -lboost_iostreams-gcc540
[CBI] ->              : -lboost_locale-gcc540
[CBI] ->              : -lboost_log-gcc540
[CBI] ->              : -lboost_log_setup-gcc540
[CBI] ->              : -lboost_math_c99-gcc540
[CBI] ->              : -lboost_math_c99f-gcc540
[CBI] ->              : -lboost_math_c99l-gcc540
[CBI] ->              : -lboost_math_tr1-gcc540
[CBI] ->              : -lboost_math_tr1f-gcc540
[CBI] ->              : -lboost_math_tr1l-gcc540
[CBI] ->              : -lboost_prg_exec_monitor-gcc540
[CBI] ->              : -lboost_program_options-gcc540
[CBI] ->              : -lboost_random-gcc540
[CBI] ->              : -lboost_regex-gcc540
[CBI] ->              : -lboost_serialization-gcc540
[CBI] ->              : -lboost_signals-gcc540
[CBI] ->              : -lboost_system-gcc540
[CBI] ->              : -lboost_thread-gcc540
[CBI] ->              : -lboost_timer-gcc540
[CBI] ->              : -lboost_type_erasure-gcc540
[CBI] ->              : -lboost_unit_test_framework-gcc540
[CBI] ->              : -lboost_wave-gcc540
[CBI] ->              : -lboost_wserialization-gcc540
[CBI] ->              : -lglut
[CBI] ->              : -lgomp
[CBI] ->              : -lpthread
[CBI] ->              : -rpath-link=/opt/arm/L4T_1604_2801/aarch64-linux-gnu/usr_lib/tegra

==================================================================================
[CBI] -> Target Name  : Tuto_Graphe_gcc_ARM_64
[CBI] -> Location     : /tmp/ramdrive/bilat/Targets/Tuto_Graphe/bin/Tuto_Graphe_gcc_ARM_64.run
[CBI] -> Deploy 	  : ../RELEASE/bin
[CBI] ->
[CBI] -> Type	 	  : EXE
[CBI] -> Arch	 	  : ARM_64
[CBI] -> OS	 		  : Linux
[CBI] -> User	 	  : bilat
[CBI] ->
[CBI] -> Compilateur  : g++ARM
[CBI] -> Task	      : End Compiling-Linking !
[CBI] -> Time		  : 5 (s)
==================================================================================


[CBI] -> Deploying    : ../RELEASE/bin/Tuto_Graphe_gcc_ARM_64.run

[CBI] -> Symlink Project Inc
[CBI] -> To update code completion : ctrl-shift-s   or   gui/index/rebuild

[CBI] -> Tuto_Graphe_gcc_ARM_64 : End ALL!


15:08:49 Build Finished (took 5s.136ms)

