15:35:17 **** Incremental Build of configuration GCC_ARM_parallel for project Tuto_Gphoto2_Linux ****
cbicc gcc arm jall 

--------------------------------------------------------
Cross Compilation 		       
--------------------------------------------------------

PLATFORME = jetson
API       = /opt/arm/jetson

--------------------------------------------------------
[Runtime] : gcc arm
--------------------------------------------------------



[cuda]        : /opt/arm/32/cuda

[jni]         : /opt/api/ext/jni

[X11]         : /usr/include/X11
[X11]         : 

[MKL]         : /opt/intel/mkl

[cula]        : /usr/local/cula

[boost]       : /opt/api/ext/boost

[opencv]      : /opt/api/ext/opencv
[opencv]      : RPATH_LINK : /opt/arm/32/cuda/cuda-6.5/lib:/opt/arm/32/L4T_1404_240/usr_lib

[cpptest]     : /opt/api/ext/cpptest

[gphoto2]     : /opt/api/ext/gphoto2

[urg]         : /opt/api/ext/urg

[wic]         : /opt/api/ext/wic 


[pleora]      : /opt/api/ext/pleora

[Runtime] : BILAT_INFOGRAPHIE           /opt/api/cbi/infographie

     BILAT_TOOLS_JST_HOME             = /opt/api/cbi/infographie/tools
     BILAT_OPENGL_HOME                = /opt/api/cbi/infographie/opengl
     BILAT_FENETRAGE_HOME             = /opt/api/cbi/infographie/fenetrage
     BILAT_IMAGE_HOME                 = /opt/api/cbi/infographie/image
     BILAT_SURFACE_HOME               = /opt/api/cbi/infographie/surface

[Runtime] : BILAT_TOOLS                 /opt/api/cbi/tools

     BILAT_TOOLS_CPP_HOME             = /opt/api/cbi/tools/bilat_tools_cpp
     BILAT_TOOLS_OMP_HOME             = /opt/api/cbi/tools/bilat_tools_omp
     BILAT_TOOLS_CUDA_HOME            = /opt/api/cbi/tools/bilat_tools_cuda
     BILAT_TOOLS_MKL_HOME             = /opt/api/cbi/tools/bilat_tools_mkl
     BILAT_TOOLS_OPENCV_HOME          = /opt/api/cbi/tools/bilat_tools_opencv
     BILAT_TOOLS_V4L_HOME             = /opt/api/cbi/tools/bilat_tools_v4l
     BILAT_TOOLS_CUDA_IMAGE_HOME      = /opt/api/cbi/tools/bilat_tools_cuda_image
     BILAT_TOOLS_CUDA_IMAGE_CV_HOME   = /opt/api/cbi/tools/bilat_tools_cuda_image_cv
     BILAT_TOOLS_IMAGE_HOME           = /opt/api/cbi/tools/bilat_tools_image
     BILAT_TOOLS_IMAGE_CVHOME         = /opt/api/cbi/tools/bilat_tools_image_cv

[Runtime] : BILAT_CAPTEUR               /opt/api/cbi/capteur

     BILAT_GPHOTO2_HOME               = /opt/api/cbi/capteur/bilat_gphoto2
     BILAT_LASER_HOME                 = /opt/api/cbi/capteur/bilat_laser
     BILAT_LIDAR_HOME                 = /opt/api/cbi/capteur/bilat_lidar
     BILAT_TAU2_HOME                  = /opt/api/cbi/capteur/bilat_tau2

--------------------------------------------------------
[Runtime] : gcc arm : Ready!
--------------------------------------------------------


arm-linux-gnueabihf-g++-4.8 (Ubuntu/Linaro 4.8.4-2ubuntu1~14.04.1) 4.8.4
Copyright (C) 2013 Free Software Foundation, Inc.
This is free software; see the source for copying conditions.  There is NO
warranty; not even for MERCHANTABILITY or FITNESS FOR A PARTICULAR PURPOSE.


[Make] : GCC : jall

==================================================================================
[CBI] -> Target Name  : Tuto_Gphoto2_gcc_jetson_ARM_32
[CBI] ->
[CBI] -> Build     	  : /tmp/ramdrive/bilat/Targets/Tuto_Gphoto2/bin/Tuto_Gphoto2_gcc_jetson_ARM_32.run
[CBI] -> Deploy       : ../RELEASE/bin
[CBI] ->
[CBI] -> Type	 	  : EXE
[CBI] -> Arch	 	  : ARM_32
[CBI] -> OS	 		  : Linux
[CBI] -> User	 	  : bilat
[CBI] ->
[CBI] -> Task		  : Compiling-Linking
==================================================================================

[CBI] -> SRC AUX (Recursif) :
[CBI] ->

[CBI] -> CXXFLAGS (Partial) :
[CBI] ->
[CBI] ->              : -O3
[CBI] ->              : -std=c++11

[CBI] -> LDFLAGS (Partial) :
[CBI] ->

[CBI] -> INC_PATH (auto detect):

[CBI] -> LIB_PATH (auto detect):

[CBI] -> API_INC :
[CBI] ->              : /opt/api/cbi/capteur/bilat_gphoto2/001/INC
[CBI] ->              : /opt/api/cbi/capteur/bilat_gphoto2/001/INC/reflex
[CBI] ->              : /opt/api/cbi/capteur/bilat_gphoto2/001/INC/reflex/nikon
[CBI] ->              : /opt/api/cbi/capteur/bilat_gphoto2/001/INC/reflex/nikon/d50
[CBI] ->              : /opt/api/cbi/capteur/bilat_gphoto2/001/INC/reflex/nikon/d7100
[CBI] ->              : /opt/api/cbi/capteur/bilat_gphoto2/001/INC/reflex/tools
[CBI] ->              : /opt/api/ext/gphoto2/2510/include
[CBI] ->              : /opt/api/ext/gphoto2/2510/include/gphoto2

[CBI] -> API_LIB :
[CBI] ->              : /opt/api/cbi/capteur/bilat_gphoto2/001/BIN/gcc_arm
[CBI] ->              : /opt/api/ext/gphoto2/2510/lib

[CBI] -> API_BIN :
[CBI] ->              : /opt/api/cbi/capteur/bilat_gphoto2/001/BIN/gcc_arm
[CBI] ->              : /opt/api/ext/gphoto2/2510/lib

[CBI] -> API_LIBRARIES :
[CBI] ->              : BilatTools_Gphoto2_gcc_jetson_ARM_32
[CBI] ->              : gphoto2
[CBI] ->              : gphoto2_port

[CBI] -> Create folder : /tmp/ramdrive/bilat/Targets/Tuto_Gphoto2/bin
[CBI] -> Create folder : /tmp/ramdrive/bilat/Targets/Tuto_Gphoto2/obj

[CBI] -> Compilation parallel (8 threads)

[Tuto_Gphoto2_gcc_jetson_ARM_32] -> g++ARM compiling .cpp : src/cpp/main.cpp

[CBI] -> Linking to   : /tmp/ramdrive/bilat/Targets/Tuto_Gphoto2/bin/Tuto_Gphoto2_gcc_jetson_ARM_32.run

[CBI] -> Library Link :
[CBI] ->              : -lBilatTools_Gphoto2_gcc_jetson_ARM_32
[CBI] ->              : -lgphoto2
[CBI] ->              : -lgphoto2_port

==================================================================================
[CBI] -> Target Name  : Tuto_Gphoto2_gcc_jetson_ARM_32
[CBI] -> Location     : /tmp/ramdrive/bilat/Targets/Tuto_Gphoto2/bin/Tuto_Gphoto2_gcc_jetson_ARM_32.run
[CBI] -> Deploy 	  : ../RELEASE/bin
[CBI] ->
[CBI] -> Type	 	  : EXE
[CBI] -> Arch	 	  : ARM_32
[CBI] -> OS	 		  : Linux
[CBI] -> User	 	  : bilat
[CBI] ->
[CBI] -> Compilateur  : g++ (g++ARM)
[CBI] -> Task	      : End Compiling-Linking !
[CBI] -> Time		  : 0 (s)
==================================================================================


[CBI] -> Deploying    : ../RELEASE/bin/Tuto_Gphoto2_gcc_jetson_ARM_32.run

[CBI] -> Tuto_Gphoto2_gcc_jetson_ARM_32 : End ALL!


15:35:18 Build Finished (took 578ms)

