14:33:08 **** Build of configuration GCC_parallel for project Tuto_Image ****
cbicc gcc jall 

--------------------------------------------------------
[Runtime] : gcc x86
--------------------------------------------------------


[cuda]        : /usr/local

[jni]         : /usr/lib/jvm/java-8-oracle

[X11]         : /usr/include/X11

[MKL]         : /opt/intel/mkl

[boost]       : /opt/api/ext/boost

[opencv]      : /opt/api/ext/opencv

[cpptest]     : /opt/api/ext/cpptest

[gphoto2]     : /opt/api/ext/gphoto2

[urg]         : /opt/api/ext/urg

[wic]         : /opt/api/ext/wic 

[pleora]      : /opt/api/ext/pleora

[glm]      : /opt/api/ext/GLM

[Runtime] : BILAT_INFOGRAPHIE           /opt/api/cbi/infographie

     BILAT_TOOLS_JST_HOME             = /opt/api/cbi/infographie/tools
     BILAT_OPENGL_HOME                = /opt/api/cbi/infographie/opengl
     BILAT_FENETRAGE_HOME             = /opt/api/cbi/infographie/fenetrage
     BILAT_IMAGE_HOME                 = /opt/api/cbi/infographie/image
     BILAT_SCENE_3D_HOME              = /opt/api/cbi/infographie/scene3d

[Runtime] : BILAT_TOOLS                 /opt/api/cbi/tools

     BILAT_TOOLS_CPP_HOME             = /opt/api/cbi/tools/bilat_tools_cpp
     BILAT_TOOLS_OMP_HOME             = /opt/api/cbi/tools/bilat_tools_omp
     BILAT_TOOLS_CUDA_HOME            = /opt/api/cbi/tools/bilat_tools_cuda
     BILAT_TOOLS_MKL_HOME             = /opt/api/cbi/tools/bilat_tools_mkl
     BILAT_TOOLS_OPENCV_HOME          = /opt/api/cbi/tools/bilat_tools_opencv
     BILAT_TOOLS_V4L_HOME             = /opt/api/cbi/tools/bilat_tools_v4l
     BILAT_TOOLS_CUDA_IMAGE_HOME      = /opt/api/cbi/tools/bilat_tools_cuda_image
     BILAT_TOOLS_CUDA_IMAGE_CV_HOME   = /opt/api/cbi/tools/bilat_tools_cuda_image_cv
     BILAT_TOOLS_IMAGE_HOME           = /opt/api/cbi/tools/bilat_tools_image
     BILAT_TOOLS_IMAGE_CV_HOME        = /opt/api/cbi/tools/bilat_tools_image_cv
     BILAT_TOOLS_CUDA_3D_HOME         = /opt/api/cbi/tools/bilat_tools_cuda_3D
     BILAT_TOOLS_JNI_HOME             = /opt/api/cbi/tools/bilat_tools_jni

[Runtime] : BILAT_CAPTEUR               /opt/api/cbi/capteur

     BILAT_GPHOTO2_HOME                 = /opt/api/cbi/capteur/bilat_gphoto2
     BILAT_LASER_HOME                   = /opt/api/cbi/capteur/bilat_laser
     BILAT_LIDAR_HOME                   = /opt/api/cbi/capteur/bilat_lidar
     BILAT_TAU2_HOME                    = /opt/api/cbi/capteur/bilat_tau2
     BILAT_SPEECH_HOME                  = /opt/api/cbi/capteur/bilat_speech
     BILAT_GPS_HOME                     = /opt/api/cbi/capteur/bilat_gps
     BILAT_PIPES_P2P_HOME               = /opt/api/cbi/capteur/bilat_pipes_p2p
     BILAT_PIPES_CLIENT_HOME            = /opt/api/cbi/capteur/bilat_pipes_client
     BILAT_PIPES_CLIENT_SERVER_JAVA_HOME= /opt/api/cbi/capteur/bilat_pipes_client_server_java

--------------------------------------------------------
[Runtime] : gcc x86 : Ready!
--------------------------------------------------------


g++ (Ubuntu 4.8.4-2ubuntu1~14.04.3) 4.8.4
Copyright (C) 2013 Free Software Foundation, Inc.
This is free software; see the source for copying conditions.  There is NO
warranty; not even for MERCHANTABILITY or FITNESS FOR A PARTICULAR PURPOSE.


[Make] : GCC : jall

==================================================================================
[CBI] -> Target Name  : Tuto_Image_gcc_x86_64
[CBI] ->
[CBI] -> Build     	  : /tmp/ramdrive/arc9/Targets/Tuto_Image/bin/Tuto_Image_gcc_x86_64.run
[CBI] -> Deploy       : ../RELEASE/bin
[CBI] ->
[CBI] -> Type	 	  : EXE
[CBI] -> Arch	 	  : x86_64
[CBI] -> OS	 		  : Linux
[CBI] -> User	 	  : arc9
[CBI] ->
[CBI] -> Task		  : Compiling-Linking
==================================================================================

[CBI] -> SRC AUX (Recursif) :
[CBI] ->

[CBI] -> CXXFLAGS (Partial) :
[CBI] ->
[CBI] ->              : -O3
[CBI] ->              : -fomit-frame-pointer
[CBI] ->              : -fopenmp
[CBI] ->              : -frerun-loop-opt
[CBI] ->              : -march=native
[CBI] ->              : -std=c++11

[CBI] -> LDFLAGS (Partial) :
[CBI] ->

[CBI] -> INC_PATH (auto detect):
[CBI] ->              : src/core/01_simple_RGBA_uchar4/01_Vague/01_animable/
[CBI] ->              : src/core/01_simple_RGBA_uchar4/01_Vague/01_animable/math/
[CBI] ->              : src/core/01_simple_RGBA_uchar4/01_Vague/02_Provider/
[CBI] ->              : src/core/01_simple_RGBA_uchar4/02_Damier_zoomable/01_animable/
[CBI] ->              : src/core/01_simple_RGBA_uchar4/02_Damier_zoomable/01_animable/math/
[CBI] ->              : src/core/01_simple_RGBA_uchar4/02_Damier_zoomable/02_Provider/
[CBI] ->              : src/core/02_simple_type/01_Vague_GRAY_uchar/01_animable/
[CBI] ->              : src/core/02_simple_type/01_Vague_GRAY_uchar/01_animable/math/
[CBI] ->              : src/core/02_simple_type/01_Vague_GRAY_uchar/02_Provider/
[CBI] ->              : src/core/02_simple_type/02_Damier_RGBA_float4/01_animable/
[CBI] ->              : src/core/02_simple_type/02_Damier_RGBA_float4/01_animable/math/
[CBI] ->              : src/core/02_simple_type/02_Damier_RGBA_float4/02_Provider/
[CBI] ->              : src/core/02_simple_type/03_Damier_HSBA_float4/01_animable/
[CBI] ->              : src/core/02_simple_type/03_Damier_HSBA_float4/01_animable/math/
[CBI] ->              : src/core/02_simple_type/03_Damier_HSBA_float4/02_Provider/
[CBI] ->              : src/core/02_simple_type/04_Damier_HUE_float/01_animable/
[CBI] ->              : src/core/02_simple_type/04_Damier_HUE_float/01_animable/math/
[CBI] ->              : src/core/02_simple_type/04_Damier_HUE_float/02_Provider/
[CBI] ->              : src/core/03_advanced/01_event/01_image/
[CBI] ->              : src/core/03_advanced/01_event/01_image/listener/key/
[CBI] ->              : src/core/03_advanced/01_event/01_image/listener/mouse/
[CBI] ->              : src/core/03_advanced/01_event/03_provider/
[CBI] ->              : src/core/03_advanced/02_overlay/01_image/
[CBI] ->              : src/core/03_advanced/02_overlay/01_image/graphic2D/
[CBI] ->              : src/core/03_advanced/02_overlay/03_provider/
[CBI] ->              : src/core/03_advanced/03_domaine/01_image/
[CBI] ->              : src/core/03_advanced/03_domaine/01_image/listener/key/
[CBI] ->              : src/core/03_advanced/03_domaine/03_provider/
[CBI] ->              : src/core/03_advanced/04_opengl_pure/01_opengl/
[CBI] ->              : src/core/03_advanced/04_opengl_pure/03_provider/

[CBI] -> LIB_PATH (auto detect):

[CBI] -> API_INC :
[CBI] ->              : /opt/api/cbi/infographie/fenetrage/303/Bilat_Fenetrage_Displayable/INC
[CBI] ->              : /opt/api/cbi/infographie/fenetrage/303/Bilat_Fenetrage_Displayable/INC/primitives
[CBI] ->              : /opt/api/cbi/infographie/fenetrage/303/Bilat_Fenetrage_Displayable_GL/INC
[CBI] ->              : /opt/api/cbi/infographie/fenetrage/303/Bilat_Fenetrage_Displayable_GL/INC/primitives
[CBI] ->              : /opt/api/cbi/infographie/fenetrage/303/Bilat_Fenetrage_FreeGlut_Tools/INC
[CBI] ->              : /opt/api/cbi/infographie/image/303/Bilat_Image_FreeGlut/INC
[CBI] ->              : /opt/api/cbi/infographie/image/303/Bilat_Image_FreeGlut/INC/common
[CBI] ->              : /opt/api/cbi/infographie/image/303/Bilat_Image_FreeGlut/INC/cpu
[CBI] ->              : /opt/api/cbi/infographie/image/303/Bilat_Image_GL/INC
[CBI] ->              : /opt/api/cbi/infographie/image/303/Bilat_Image_GL/INC/common
[CBI] ->              : /opt/api/cbi/infographie/image/303/Bilat_Image_GL/INC/cpu
[CBI] ->              : /opt/api/cbi/infographie/opengl/303/Bilat_OpenGL_Tools/INC
[CBI] ->              : /opt/api/cbi/infographie/tools/303/Bilat_tools_dll/INC
[CBI] ->              : /opt/api/cbi/tools/bilat_tools_cpp/303_006/INC
[CBI] ->              : /opt/api/cbi/tools/bilat_tools_cpp/303_006/INC/namespace_cpu
[CBI] ->              : /opt/api/cbi/tools/bilat_tools_image/303_006/INC
[CBI] ->              : /opt/api/cbi/tools/bilat_tools_image/303_006/INC/imp
[CBI] ->              : /opt/api/cbi/tools/bilat_tools_image/303_006/INC/imp/api_animateur
[CBI] ->              : /opt/api/cbi/tools/bilat_tools_image/303_006/INC/imp/api_image_link
[CBI] ->              : /opt/api/cbi/tools/bilat_tools_image/303_006/INC/imp/api_viewer
[CBI] ->              : /opt/api/cbi/tools/bilat_tools_image/303_006/INC/spec
[CBI] ->              : /opt/api/cbi/tools/bilat_tools_omp/303_006/INC
[CBI] ->              : /opt/api/cbi/tools/bilat_tools_omp/303_006/INC/OMP_Tools
[CBI] ->              : /opt/api/cbi/tools/bilat_tools_omp/303_006/INC/OMP_Tools/header

[CBI] -> API_BIN :
[CBI] ->              : /opt/api/cbi/infographie/fenetrage/303/Bilat_Fenetrage_Displayable/BIN/gcc
[CBI] ->              : /opt/api/cbi/infographie/fenetrage/303/Bilat_Fenetrage_Displayable_GL/BIN/gcc
[CBI] ->              : /opt/api/cbi/infographie/fenetrage/303/Bilat_Fenetrage_FreeGlut_Tools/BIN/gcc
[CBI] ->              : /opt/api/cbi/infographie/image/303/Bilat_Image_FreeGlut/BIN/gcc
[CBI] ->              : /opt/api/cbi/infographie/image/303/Bilat_Image_GL/BIN/gcc
[CBI] ->              : /opt/api/cbi/infographie/opengl/303/Bilat_OpenGL_Tools/BIN/gcc
[CBI] ->              : /opt/api/cbi/tools/bilat_tools_cpp/303_006/BIN/gcc
[CBI] ->              : /opt/api/cbi/tools/bilat_tools_image/303_006/BIN/gcc
[CBI] ->              : /opt/api/cbi/tools/bilat_tools_omp/303_006/BIN/gcc

[CBI] -> API_LIBRARIES_STATIC :

[CBI] -> API_LIBRARIES :
[CBI] ->              : BilatTools_CPP_303_006_gcc_x86_64
[CBI] ->              : BilatTools_Image_303_006_gcc_x86_64
[CBI] ->              : BilatTools_OMP_303_006_gcc_x86_64
[CBI] ->              : Bilat_Fenetrage_Displayable_303_gcc_x86_64
[CBI] ->              : Bilat_Fenetrage_Displayable_GL_303_gcc_x86_64
[CBI] ->              : Bilat_Fenetrage_FreeGlut_Tools_303_gcc_x86_64
[CBI] ->              : Bilat_Image_FreeGlut_303_gcc_x86_64
[CBI] ->              : Bilat_Image_GL_303_gcc_x86_64
[CBI] ->              : Bilat_OpenGL_Tools_303_gcc_x86_64
[CBI] ->              : GL
[CBI] ->              : GLEW
[CBI] ->              : GLU
[CBI] ->              : glut

[CBI] -> Create folder : /tmp/ramdrive/arc9/Targets/Tuto_Image/bin
[CBI] -> Create folder : /tmp/ramdrive/arc9/Targets/Tuto_Image/obj

[CBI] -> Compilation parallel (16 threads)

[Tuto_Image_gcc_x86_64] -> g++ compiling .cpp : src/main.cpp
[Tuto_Image_gcc_x86_64] -> g++ compiling .cpp : src/core/mainAnimable.cpp
[Tuto_Image_gcc_x86_64] -> g++ compiling .cpp : src/core/mainImage.cpp
[Tuto_Image_gcc_x86_64] -> g++ compiling .cpp : src/core/03_advanced/03_domaine/03_provider/DomaineProvider.cpp
[Tuto_Image_gcc_x86_64] -> g++ compiling .cpp : src/core/03_advanced/03_domaine/01_image/ImageCustomDomaine.cpp
[Tuto_Image_gcc_x86_64] -> g++ compiling .cpp : src/core/03_advanced/03_domaine/01_image/listener/key/DomaineKeyListener.cpp
[Tuto_Image_gcc_x86_64] -> g++ compiling .cpp : src/core/03_advanced/02_overlay/03_provider/OverlayProvider.cpp
[Tuto_Image_gcc_x86_64] -> g++ compiling .cpp : src/core/03_advanced/02_overlay/01_image/ImageOverlay.cpp
[Tuto_Image_gcc_x86_64] -> g++ compiling .cpp : src/core/03_advanced/02_overlay/01_image/graphic2D/ExampleDrawer2D.cpp
[Tuto_Image_gcc_x86_64] -> g++ compiling .cpp : src/core/03_advanced/01_event/03_provider/EventProvider.cpp
[Tuto_Image_gcc_x86_64] -> g++ compiling .cpp : src/core/03_advanced/01_event/01_image/ImageCustomEvent.cpp
[Tuto_Image_gcc_x86_64] -> g++ compiling .cpp : src/core/03_advanced/01_event/01_image/listener/key/SimpleKeyListener.cpp
[Tuto_Image_gcc_x86_64] -> g++ compiling .cpp : src/core/03_advanced/01_event/01_image/listener/mouse/SimpleMouseListener.cpp
[Tuto_Image_gcc_x86_64] -> g++ compiling .cpp : src/core/03_advanced/04_opengl_pure/01_opengl/MyDisplayable.cpp
[Tuto_Image_gcc_x86_64] -> g++ compiling .cpp : src/core/03_advanced/04_opengl_pure/03_provider/MyDisplayableProvider.cpp
[Tuto_Image_gcc_x86_64] -> g++ compiling .cpp : src/core/01_simple_RGBA_uchar4/01_Vague/01_animable/Vague.cpp
[Tuto_Image_gcc_x86_64] -> g++ compiling .cpp : src/core/01_simple_RGBA_uchar4/01_Vague/02_Provider/VagueProvider.cpp
[Tuto_Image_gcc_x86_64] -> g++ compiling .cpp : src/core/01_simple_RGBA_uchar4/02_Damier_zoomable/01_animable/Damier.cpp
[Tuto_Image_gcc_x86_64] -> g++ compiling .cpp : src/core/01_simple_RGBA_uchar4/02_Damier_zoomable/02_Provider/DamierProvider.cpp
[Tuto_Image_gcc_x86_64] -> g++ compiling .cpp : src/core/02_simple_type/04_Damier_HUE_float/01_animable/DamierHueFloat.cpp
[Tuto_Image_gcc_x86_64] -> g++ compiling .cpp : src/core/02_simple_type/04_Damier_HUE_float/02_Provider/DamierHueFloatProvider.cpp
[Tuto_Image_gcc_x86_64] -> g++ compiling .cpp : src/core/02_simple_type/01_Vague_GRAY_uchar/01_animable/VagueGray.cpp
[Tuto_Image_gcc_x86_64] -> g++ compiling .cpp : src/core/02_simple_type/01_Vague_GRAY_uchar/02_Provider/VagueGrayProvider.cpp
[Tuto_Image_gcc_x86_64] -> g++ compiling .cpp : src/core/02_simple_type/02_Damier_RGBA_float4/01_animable/DamierRGBAFloat.cpp
[Tuto_Image_gcc_x86_64] -> g++ compiling .cpp : src/core/02_simple_type/02_Damier_RGBA_float4/02_Provider/DamierRGBAFloatProvider.cpp
[Tuto_Image_gcc_x86_64] -> g++ compiling .cpp : src/core/02_simple_type/03_Damier_HSBA_float4/01_animable/DamierHSBAFloat.cpp
[Tuto_Image_gcc_x86_64] -> g++ compiling .cpp : src/core/02_simple_type/03_Damier_HSBA_float4/02_Provider/DamierHSBAFloatProvider.cpp

[CBI] -> Linking to   : /tmp/ramdrive/arc9/Targets/Tuto_Image/bin/Tuto_Image_gcc_x86_64.run

[CBI] -> Library Link :
[CBI] ->              : -lBilatTools_CPP_303_006_gcc_x86_64
[CBI] ->              : -lBilatTools_Image_303_006_gcc_x86_64
[CBI] ->              : -lBilatTools_OMP_303_006_gcc_x86_64
[CBI] ->              : -lBilat_Fenetrage_Displayable_303_gcc_x86_64
[CBI] ->              : -lBilat_Fenetrage_Displayable_GL_303_gcc_x86_64
[CBI] ->              : -lBilat_Fenetrage_FreeGlut_Tools_303_gcc_x86_64
[CBI] ->              : -lBilat_Image_FreeGlut_303_gcc_x86_64
[CBI] ->              : -lBilat_Image_GL_303_gcc_x86_64
[CBI] ->              : -lBilat_OpenGL_Tools_303_gcc_x86_64
[CBI] ->              : -lGL
[CBI] ->              : -lGLEW
[CBI] ->              : -lGLU
[CBI] ->              : -lglut
[CBI] ->              : -lgomp

==================================================================================
[CBI] -> Target Name  : Tuto_Image_gcc_x86_64
[CBI] -> Location     : /tmp/ramdrive/arc9/Targets/Tuto_Image/bin/Tuto_Image_gcc_x86_64.run
[CBI] -> Deploy 	  : ../RELEASE/bin
[CBI] ->
[CBI] -> Type	 	  : EXE
[CBI] -> Arch	 	  : x86_64
[CBI] -> OS	 		  : Linux
[CBI] -> User	 	  : arc9
[CBI] ->
[CBI] -> Compilateur  : g++
[CBI] -> Task	      : End Compiling-Linking !
[CBI] -> Time		  : 1 (s)
==================================================================================


[CBI] -> Deploying    : ../RELEASE/bin/Tuto_Image_gcc_x86_64.run

[CBI] -> Symlink Project Inc
[CBI] -> To update code completion : ctrl-shift-s   or   gui/index/rebuild

[CBI] -> Tuto_Image_gcc_x86_64 : End ALL!


14:33:11 Build Finished (took 2s.225ms)

