14:55:25 **** Incremental Build of configuration GCC_parallel for project Tuto_OpenCV ****
cbicc gcc jall 

--------------------------------------------------------
[Runtime] : gcc x86
--------------------------------------------------------


[cuda]        : /usr/local

[jni]         : /usr/lib/jvm/java-8-oracle

[X11]         : /usr/include/X11

[MKL]         : /opt/intel/mkl

[boost]       : /opt/api/ext/boost

[opencv]      : /opt/api/ext/opencv

[cpptest]     : /opt/api/ext/cpptest

[gphoto2]     : /opt/api/ext/gphoto2

[urg]         : /opt/api/ext/urg

[wic]         : /opt/api/ext/wic 

[pleora]      : /opt/api/ext/pleora

[glm]      : /opt/api/ext/GLM

[Runtime] : BILAT_INFOGRAPHIE           /opt/api/cbi/infographie

     BILAT_TOOLS_JST_HOME             = /opt/api/cbi/infographie/tools
     BILAT_OPENGL_HOME                = /opt/api/cbi/infographie/opengl
     BILAT_FENETRAGE_HOME             = /opt/api/cbi/infographie/fenetrage
     BILAT_IMAGE_HOME                 = /opt/api/cbi/infographie/image
     BILAT_SCENE_3D_HOME              = /opt/api/cbi/infographie/scene3d

[Runtime] : BILAT_TOOLS                 /opt/api/cbi/tools

     BILAT_TOOLS_CPP_HOME             = /opt/api/cbi/tools/bilat_tools_cpp
     BILAT_TOOLS_OMP_HOME             = /opt/api/cbi/tools/bilat_tools_omp
     BILAT_TOOLS_CUDA_HOME            = /opt/api/cbi/tools/bilat_tools_cuda
     BILAT_TOOLS_MKL_HOME             = /opt/api/cbi/tools/bilat_tools_mkl
     BILAT_TOOLS_OPENCV_HOME          = /opt/api/cbi/tools/bilat_tools_opencv
     BILAT_TOOLS_V4L_HOME             = /opt/api/cbi/tools/bilat_tools_v4l
     BILAT_TOOLS_CUDA_IMAGE_HOME      = /opt/api/cbi/tools/bilat_tools_cuda_image
     BILAT_TOOLS_CUDA_IMAGE_CV_HOME   = /opt/api/cbi/tools/bilat_tools_cuda_image_cv
     BILAT_TOOLS_IMAGE_HOME           = /opt/api/cbi/tools/bilat_tools_image
     BILAT_TOOLS_IMAGE_CV_HOME        = /opt/api/cbi/tools/bilat_tools_image_cv
     BILAT_TOOLS_CUDA_3D_HOME         = /opt/api/cbi/tools/bilat_tools_cuda_3D
     BILAT_TOOLS_JNI_HOME             = /opt/api/cbi/tools/bilat_tools_jni

[Runtime] : BILAT_CAPTEUR               /opt/api/cbi/capteur

     BILAT_GPHOTO2_HOME                 = /opt/api/cbi/capteur/bilat_gphoto2
     BILAT_LASER_HOME                   = /opt/api/cbi/capteur/bilat_laser
     BILAT_LIDAR_HOME                   = /opt/api/cbi/capteur/bilat_lidar
     BILAT_TAU2_HOME                    = /opt/api/cbi/capteur/bilat_tau2
     BILAT_SPEECH_HOME                  = /opt/api/cbi/capteur/bilat_speech
     BILAT_GPS_HOME                     = /opt/api/cbi/capteur/bilat_gps
     BILAT_PIPES_P2P_HOME               = /opt/api/cbi/capteur/bilat_pipes_p2p
     BILAT_PIPES_CLIENT_HOME            = /opt/api/cbi/capteur/bilat_pipes_client
     BILAT_PIPES_CLIENT_SERVER_JAVA_HOME= /opt/api/cbi/capteur/bilat_pipes_client_server_java

--------------------------------------------------------
[Runtime] : gcc x86 : Ready!
--------------------------------------------------------


g++ (Ubuntu 4.8.4-2ubuntu1~14.04.3) 4.8.4
Copyright (C) 2013 Free Software Foundation, Inc.
This is free software; see the source for copying conditions.  There is NO
warranty; not even for MERCHANTABILITY or FITNESS FOR A PARTICULAR PURPOSE.


[Make] : GCC : jall

==================================================================================
[CBI] -> Target Name  : Tuto_OpenCV_gcc_x86_64
[CBI] ->
[CBI] -> Build     	  : /tmp/ramdrive/bilat/Targets/Tuto_OpenCV/bin/Tuto_OpenCV_gcc_x86_64.run
[CBI] -> Deploy       : ../RELEASE/bin
[CBI] ->
[CBI] -> Type	 	  : EXE
[CBI] -> Arch	 	  : x86_64
[CBI] -> OS	 		  : Linux
[CBI] -> User	 	  : bilat
[CBI] ->
[CBI] -> Task		  : Compiling-Linking
==================================================================================

[CBI] -> SRC AUX (Recursif) :
[CBI] ->

[CBI] -> CXXFLAGS (Partial) :
[CBI] ->
[CBI] ->              : -O3
[CBI] ->              : -fomit-frame-pointer
[CBI] ->              : -fopenmp
[CBI] ->              : -frerun-loop-opt
[CBI] ->              : -march=native
[CBI] ->              : -std=c++11

[CBI] -> LDFLAGS (Partial) :
[CBI] ->

[CBI] -> INC_PATH (auto detect):

[CBI] -> LIB_PATH (auto detect):

[CBI] -> API_INC :
[CBI] ->              : /opt/api/cbi/tools/bilat_tools_cpp/303_006/INC
[CBI] ->              : /opt/api/cbi/tools/bilat_tools_cpp/303_006/INC/namespace_cpu
[CBI] ->              : /opt/api/cbi/tools/bilat_tools_opencv/303_006/INC
[CBI] ->              : /opt/api/cbi/tools/bilat_tools_opencv/303_006/INC/capture
[CBI] ->              : /opt/api/cbi/tools/bilat_tools_opencv/303_006/INC/capture/video
[CBI] ->              : /opt/api/cbi/tools/bilat_tools_opencv/303_006/INC/capture/webcam
[CBI] ->              : /opt/api/cbi/tools/bilat_tools_opencv/303_006/INC/show
[CBI] ->              : /opt/api/cbi/tools/bilat_tools_opencv/303_006/INC/show/shapeOverlay
[CBI] ->              : /opt/api/cbi/tools/bilat_tools_opencv/303_006/INC/show/shapeOverlay/appearance
[CBI] ->              : /opt/api/cbi/tools/bilat_tools_opencv/303_006/INC/show/shapeOverlay/drawer
[CBI] ->              : /opt/api/cbi/tools/bilat_tools_opencv/303_006/INC/show/shapeOverlay/shape
[CBI] ->              : /opt/api/cbi/tools/bilat_tools_opencv/303_006/INC/show/view
[CBI] ->              : /opt/api/cbi/tools/bilat_tools_opencv/303_006/INC/show/view/viewer
[CBI] ->              : /opt/api/cbi/tools/bilat_tools_opencv/303_006/INC/show/view/viewerMat
[CBI] ->              : /opt/api/cbi/tools/bilat_tools_opencv/303_006/INC/tools
[CBI] ->              : /opt/api/ext/opencv/330/include
[CBI] ->              : /opt/api/ext/opencv/330/include/opencv
[CBI] ->              : /opt/api/ext/opencv/330/include/opencv2
[CBI] ->              : /opt/api/ext/opencv/330/include/opencv2/calib3d
[CBI] ->              : /opt/api/ext/opencv/330/include/opencv2/core
[CBI] ->              : /opt/api/ext/opencv/330/include/opencv2/core/cuda
[CBI] ->              : /opt/api/ext/opencv/330/include/opencv2/core/cuda/detail
[CBI] ->              : /opt/api/ext/opencv/330/include/opencv2/core/hal
[CBI] ->              : /opt/api/ext/opencv/330/include/opencv2/core/utils
[CBI] ->              : /opt/api/ext/opencv/330/include/opencv2/dnn
[CBI] ->              : /opt/api/ext/opencv/330/include/opencv2/features2d
[CBI] ->              : /opt/api/ext/opencv/330/include/opencv2/flann
[CBI] ->              : /opt/api/ext/opencv/330/include/opencv2/highgui
[CBI] ->              : /opt/api/ext/opencv/330/include/opencv2/imgcodecs
[CBI] ->              : /opt/api/ext/opencv/330/include/opencv2/imgproc
[CBI] ->              : /opt/api/ext/opencv/330/include/opencv2/imgproc/detail
[CBI] ->              : /opt/api/ext/opencv/330/include/opencv2/imgproc/hal
[CBI] ->              : /opt/api/ext/opencv/330/include/opencv2/ml
[CBI] ->              : /opt/api/ext/opencv/330/include/opencv2/objdetect
[CBI] ->              : /opt/api/ext/opencv/330/include/opencv2/photo
[CBI] ->              : /opt/api/ext/opencv/330/include/opencv2/shape
[CBI] ->              : /opt/api/ext/opencv/330/include/opencv2/stitching
[CBI] ->              : /opt/api/ext/opencv/330/include/opencv2/stitching/detail
[CBI] ->              : /opt/api/ext/opencv/330/include/opencv2/superres
[CBI] ->              : /opt/api/ext/opencv/330/include/opencv2/video
[CBI] ->              : /opt/api/ext/opencv/330/include/opencv2/videoio
[CBI] ->              : /opt/api/ext/opencv/330/include/opencv2/videostab

[CBI] -> API_BIN :
[CBI] ->              : /opt/api/cbi/tools/bilat_tools_cpp/303_006/BIN/gcc
[CBI] ->              : /opt/api/cbi/tools/bilat_tools_opencv/303_006/BIN/gcc
[CBI] ->              : /opt/api/ext/opencv/330/lib
[CBI] ->              : /opt/api/ext/opencv/330/lib/pkgconfig

[CBI] -> API_LIBRARIES_STATIC :

[CBI] -> API_LIBRARIES :
[CBI] ->              : BilatTools_CPP_303_006_gcc_x86_64
[CBI] ->              : BilatTools_OpenCV_303_006_gcc_x86_64
[CBI] ->              : opencv_calib3d_gcc484
[CBI] ->              : opencv_core_gcc484
[CBI] ->              : opencv_dnn_gcc484
[CBI] ->              : opencv_features2d_gcc484
[CBI] ->              : opencv_flann_gcc484
[CBI] ->              : opencv_highgui_gcc484
[CBI] ->              : opencv_imgcodecs_gcc484
[CBI] ->              : opencv_imgproc_gcc484
[CBI] ->              : opencv_ml_gcc484
[CBI] ->              : opencv_objdetect_gcc484
[CBI] ->              : opencv_photo_gcc484
[CBI] ->              : opencv_shape_gcc484
[CBI] ->              : opencv_stitching_gcc484
[CBI] ->              : opencv_superres_gcc484
[CBI] ->              : opencv_video_gcc484
[CBI] ->              : opencv_videoio_gcc484
[CBI] ->              : opencv_videostab_gcc484


[CBI] -> Compilation parallel (32 threads)

[Tuto_OpenCV_gcc_x86_64] -> g++ compiling .cpp : src/tuto/shapeOverlay/01_tuto_simple.cpp
[Tuto_OpenCV_gcc_x86_64] -> g++ compiling .cpp : src/tuto/shapeOverlay/02_tuto_all_shape.cpp
[Tuto_OpenCV_gcc_x86_64] -> g++ compiling .cpp : src/tuto/shapeOverlay/03_tuto_transparance.cpp
[Tuto_OpenCV_gcc_x86_64] -> g++ compiling .cpp : src/tuto/shapeOverlay/04_tuto_bigline.cpp

[CBI] -> Linking to   : /tmp/ramdrive/bilat/Targets/Tuto_OpenCV/bin/Tuto_OpenCV_gcc_x86_64.run

[CBI] -> Library Link :
[CBI] ->              : -lBilatTools_CPP_303_006_gcc_x86_64
[CBI] ->              : -lBilatTools_OpenCV_303_006_gcc_x86_64
[CBI] ->              : -lgomp
[CBI] ->              : -lopencv_calib3d_gcc484
[CBI] ->              : -lopencv_core_gcc484
[CBI] ->              : -lopencv_dnn_gcc484
[CBI] ->              : -lopencv_features2d_gcc484
[CBI] ->              : -lopencv_flann_gcc484
[CBI] ->              : -lopencv_highgui_gcc484
[CBI] ->              : -lopencv_imgcodecs_gcc484
[CBI] ->              : -lopencv_imgproc_gcc484
[CBI] ->              : -lopencv_ml_gcc484
[CBI] ->              : -lopencv_objdetect_gcc484
[CBI] ->              : -lopencv_photo_gcc484
[CBI] ->              : -lopencv_shape_gcc484
[CBI] ->              : -lopencv_stitching_gcc484
[CBI] ->              : -lopencv_superres_gcc484
[CBI] ->              : -lopencv_video_gcc484
[CBI] ->              : -lopencv_videoio_gcc484
[CBI] ->              : -lopencv_videostab_gcc484

==================================================================================
[CBI] -> Target Name  : Tuto_OpenCV_gcc_x86_64
[CBI] -> Location     : /tmp/ramdrive/bilat/Targets/Tuto_OpenCV/bin/Tuto_OpenCV_gcc_x86_64.run
[CBI] -> Deploy 	  : ../RELEASE/bin
[CBI] ->
[CBI] -> Type	 	  : EXE
[CBI] -> Arch	 	  : x86_64
[CBI] -> OS	 		  : Linux
[CBI] -> User	 	  : bilat
[CBI] ->
[CBI] -> Compilateur  : g++
[CBI] -> Task	      : End Compiling-Linking !
[CBI] -> Time		  : 2 (s)
==================================================================================


[CBI] -> Deploying    : ../RELEASE/bin/Tuto_OpenCV_gcc_x86_64.run

[CBI] -> Symlink Project Inc
[CBI] -> To update code completion : ctrl-shift-s   or   gui/index/rebuild

[CBI] -> Tuto_OpenCV_gcc_x86_64 : End ALL!


14:55:28 Build Finished (took 2s.728ms)

